<?xml version="1.0" encoding="UTF-8"?>
<testng-results skipped="75" failed="1" total="95" passed="19">
  <reporter-output>
  </reporter-output>
  <suite name="Suite" duration-ms="1299309" started-at="2018-03-28T14:15:14Z" finished-at="2018-03-28T14:36:54Z">
    <groups>
    </groups>
    <test name="testng3" duration-ms="1299309" started-at="2018-03-28T14:15:14Z" finished-at="2018-03-28T14:36:54Z">
      <class name="executions.Schedule_mtng_TS_95">
        <test-method status="PASS" signature="beforeMethod()[pri:0, instance:executions.Schedule_mtng_TS_95@77f03bb1]" name="beforeMethod" is-config="true" duration-ms="20620" started-at="2018-03-28T19:45:14Z" finished-at="2018-03-28T19:45:35Z">
          <reporter-output>
          </reporter-output>
        </test-method> <!-- beforeMethod -->
        <test-method status="PASS" signature="CRe4_162_164()[pri:0, instance:executions.Schedule_mtng_TS_95@77f03bb1]" name="CRe4_162_164" duration-ms="29297" started-at="2018-03-28T19:45:35Z" finished-at="2018-03-28T19:46:04Z">
          <reporter-output>
          </reporter-output>
        </test-method> <!-- CRe4_162_164 -->
        <test-method status="PASS" signature="tearDown()[pri:0, instance:executions.Schedule_mtng_TS_95@77f03bb1]" name="tearDown" is-config="true" duration-ms="49" started-at="2018-03-28T19:46:04Z" finished-at="2018-03-28T19:46:04Z">
          <reporter-output>
          </reporter-output>
        </test-method> <!-- tearDown -->
        <test-method status="PASS" signature="beforeMethod()[pri:0, instance:executions.Schedule_mtng_TS_95@77f03bb1]" name="beforeMethod" is-config="true" duration-ms="18250" started-at="2018-03-28T19:46:04Z" finished-at="2018-03-28T19:46:23Z">
          <reporter-output>
          </reporter-output>
        </test-method> <!-- beforeMethod -->
        <test-method status="PASS" signature="CRe4_165_166_171()[pri:0, instance:executions.Schedule_mtng_TS_95@77f03bb1]" name="CRe4_165_166_171" duration-ms="31693" started-at="2018-03-28T19:46:23Z" finished-at="2018-03-28T19:46:54Z">
          <reporter-output>
          </reporter-output>
        </test-method> <!-- CRe4_165_166_171 -->
        <test-method status="PASS" signature="tearDown()[pri:0, instance:executions.Schedule_mtng_TS_95@77f03bb1]" name="tearDown" is-config="true" duration-ms="16" started-at="2018-03-28T19:46:54Z" finished-at="2018-03-28T19:46:54Z">
          <reporter-output>
          </reporter-output>
        </test-method> <!-- tearDown -->
        <test-method status="PASS" signature="beforeMethod()[pri:0, instance:executions.Schedule_mtng_TS_95@77f03bb1]" name="beforeMethod" is-config="true" duration-ms="14273" started-at="2018-03-28T19:46:54Z" finished-at="2018-03-28T19:47:09Z">
          <reporter-output>
          </reporter-output>
        </test-method> <!-- beforeMethod -->
        <test-method status="FAIL" signature="CRe4_167_168_169()[pri:0, instance:executions.Schedule_mtng_TS_95@77f03bb1]" name="CRe4_167_168_169" duration-ms="76286" started-at="2018-03-28T19:47:09Z" finished-at="2018-03-28T19:48:25Z">
          <exception class="org.openqa.selenium.TimeoutException">
            <message>
              <![CDATA[Timed out waiting for page load.
Command duration or timeout: 40.03 seconds
Build info: version: '2.53.1', revision: 'a36b8b1', time: '2016-06-30 17:37:03'
System info: host: 'Bablu-PC', ip: '192.168.56.1', os.name: 'Windows 7', os.arch: 'amd64', os.version: '6.1', java.version: '1.8.0_161'
Driver info: org.openqa.selenium.firefox.FirefoxDriver
Capabilities [{applicationCacheEnabled=true, rotatable=false, handlesAlerts=true, databaseEnabled=true, version=47.0.2, platform=WINDOWS, nativeEvents=false, acceptSslCerts=true, webStorageEnabled=true, locationContextEnabled=true, browserName=firefox, takesScreenshot=true, javascriptEnabled=true, cssSelectorsEnabled=true}]
Session ID: 9b0d4304-207b-477e-b36c-8fc31a5845d4]]>
            </message>
            <full-stacktrace>
              <![CDATA[org.openqa.selenium.TimeoutException: Timed out waiting for page load.
Command duration or timeout: 40.03 seconds
Build info: version: '2.53.1', revision: 'a36b8b1', time: '2016-06-30 17:37:03'
System info: host: 'Bablu-PC', ip: '192.168.56.1', os.name: 'Windows 7', os.arch: 'amd64', os.version: '6.1', java.version: '1.8.0_161'
Driver info: org.openqa.selenium.firefox.FirefoxDriver
Capabilities [{applicationCacheEnabled=true, rotatable=false, handlesAlerts=true, databaseEnabled=true, version=47.0.2, platform=WINDOWS, nativeEvents=false, acceptSslCerts=true, webStorageEnabled=true, locationContextEnabled=true, browserName=firefox, takesScreenshot=true, javascriptEnabled=true, cssSelectorsEnabled=true}]
Session ID: 9b0d4304-207b-477e-b36c-8fc31a5845d4
	at sun.reflect.NativeConstructorAccessorImpl.newInstance0(Native Method)
	at sun.reflect.NativeConstructorAccessorImpl.newInstance(Unknown Source)
	at sun.reflect.DelegatingConstructorAccessorImpl.newInstance(Unknown Source)
	at java.lang.reflect.Constructor.newInstance(Unknown Source)
	at org.openqa.selenium.remote.ErrorHandler.createThrowable(ErrorHandler.java:206)
	at org.openqa.selenium.remote.ErrorHandler.throwIfResponseFailed(ErrorHandler.java:158)
	at org.openqa.selenium.remote.RemoteWebDriver.execute(RemoteWebDriver.java:678)
	at org.openqa.selenium.remote.RemoteWebElement.execute(RemoteWebElement.java:327)
	at org.openqa.selenium.remote.RemoteWebElement.click(RemoteWebElement.java:85)
	at Scenario.TS_95.CRe4_167_168_169(TS_95.java:186)
	at executions.Schedule_mtng_TS_95.CRe4_167_168_169(Schedule_mtng_TS_95.java:51)
	at sun.reflect.NativeMethodAccessorImpl.invoke0(Native Method)
	at sun.reflect.NativeMethodAccessorImpl.invoke(Unknown Source)
	at sun.reflect.DelegatingMethodAccessorImpl.invoke(Unknown Source)
	at java.lang.reflect.Method.invoke(Unknown Source)
	at org.testng.internal.MethodInvocationHelper.invokeMethod(MethodInvocationHelper.java:85)
	at org.testng.internal.Invoker.invokeMethod(Invoker.java:639)
	at org.testng.internal.Invoker.invokeTestMethod(Invoker.java:816)
	at org.testng.internal.Invoker.invokeTestMethods(Invoker.java:1124)
	at org.testng.internal.TestMethodWorker.invokeTestMethods(TestMethodWorker.java:125)
	at org.testng.internal.TestMethodWorker.run(TestMethodWorker.java:108)
	at org.testng.TestRunner.privateRun(TestRunner.java:774)
	at org.testng.TestRunner.run(TestRunner.java:624)
	at org.testng.SuiteRunner.runTest(SuiteRunner.java:359)
	at org.testng.SuiteRunner.runSequentially(SuiteRunner.java:354)
	at org.testng.SuiteRunner.privateRun(SuiteRunner.java:312)
	at org.testng.SuiteRunner.run(SuiteRunner.java:261)
	at org.testng.SuiteRunnerWorker.runSuite(SuiteRunnerWorker.java:52)
	at org.testng.SuiteRunnerWorker.run(SuiteRunnerWorker.java:86)
	at org.testng.TestNG.runSuitesSequentially(TestNG.java:1215)
	at org.testng.TestNG.runSuitesLocally(TestNG.java:1140)
	at org.testng.TestNG.run(TestNG.java:1048)
	at org.testng.TestNG.privateMain(TestNG.java:1355)
	at org.testng.TestNG.main(TestNG.java:1324)
Caused by: org.openqa.selenium.TimeoutException: Timed out waiting for page load.
Build info: version: '2.53.1', revision: 'a36b8b1', time: '2016-06-30 17:37:03'
System info: host: 'Bablu-PC', ip: '192.168.56.1', os.name: 'Windows 7', os.arch: 'amd64', os.version: '6.1', java.version: '1.8.0_161'
Driver info: driver.version: unknown
	at <anonymous class>.Utils.installClickListener/e<(file:///C:/Users/bablu.p/AppData/Local/Temp/anonymous7856472920178217357webdriver-profile/extensions/fxdriver@googlecode.com/components/command-processor.js:9372)
	at <anonymous class>.WebLoadingListener/e(file:///C:/Users/bablu.p/AppData/Local/Temp/anonymous7856472920178217357webdriver-profile/extensions/fxdriver@googlecode.com/components/command-processor.js:5142)
	at <anonymous class>.WebLoadingListener/<(file:///C:/Users/bablu.p/AppData/Local/Temp/anonymous7856472920178217357webdriver-profile/extensions/fxdriver@googlecode.com/components/command-processor.js:5150)
	at <anonymous class>.fxdriver.Timer.prototype.setTimeout/<.notify(file:///C:/Users/bablu.p/AppData/Local/Temp/anonymous7856472920178217357webdriver-profile/extensions/fxdriver@googlecode.com/components/command-processor.js:625)
]]>
            </full-stacktrace>
          </exception> <!-- org.openqa.selenium.TimeoutException -->
          <reporter-output>
          </reporter-output>
        </test-method> <!-- CRe4_167_168_169 -->
        <test-method status="PASS" signature="tearDown()[pri:0, instance:executions.Schedule_mtng_TS_95@77f03bb1]" name="tearDown" is-config="true" duration-ms="4049" started-at="2018-03-28T19:48:25Z" finished-at="2018-03-28T19:48:29Z">
          <reporter-output>
          </reporter-output>
        </test-method> <!-- tearDown -->
        <test-method status="PASS" signature="beforeMethod()[pri:0, instance:executions.Schedule_mtng_TS_95@77f03bb1]" name="beforeMethod" is-config="true" duration-ms="23570" started-at="2018-03-28T19:48:29Z" finished-at="2018-03-28T19:48:52Z">
          <reporter-output>
          </reporter-output>
        </test-method> <!-- beforeMethod -->
        <test-method status="PASS" signature="CRe4_170()[pri:0, instance:executions.Schedule_mtng_TS_95@77f03bb1]" name="CRe4_170" duration-ms="24766" started-at="2018-03-28T19:48:52Z" finished-at="2018-03-28T19:49:17Z">
          <reporter-output>
          </reporter-output>
        </test-method> <!-- CRe4_170 -->
        <test-method status="PASS" signature="tearDown()[pri:0, instance:executions.Schedule_mtng_TS_95@77f03bb1]" name="tearDown" is-config="true" duration-ms="33" started-at="2018-03-28T19:49:17Z" finished-at="2018-03-28T19:49:17Z">
          <reporter-output>
          </reporter-output>
        </test-method> <!-- tearDown -->
      </class> <!-- executions.Schedule_mtng_TS_95 -->
      <class name="executions.Upcmngmtng_in_ms_TS_97">
        <test-method status="PASS" signature="beforeMethod()[pri:0, instance:executions.Upcmngmtng_in_ms_TS_97@7a92922]" name="beforeMethod" is-config="true" duration-ms="16345" started-at="2018-03-28T19:58:21Z" finished-at="2018-03-28T19:58:37Z">
          <reporter-output>
          </reporter-output>
        </test-method> <!-- beforeMethod -->
        <test-method status="PASS" signature="CRe4_224_226()[pri:0, instance:executions.Upcmngmtng_in_ms_TS_97@7a92922]" name="CRe4_224_226" duration-ms="18784" started-at="2018-03-28T19:58:37Z" finished-at="2018-03-28T19:58:56Z">
          <reporter-output>
          </reporter-output>
        </test-method> <!-- CRe4_224_226 -->
        <test-method status="PASS" signature="tearDown()[pri:0, instance:executions.Upcmngmtng_in_ms_TS_97@7a92922]" name="tearDown" is-config="true" duration-ms="25" started-at="2018-03-28T19:58:56Z" finished-at="2018-03-28T19:58:56Z">
          <reporter-output>
          </reporter-output>
        </test-method> <!-- tearDown -->
        <test-method status="PASS" signature="beforeMethod()[pri:0, instance:executions.Upcmngmtng_in_ms_TS_97@7a92922]" name="beforeMethod" is-config="true" duration-ms="16166" started-at="2018-03-28T19:58:56Z" finished-at="2018-03-28T19:59:12Z">
          <reporter-output>
          </reporter-output>
        </test-method> <!-- beforeMethod -->
        <test-method status="PASS" signature="CRe4_227()[pri:0, instance:executions.Upcmngmtng_in_ms_TS_97@7a92922]" name="CRe4_227" duration-ms="22039" started-at="2018-03-28T19:59:12Z" finished-at="2018-03-28T19:59:34Z">
          <reporter-output>
          </reporter-output>
        </test-method> <!-- CRe4_227 -->
        <test-method status="PASS" signature="tearDown()[pri:0, instance:executions.Upcmngmtng_in_ms_TS_97@7a92922]" name="tearDown" is-config="true" duration-ms="13" started-at="2018-03-28T19:59:34Z" finished-at="2018-03-28T19:59:34Z">
          <reporter-output>
          </reporter-output>
        </test-method> <!-- tearDown -->
        <test-method status="PASS" signature="beforeMethod()[pri:0, instance:executions.Upcmngmtng_in_ms_TS_97@7a92922]" name="beforeMethod" is-config="true" duration-ms="16054" started-at="2018-03-28T19:59:34Z" finished-at="2018-03-28T19:59:50Z">
          <reporter-output>
          </reporter-output>
        </test-method> <!-- beforeMethod -->
        <test-method status="PASS" signature="CRe4_228()[pri:0, instance:executions.Upcmngmtng_in_ms_TS_97@7a92922]" name="CRe4_228" duration-ms="18375" started-at="2018-03-28T19:59:50Z" finished-at="2018-03-28T20:00:08Z">
          <reporter-output>
          </reporter-output>
        </test-method> <!-- CRe4_228 -->
        <test-method status="PASS" signature="tearDown()[pri:0, instance:executions.Upcmngmtng_in_ms_TS_97@7a92922]" name="tearDown" is-config="true" duration-ms="10" started-at="2018-03-28T20:00:08Z" finished-at="2018-03-28T20:00:08Z">
          <reporter-output>
          </reporter-output>
        </test-method> <!-- tearDown -->
        <test-method status="PASS" signature="beforeMethod()[pri:0, instance:executions.Upcmngmtng_in_ms_TS_97@7a92922]" name="beforeMethod" is-config="true" duration-ms="15780" started-at="2018-03-28T20:00:08Z" finished-at="2018-03-28T20:00:24Z">
          <reporter-output>
          </reporter-output>
        </test-method> <!-- beforeMethod -->
        <test-method status="PASS" signature="CRe4_229()[pri:0, instance:executions.Upcmngmtng_in_ms_TS_97@7a92922]" name="CRe4_229" duration-ms="22135" started-at="2018-03-28T20:00:24Z" finished-at="2018-03-28T20:00:46Z">
          <reporter-output>
          </reporter-output>
        </test-method> <!-- CRe4_229 -->
        <test-method status="PASS" signature="tearDown()[pri:0, instance:executions.Upcmngmtng_in_ms_TS_97@7a92922]" name="tearDown" is-config="true" duration-ms="2748" started-at="2018-03-28T20:00:46Z" finished-at="2018-03-28T20:00:49Z">
          <reporter-output>
          </reporter-output>
        </test-method> <!-- tearDown -->
        <test-method status="PASS" signature="beforeMethod()[pri:0, instance:executions.Upcmngmtng_in_ms_TS_97@7a92922]" name="beforeMethod" is-config="true" duration-ms="24302" started-at="2018-03-28T20:00:49Z" finished-at="2018-03-28T20:01:13Z">
          <reporter-output>
          </reporter-output>
        </test-method> <!-- beforeMethod -->
        <test-method status="PASS" signature="CRe4_237_238_239()[pri:0, instance:executions.Upcmngmtng_in_ms_TS_97@7a92922]" name="CRe4_237_238_239" duration-ms="15675" started-at="2018-03-28T20:01:13Z" finished-at="2018-03-28T20:01:29Z">
          <reporter-output>
          </reporter-output>
        </test-method> <!-- CRe4_237_238_239 -->
        <test-method status="PASS" signature="tearDown()[pri:0, instance:executions.Upcmngmtng_in_ms_TS_97@7a92922]" name="tearDown" is-config="true" duration-ms="1624" started-at="2018-03-28T20:01:29Z" finished-at="2018-03-28T20:01:31Z">
          <reporter-output>
          </reporter-output>
        </test-method> <!-- tearDown -->
      </class> <!-- executions.Upcmngmtng_in_ms_TS_97 -->
      <class name="executions.Upcmngmtng_inMem_TS_104">
        <test-method status="FAIL" signature="beforeMethod()[pri:0, instance:executions.Upcmngmtng_inMem_TS_104@591f989e]" name="beforeMethod" is-config="true" duration-ms="0" started-at="2018-03-28T20:03:50Z" finished-at="2018-03-28T20:03:50Z">
          <exception class="org.openqa.selenium.WebDriverException">
            <message>
              <![CDATA[Failed to connect to binary FirefoxBinary(C:\Program Files (x86)\Mozilla Firefox\firefox.exe) on port 7055; process output follows: 
ocal\Temp\anonymous8725432911872585143webdriver-profile\extensions\webdriver-staging
1522247635191	addons.xpi	DEBUG	Existing add-on fxdriver@googlecode.com in app-profile
1522247635192	addons.xpi	INFO	Mapping activity-stream@mozilla.org to C:\Program Files (x86)\Mozilla Firefox\browser\features\activity-stream@mozilla.org.xpi
1522247635192	addons.xpi	INFO	Mapping aushelper@mozilla.org to C:\Program Files (x86)\Mozilla Firefox\browser\features\aushelper@mozilla.org.xpi
1522247635192	addons.xpi	INFO	Mapping clicktoplay-rollout@mozilla.org to C:\Program Files (x86)\Mozilla Firefox\browser\features\clicktoplay-rollout@mozilla.org.xpi
1522247635192	addons.xpi	INFO	Mapping e10srollout@mozilla.org to C:\Program Files (x86)\Mozilla Firefox\browser\features\e10srollout@mozilla.org.xpi
1522247635192	addons.xpi	INFO	Mapping firefox@getpocket.com to C:\Program Files (x86)\Mozilla Firefox\browser\features\firefox@getpocket.com.xpi
1522247635192	addons.xpi	INFO	Mapping followonsearch@mozilla.com to C:\Program Files (x86)\Mozilla Firefox\browser\features\followonsearch@mozilla.com.xpi
1522247635193	addons.xpi	INFO	Mapping formautofill@mozilla.org to C:\Program Files (x86)\Mozilla Firefox\browser\features\formautofill@mozilla.org.xpi
1522247635193	addons.xpi	INFO	Mapping onboarding@mozilla.org to C:\Program Files (x86)\Mozilla Firefox\browser\features\onboarding@mozilla.org.xpi
1522247635193	addons.xpi	INFO	Mapping screenshots@mozilla.org to C:\Program Files (x86)\Mozilla Firefox\browser\features\screenshots@mozilla.org.xpi
1522247635193	addons.xpi	INFO	Mapping shield-recipe-client@mozilla.org to C:\Program Files (x86)\Mozilla Firefox\browser\features\shield-recipe-client@mozilla.org.xpi
1522247635193	addons.xpi	INFO	Mapping webcompat@mozilla.org to C:\Program Files (x86)\Mozilla Firefox\browser\features\webcompat@mozilla.org.xpi
1522247635193	addons.xpi	DEBUG	Existing add-on activity-stream@mozilla.org in app-system-defaults
1522247635194	addons.xpi	DEBUG	Existing add-on aushelper@mozilla.org in app-system-defaults
1522247635194	addons.xpi	DEBUG	Existing add-on clicktoplay-rollout@mozilla.org in app-system-defaults
1522247635194	addons.xpi	DEBUG	Existing add-on e10srollout@mozilla.org in app-system-defaults
1522247635194	addons.xpi	DEBUG	Existing add-on firefox@getpocket.com in app-system-defaults
1522247635195	addons.xpi	DEBUG	Existing add-on followonsearch@mozilla.com in app-system-defaults
1522247635195	addons.xpi	DEBUG	Existing add-on formautofill@mozilla.org in app-system-defaults
1522247635195	addons.xpi	DEBUG	Existing add-on onboarding@mozilla.org in app-system-defaults
1522247635195	addons.xpi	DEBUG	Existing add-on screenshots@mozilla.org in app-system-defaults
1522247635196	addons.xpi	DEBUG	Existing add-on shield-recipe-client@mozilla.org in app-system-defaults
1522247635196	addons.xpi	DEBUG	Existing add-on webcompat@mozilla.org in app-system-defaults
1522247635196	addons.xpi	INFO	Mapping {972ce4c6-7e08-4474-a285-3208198ce6fd} to C:\Program Files (x86)\Mozilla Firefox\browser\extensions\{972ce4c6-7e08-4474-a285-3208198ce6fd}.xpi
1522247635197	addons.xpi	DEBUG	Existing add-on {972ce4c6-7e08-4474-a285-3208198ce6fd} in app-global
1522247635197	addons.xpi	DEBUG	getInstallState changed: false, state: {}
1522247635404	addons.productaddons	INFO	sending request to: https://aus5.mozilla.org/update/3/GMP/56.0/20170926190823/WINNT_x86-msvc-x64/en-US/release/Windows_NT%206.1.1.0%20(x64)/default/default/update.xml
1522247636957	addons.productaddons	INFO	Completed downloading document
1522247638194	DeferredSave.webext.sc.lz4	DEBUG	Starting write
1522247638200	DeferredSave.webext.sc.lz4	DEBUG	Write succeeded
1522247638376	addons.productaddons	INFO	downloadXHR File download. status=200
1522247638379	addons.productaddons	INFO	Downloaded file will be saved to C:\Users\bablu.p\AppData\Local\Temp\tmpaddon-4d085b
1522247643316	addons.productaddons	INFO	downloadXHR File download. status=200
1522247643320	addons.productaddons	INFO	Downloaded file will be saved to C:\Users\bablu.p\AppData\Local\Temp\tmpaddon-9a0082

Build info: version: '2.53.1', revision: 'a36b8b1', time: '2016-06-30 17:37:03'
System info: host: 'Bablu-PC', ip: '192.168.56.1', os.name: 'Windows 7', os.arch: 'amd64', os.version: '6.1', java.version: '1.8.0_161'
Driver info: driver.version: FirefoxDriver]]>
            </message>
            <full-stacktrace>
              <![CDATA[org.openqa.selenium.WebDriverException: Failed to connect to binary FirefoxBinary(C:\Program Files (x86)\Mozilla Firefox\firefox.exe) on port 7055; process output follows: 
ocal\Temp\anonymous8725432911872585143webdriver-profile\extensions\webdriver-staging
1522247635191	addons.xpi	DEBUG	Existing add-on fxdriver@googlecode.com in app-profile
1522247635192	addons.xpi	INFO	Mapping activity-stream@mozilla.org to C:\Program Files (x86)\Mozilla Firefox\browser\features\activity-stream@mozilla.org.xpi
1522247635192	addons.xpi	INFO	Mapping aushelper@mozilla.org to C:\Program Files (x86)\Mozilla Firefox\browser\features\aushelper@mozilla.org.xpi
1522247635192	addons.xpi	INFO	Mapping clicktoplay-rollout@mozilla.org to C:\Program Files (x86)\Mozilla Firefox\browser\features\clicktoplay-rollout@mozilla.org.xpi
1522247635192	addons.xpi	INFO	Mapping e10srollout@mozilla.org to C:\Program Files (x86)\Mozilla Firefox\browser\features\e10srollout@mozilla.org.xpi
1522247635192	addons.xpi	INFO	Mapping firefox@getpocket.com to C:\Program Files (x86)\Mozilla Firefox\browser\features\firefox@getpocket.com.xpi
1522247635192	addons.xpi	INFO	Mapping followonsearch@mozilla.com to C:\Program Files (x86)\Mozilla Firefox\browser\features\followonsearch@mozilla.com.xpi
1522247635193	addons.xpi	INFO	Mapping formautofill@mozilla.org to C:\Program Files (x86)\Mozilla Firefox\browser\features\formautofill@mozilla.org.xpi
1522247635193	addons.xpi	INFO	Mapping onboarding@mozilla.org to C:\Program Files (x86)\Mozilla Firefox\browser\features\onboarding@mozilla.org.xpi
1522247635193	addons.xpi	INFO	Mapping screenshots@mozilla.org to C:\Program Files (x86)\Mozilla Firefox\browser\features\screenshots@mozilla.org.xpi
1522247635193	addons.xpi	INFO	Mapping shield-recipe-client@mozilla.org to C:\Program Files (x86)\Mozilla Firefox\browser\features\shield-recipe-client@mozilla.org.xpi
1522247635193	addons.xpi	INFO	Mapping webcompat@mozilla.org to C:\Program Files (x86)\Mozilla Firefox\browser\features\webcompat@mozilla.org.xpi
1522247635193	addons.xpi	DEBUG	Existing add-on activity-stream@mozilla.org in app-system-defaults
1522247635194	addons.xpi	DEBUG	Existing add-on aushelper@mozilla.org in app-system-defaults
1522247635194	addons.xpi	DEBUG	Existing add-on clicktoplay-rollout@mozilla.org in app-system-defaults
1522247635194	addons.xpi	DEBUG	Existing add-on e10srollout@mozilla.org in app-system-defaults
1522247635194	addons.xpi	DEBUG	Existing add-on firefox@getpocket.com in app-system-defaults
1522247635195	addons.xpi	DEBUG	Existing add-on followonsearch@mozilla.com in app-system-defaults
1522247635195	addons.xpi	DEBUG	Existing add-on formautofill@mozilla.org in app-system-defaults
1522247635195	addons.xpi	DEBUG	Existing add-on onboarding@mozilla.org in app-system-defaults
1522247635195	addons.xpi	DEBUG	Existing add-on screenshots@mozilla.org in app-system-defaults
1522247635196	addons.xpi	DEBUG	Existing add-on shield-recipe-client@mozilla.org in app-system-defaults
1522247635196	addons.xpi	DEBUG	Existing add-on webcompat@mozilla.org in app-system-defaults
1522247635196	addons.xpi	INFO	Mapping {972ce4c6-7e08-4474-a285-3208198ce6fd} to C:\Program Files (x86)\Mozilla Firefox\browser\extensions\{972ce4c6-7e08-4474-a285-3208198ce6fd}.xpi
1522247635197	addons.xpi	DEBUG	Existing add-on {972ce4c6-7e08-4474-a285-3208198ce6fd} in app-global
1522247635197	addons.xpi	DEBUG	getInstallState changed: false, state: {}
1522247635404	addons.productaddons	INFO	sending request to: https://aus5.mozilla.org/update/3/GMP/56.0/20170926190823/WINNT_x86-msvc-x64/en-US/release/Windows_NT%206.1.1.0%20(x64)/default/default/update.xml
1522247636957	addons.productaddons	INFO	Completed downloading document
1522247638194	DeferredSave.webext.sc.lz4	DEBUG	Starting write
1522247638200	DeferredSave.webext.sc.lz4	DEBUG	Write succeeded
1522247638376	addons.productaddons	INFO	downloadXHR File download. status=200
1522247638379	addons.productaddons	INFO	Downloaded file will be saved to C:\Users\bablu.p\AppData\Local\Temp\tmpaddon-4d085b
1522247643316	addons.productaddons	INFO	downloadXHR File download. status=200
1522247643320	addons.productaddons	INFO	Downloaded file will be saved to C:\Users\bablu.p\AppData\Local\Temp\tmpaddon-9a0082

Build info: version: '2.53.1', revision: 'a36b8b1', time: '2016-06-30 17:37:03'
System info: host: 'Bablu-PC', ip: '192.168.56.1', os.name: 'Windows 7', os.arch: 'amd64', os.version: '6.1', java.version: '1.8.0_161'
Driver info: driver.version: FirefoxDriver
	at org.openqa.selenium.firefox.internal.NewProfileExtensionConnection.start(NewProfileExtensionConnection.java:124)
	at org.openqa.selenium.firefox.FirefoxDriver.startClient(FirefoxDriver.java:271)
	at org.openqa.selenium.remote.RemoteWebDriver.<init>(RemoteWebDriver.java:119)
	at org.openqa.selenium.firefox.FirefoxDriver.<init>(FirefoxDriver.java:218)
	at org.openqa.selenium.firefox.FirefoxDriver.<init>(FirefoxDriver.java:211)
	at org.openqa.selenium.firefox.FirefoxDriver.<init>(FirefoxDriver.java:207)
	at org.openqa.selenium.firefox.FirefoxDriver.<init>(FirefoxDriver.java:120)
	at GlobalMethod.GlobalMethods.LaunchBrowser(GlobalMethods.java:102)
	at executions.Upcmngmtng_inMem_TS_104.beforeMethod(Upcmngmtng_inMem_TS_104.java:25)
	at sun.reflect.NativeMethodAccessorImpl.invoke0(Native Method)
	at sun.reflect.NativeMethodAccessorImpl.invoke(Unknown Source)
	at sun.reflect.DelegatingMethodAccessorImpl.invoke(Unknown Source)
	at java.lang.reflect.Method.invoke(Unknown Source)
	at org.testng.internal.MethodInvocationHelper.invokeMethod(MethodInvocationHelper.java:85)
	at org.testng.internal.Invoker.invokeConfigurationMethod(Invoker.java:510)
	at org.testng.internal.Invoker.invokeConfigurations(Invoker.java:211)
	at org.testng.internal.Invoker.invokeMethod(Invoker.java:585)
	at org.testng.internal.Invoker.invokeTestMethod(Invoker.java:816)
	at org.testng.internal.Invoker.invokeTestMethods(Invoker.java:1124)
	at org.testng.internal.TestMethodWorker.invokeTestMethods(TestMethodWorker.java:125)
	at org.testng.internal.TestMethodWorker.run(TestMethodWorker.java:108)
	at org.testng.TestRunner.privateRun(TestRunner.java:774)
	at org.testng.TestRunner.run(TestRunner.java:624)
	at org.testng.SuiteRunner.runTest(SuiteRunner.java:359)
	at org.testng.SuiteRunner.runSequentially(SuiteRunner.java:354)
	at org.testng.SuiteRunner.privateRun(SuiteRunner.java:312)
	at org.testng.SuiteRunner.run(SuiteRunner.java:261)
	at org.testng.SuiteRunnerWorker.runSuite(SuiteRunnerWorker.java:52)
	at org.testng.SuiteRunnerWorker.run(SuiteRunnerWorker.java:86)
	at org.testng.TestNG.runSuitesSequentially(TestNG.java:1215)
	at org.testng.TestNG.runSuitesLocally(TestNG.java:1140)
	at org.testng.TestNG.run(TestNG.java:1048)
	at org.testng.TestNG.privateMain(TestNG.java:1355)
	at org.testng.TestNG.main(TestNG.java:1324)
Caused by: org.openqa.selenium.firefox.NotConnectedException: Unable to connect to host 127.0.0.1 on port 7055 after 45000 ms. Firefox console output:
ocal\Temp\anonymous8725432911872585143webdriver-profile\extensions\webdriver-staging
1522247635191	addons.xpi	DEBUG	Existing add-on fxdriver@googlecode.com in app-profile
1522247635192	addons.xpi	INFO	Mapping activity-stream@mozilla.org to C:\Program Files (x86)\Mozilla Firefox\browser\features\activity-stream@mozilla.org.xpi
1522247635192	addons.xpi	INFO	Mapping aushelper@mozilla.org to C:\Program Files (x86)\Mozilla Firefox\browser\features\aushelper@mozilla.org.xpi
1522247635192	addons.xpi	INFO	Mapping clicktoplay-rollout@mozilla.org to C:\Program Files (x86)\Mozilla Firefox\browser\features\clicktoplay-rollout@mozilla.org.xpi
1522247635192	addons.xpi	INFO	Mapping e10srollout@mozilla.org to C:\Program Files (x86)\Mozilla Firefox\browser\features\e10srollout@mozilla.org.xpi
1522247635192	addons.xpi	INFO	Mapping firefox@getpocket.com to C:\Program Files (x86)\Mozilla Firefox\browser\features\firefox@getpocket.com.xpi
1522247635192	addons.xpi	INFO	Mapping followonsearch@mozilla.com to C:\Program Files (x86)\Mozilla Firefox\browser\features\followonsearch@mozilla.com.xpi
1522247635193	addons.xpi	INFO	Mapping formautofill@mozilla.org to C:\Program Files (x86)\Mozilla Firefox\browser\features\formautofill@mozilla.org.xpi
1522247635193	addons.xpi	INFO	Mapping onboarding@mozilla.org to C:\Program Files (x86)\Mozilla Firefox\browser\features\onboarding@mozilla.org.xpi
1522247635193	addons.xpi	INFO	Mapping screenshots@mozilla.org to C:\Program Files (x86)\Mozilla Firefox\browser\features\screenshots@mozilla.org.xpi
1522247635193	addons.xpi	INFO	Mapping shield-recipe-client@mozilla.org to C:\Program Files (x86)\Mozilla Firefox\browser\features\shield-recipe-client@mozilla.org.xpi
1522247635193	addons.xpi	INFO	Mapping webcompat@mozilla.org to C:\Program Files (x86)\Mozilla Firefox\browser\features\webcompat@mozilla.org.xpi
1522247635193	addons.xpi	DEBUG	Existing add-on activity-stream@mozilla.org in app-system-defaults
1522247635194	addons.xpi	DEBUG	Existing add-on aushelper@mozilla.org in app-system-defaults
1522247635194	addons.xpi	DEBUG	Existing add-on clicktoplay-rollout@mozilla.org in app-system-defaults
1522247635194	addons.xpi	DEBUG	Existing add-on e10srollout@mozilla.org in app-system-defaults
1522247635194	addons.xpi	DEBUG	Existing add-on firefox@getpocket.com in app-system-defaults
1522247635195	addons.xpi	DEBUG	Existing add-on followonsearch@mozilla.com in app-system-defaults
1522247635195	addons.xpi	DEBUG	Existing add-on formautofill@mozilla.org in app-system-defaults
1522247635195	addons.xpi	DEBUG	Existing add-on onboarding@mozilla.org in app-system-defaults
1522247635195	addons.xpi	DEBUG	Existing add-on screenshots@mozilla.org in app-system-defaults
1522247635196	addons.xpi	DEBUG	Existing add-on shield-recipe-client@mozilla.org in app-system-defaults
1522247635196	addons.xpi	DEBUG	Existing add-on webcompat@mozilla.org in app-system-defaults
1522247635196	addons.xpi	INFO	Mapping {972ce4c6-7e08-4474-a285-3208198ce6fd} to C:\Program Files (x86)\Mozilla Firefox\browser\extensions\{972ce4c6-7e08-4474-a285-3208198ce6fd}.xpi
1522247635197	addons.xpi	DEBUG	Existing add-on {972ce4c6-7e08-4474-a285-3208198ce6fd} in app-global
1522247635197	addons.xpi	DEBUG	getInstallState changed: false, state: {}
1522247635404	addons.productaddons	INFO	sending request to: https://aus5.mozilla.org/update/3/GMP/56.0/20170926190823/WINNT_x86-msvc-x64/en-US/release/Windows_NT%206.1.1.0%20(x64)/default/default/update.xml
1522247636957	addons.productaddons	INFO	Completed downloading document
1522247638194	DeferredSave.webext.sc.lz4	DEBUG	Starting write
1522247638200	DeferredSave.webext.sc.lz4	DEBUG	Write succeeded
1522247638376	addons.productaddons	INFO	downloadXHR File download. status=200
1522247638379	addons.productaddons	INFO	Downloaded file will be saved to C:\Users\bablu.p\AppData\Local\Temp\tmpaddon-4d085b
1522247643316	addons.productaddons	INFO	downloadXHR File download. status=200
1522247643320	addons.productaddons	INFO	Downloaded file will be saved to C:\Users\bablu.p\AppData\Local\Temp\tmpaddon-9a0082

	at org.openqa.selenium.firefox.internal.NewProfileExtensionConnection.start(NewProfileExtensionConnection.java:112)
	... 33 more
]]>
            </full-stacktrace>
          </exception> <!-- org.openqa.selenium.WebDriverException -->
          <reporter-output>
          </reporter-output>
        </test-method> <!-- beforeMethod -->
        <test-method status="SKIP" signature="CRe4_361()[pri:0, instance:executions.Upcmngmtng_inMem_TS_104@591f989e]" name="CRe4_361" duration-ms="0" started-at="2018-03-28T20:04:36Z" finished-at="2018-03-28T20:04:36Z">
          <reporter-output>
          </reporter-output>
        </test-method> <!-- CRe4_361 -->
        <test-method status="SKIP" signature="CRe4_357()[pri:0, instance:executions.Upcmngmtng_inMem_TS_104@591f989e]" name="CRe4_357" duration-ms="0" started-at="2018-03-28T20:04:36Z" finished-at="2018-03-28T20:04:36Z">
          <reporter-output>
          </reporter-output>
        </test-method> <!-- CRe4_357 -->
        <test-method status="SKIP" signature="CRe4_360()[pri:0, instance:executions.Upcmngmtng_inMem_TS_104@591f989e]" name="CRe4_360" duration-ms="0" started-at="2018-03-28T20:04:36Z" finished-at="2018-03-28T20:04:36Z">
          <reporter-output>
          </reporter-output>
        </test-method> <!-- CRe4_360 -->
        <test-method status="SKIP" signature="tearDown()[pri:0, instance:executions.Upcmngmtng_inMem_TS_104@591f989e]" name="tearDown" is-config="true" duration-ms="0" started-at="2018-03-28T20:04:36Z" finished-at="2018-03-28T20:04:36Z">
          <reporter-output>
          </reporter-output>
        </test-method> <!-- tearDown -->
        <test-method status="SKIP" signature="tearDown()[pri:0, instance:executions.Upcmngmtng_inMem_TS_104@591f989e]" name="tearDown" is-config="true" duration-ms="0" started-at="2018-03-28T20:04:36Z" finished-at="2018-03-28T20:04:36Z">
          <reporter-output>
          </reporter-output>
        </test-method> <!-- tearDown -->
        <test-method status="SKIP" signature="tearDown()[pri:0, instance:executions.Upcmngmtng_inMem_TS_104@591f989e]" name="tearDown" is-config="true" duration-ms="0" started-at="2018-03-28T20:04:36Z" finished-at="2018-03-28T20:04:36Z">
          <reporter-output>
          </reporter-output>
        </test-method> <!-- tearDown -->
        <test-method status="SKIP" signature="beforeMethod()[pri:0, instance:executions.Upcmngmtng_inMem_TS_104@591f989e]" name="beforeMethod" is-config="true" duration-ms="0" started-at="2018-03-28T20:04:36Z" finished-at="2018-03-28T20:04:36Z">
          <reporter-output>
          </reporter-output>
        </test-method> <!-- beforeMethod -->
        <test-method status="SKIP" signature="beforeMethod()[pri:0, instance:executions.Upcmngmtng_inMem_TS_104@591f989e]" name="beforeMethod" is-config="true" duration-ms="0" started-at="2018-03-28T20:04:36Z" finished-at="2018-03-28T20:04:36Z">
          <reporter-output>
          </reporter-output>
        </test-method> <!-- beforeMethod -->
        <test-method status="SKIP" signature="beforeMethod()[pri:0, instance:executions.Upcmngmtng_inMem_TS_104@591f989e]" name="beforeMethod" is-config="true" duration-ms="0" started-at="2018-03-28T20:04:36Z" finished-at="2018-03-28T20:04:36Z">
          <reporter-output>
          </reporter-output>
        </test-method> <!-- beforeMethod -->
        <test-method status="SKIP" signature="tearDown()[pri:0, instance:executions.Upcmngmtng_inMem_TS_104@591f989e]" name="tearDown" is-config="true" duration-ms="0" started-at="2018-03-28T20:04:36Z" finished-at="2018-03-28T20:04:36Z">
          <reporter-output>
          </reporter-output>
        </test-method> <!-- tearDown -->
        <test-method status="SKIP" signature="CRe4_355_356()[pri:0, instance:executions.Upcmngmtng_inMem_TS_104@591f989e]" name="CRe4_355_356" duration-ms="0" started-at="2018-03-28T20:04:36Z" finished-at="2018-03-28T20:04:36Z">
          <reporter-output>
          </reporter-output>
        </test-method> <!-- CRe4_355_356 -->
        <test-method status="SKIP" signature="CRe4_367()[pri:0, instance:executions.Upcmngmtng_inMem_TS_104@591f989e]" name="CRe4_367" duration-ms="0" started-at="2018-03-28T20:04:36Z" finished-at="2018-03-28T20:04:36Z">
          <reporter-output>
          </reporter-output>
        </test-method> <!-- CRe4_367 -->
        <test-method status="SKIP" signature="tearDown()[pri:0, instance:executions.Upcmngmtng_inMem_TS_104@591f989e]" name="tearDown" is-config="true" duration-ms="0" started-at="2018-03-28T20:04:36Z" finished-at="2018-03-28T20:04:36Z">
          <reporter-output>
          </reporter-output>
        </test-method> <!-- tearDown -->
        <test-method status="SKIP" signature="CRe4_368()[pri:0, instance:executions.Upcmngmtng_inMem_TS_104@591f989e]" name="CRe4_368" duration-ms="0" started-at="2018-03-28T20:04:36Z" finished-at="2018-03-28T20:04:36Z">
          <reporter-output>
          </reporter-output>
        </test-method> <!-- CRe4_368 -->
        <test-method status="SKIP" signature="tearDown()[pri:0, instance:executions.Upcmngmtng_inMem_TS_104@591f989e]" name="tearDown" is-config="true" duration-ms="0" started-at="2018-03-28T20:04:36Z" finished-at="2018-03-28T20:04:36Z">
          <reporter-output>
          </reporter-output>
        </test-method> <!-- tearDown -->
        <test-method status="SKIP" signature="tearDown()[pri:0, instance:executions.Upcmngmtng_inMem_TS_104@591f989e]" name="tearDown" is-config="true" duration-ms="0" started-at="2018-03-28T20:04:36Z" finished-at="2018-03-28T20:04:36Z">
          <reporter-output>
          </reporter-output>
        </test-method> <!-- tearDown -->
        <test-method status="SKIP" signature="beforeMethod()[pri:0, instance:executions.Upcmngmtng_inMem_TS_104@591f989e]" name="beforeMethod" is-config="true" duration-ms="0" started-at="2018-03-28T20:04:36Z" finished-at="2018-03-28T20:04:36Z">
          <reporter-output>
          </reporter-output>
        </test-method> <!-- beforeMethod -->
        <test-method status="SKIP" signature="tearDown()[pri:0, instance:executions.Upcmngmtng_inMem_TS_104@591f989e]" name="tearDown" is-config="true" duration-ms="0" started-at="2018-03-28T20:04:36Z" finished-at="2018-03-28T20:04:36Z">
          <reporter-output>
          </reporter-output>
        </test-method> <!-- tearDown -->
        <test-method status="SKIP" signature="CRe4_375_376()[pri:0, instance:executions.Upcmngmtng_inMem_TS_104@591f989e]" name="CRe4_375_376" duration-ms="0" started-at="2018-03-28T20:04:36Z" finished-at="2018-03-28T20:04:36Z">
          <reporter-output>
          </reporter-output>
        </test-method> <!-- CRe4_375_376 -->
        <test-method status="SKIP" signature="tearDown()[pri:0, instance:executions.Upcmngmtng_inMem_TS_104@591f989e]" name="tearDown" is-config="true" duration-ms="0" started-at="2018-03-28T20:04:36Z" finished-at="2018-03-28T20:04:36Z">
          <reporter-output>
          </reporter-output>
        </test-method> <!-- tearDown -->
        <test-method status="SKIP" signature="CRe4_362()[pri:0, instance:executions.Upcmngmtng_inMem_TS_104@591f989e]" name="CRe4_362" duration-ms="0" started-at="2018-03-28T20:04:36Z" finished-at="2018-03-28T20:04:36Z">
          <reporter-output>
          </reporter-output>
        </test-method> <!-- CRe4_362 -->
        <test-method status="SKIP" signature="beforeMethod()[pri:0, instance:executions.Upcmngmtng_inMem_TS_104@591f989e]" name="beforeMethod" is-config="true" duration-ms="0" started-at="2018-03-28T20:04:36Z" finished-at="2018-03-28T20:04:36Z">
          <reporter-output>
          </reporter-output>
        </test-method> <!-- beforeMethod -->
        <test-method status="SKIP" signature="beforeMethod()[pri:0, instance:executions.Upcmngmtng_inMem_TS_104@591f989e]" name="beforeMethod" is-config="true" duration-ms="0" started-at="2018-03-28T20:04:36Z" finished-at="2018-03-28T20:04:36Z">
          <reporter-output>
          </reporter-output>
        </test-method> <!-- beforeMethod -->
        <test-method status="SKIP" signature="beforeMethod()[pri:0, instance:executions.Upcmngmtng_inMem_TS_104@591f989e]" name="beforeMethod" is-config="true" duration-ms="0" started-at="2018-03-28T20:04:36Z" finished-at="2018-03-28T20:04:36Z">
          <reporter-output>
          </reporter-output>
        </test-method> <!-- beforeMethod -->
        <test-method status="SKIP" signature="CRe4_369_373()[pri:0, instance:executions.Upcmngmtng_inMem_TS_104@591f989e]" name="CRe4_369_373" duration-ms="0" started-at="2018-03-28T20:04:36Z" finished-at="2018-03-28T20:04:36Z">
          <reporter-output>
          </reporter-output>
        </test-method> <!-- CRe4_369_373 -->
        <test-method status="SKIP" signature="beforeMethod()[pri:0, instance:executions.Upcmngmtng_inMem_TS_104@591f989e]" name="beforeMethod" is-config="true" duration-ms="0" started-at="2018-03-28T20:04:36Z" finished-at="2018-03-28T20:04:36Z">
          <reporter-output>
          </reporter-output>
        </test-method> <!-- beforeMethod -->
      </class> <!-- executions.Upcmngmtng_inMem_TS_104 -->
      <class name="executions.Generate_agenda_TS_96">
        <test-method status="PASS" signature="beforeMethod()[pri:0, instance:executions.Generate_agenda_TS_96@25618e91]" name="beforeMethod" is-config="true" duration-ms="17793" started-at="2018-03-28T19:52:31Z" finished-at="2018-03-28T19:52:49Z">
          <reporter-output>
          </reporter-output>
        </test-method> <!-- beforeMethod -->
        <test-method status="PASS" signature="CRe4_187()[pri:0, instance:executions.Generate_agenda_TS_96@25618e91]" name="CRe4_187" duration-ms="43897" started-at="2018-03-28T19:52:49Z" finished-at="2018-03-28T19:53:32Z">
          <reporter-output>
          </reporter-output>
        </test-method> <!-- CRe4_187 -->
        <test-method status="PASS" signature="tearDown()[pri:0, instance:executions.Generate_agenda_TS_96@25618e91]" name="tearDown" is-config="true" duration-ms="18" started-at="2018-03-28T19:53:32Z" finished-at="2018-03-28T19:53:32Z">
          <reporter-output>
          </reporter-output>
        </test-method> <!-- tearDown -->
        <test-method status="PASS" signature="beforeMethod()[pri:0, instance:executions.Generate_agenda_TS_96@25618e91]" name="beforeMethod" is-config="true" duration-ms="18759" started-at="2018-03-28T19:53:32Z" finished-at="2018-03-28T19:53:51Z">
          <reporter-output>
          </reporter-output>
        </test-method> <!-- beforeMethod -->
        <test-method status="PASS" signature="CRe4_191_192()[pri:1, instance:executions.Generate_agenda_TS_96@25618e91]" name="CRe4_191_192" duration-ms="36930" started-at="2018-03-28T19:53:51Z" finished-at="2018-03-28T19:54:28Z">
          <reporter-output>
          </reporter-output>
        </test-method> <!-- CRe4_191_192 -->
        <test-method status="PASS" signature="tearDown()[pri:0, instance:executions.Generate_agenda_TS_96@25618e91]" name="tearDown" is-config="true" duration-ms="56" started-at="2018-03-28T19:54:28Z" finished-at="2018-03-28T19:54:28Z">
          <reporter-output>
          </reporter-output>
        </test-method> <!-- tearDown -->
        <test-method status="PASS" signature="beforeMethod()[pri:0, instance:executions.Generate_agenda_TS_96@25618e91]" name="beforeMethod" is-config="true" duration-ms="15532" started-at="2018-03-28T19:54:28Z" finished-at="2018-03-28T19:54:44Z">
          <reporter-output>
          </reporter-output>
        </test-method> <!-- beforeMethod -->
        <test-method status="PASS" signature="CRe4_193_194()[pri:2, instance:executions.Generate_agenda_TS_96@25618e91]" name="CRe4_193_194" duration-ms="30860" started-at="2018-03-28T19:54:44Z" finished-at="2018-03-28T19:55:15Z">
          <reporter-output>
          </reporter-output>
        </test-method> <!-- CRe4_193_194 -->
        <test-method status="PASS" signature="tearDown()[pri:0, instance:executions.Generate_agenda_TS_96@25618e91]" name="tearDown" is-config="true" duration-ms="11" started-at="2018-03-28T19:55:15Z" finished-at="2018-03-28T19:55:15Z">
          <reporter-output>
          </reporter-output>
        </test-method> <!-- tearDown -->
        <test-method status="PASS" signature="beforeMethod()[pri:0, instance:executions.Generate_agenda_TS_96@25618e91]" name="beforeMethod" is-config="true" duration-ms="18297" started-at="2018-03-28T19:55:15Z" finished-at="2018-03-28T19:55:33Z">
          <reporter-output>
          </reporter-output>
        </test-method> <!-- beforeMethod -->
        <test-method status="PASS" signature="CRe4_204_209()[pri:3, instance:executions.Generate_agenda_TS_96@25618e91]" name="CRe4_204_209" duration-ms="41217" started-at="2018-03-28T19:55:33Z" finished-at="2018-03-28T19:56:14Z">
          <reporter-output>
          </reporter-output>
        </test-method> <!-- CRe4_204_209 -->
        <test-method status="PASS" signature="tearDown()[pri:0, instance:executions.Generate_agenda_TS_96@25618e91]" name="tearDown" is-config="true" duration-ms="2983" started-at="2018-03-28T19:56:14Z" finished-at="2018-03-28T19:56:17Z">
          <reporter-output>
          </reporter-output>
        </test-method> <!-- tearDown -->
        <test-method status="PASS" signature="beforeMethod()[pri:0, instance:executions.Generate_agenda_TS_96@25618e91]" name="beforeMethod" is-config="true" duration-ms="16686" started-at="2018-03-28T19:56:17Z" finished-at="2018-03-28T19:56:34Z">
          <reporter-output>
          </reporter-output>
        </test-method> <!-- beforeMethod -->
        <test-method status="PASS" signature="CRe4_210_211_212()[pri:4, instance:executions.Generate_agenda_TS_96@25618e91]" name="CRe4_210_211_212" duration-ms="20967" started-at="2018-03-28T19:56:34Z" finished-at="2018-03-28T19:56:55Z">
          <reporter-output>
          </reporter-output>
        </test-method> <!-- CRe4_210_211_212 -->
        <test-method status="PASS" signature="tearDown()[pri:0, instance:executions.Generate_agenda_TS_96@25618e91]" name="tearDown" is-config="true" duration-ms="8" started-at="2018-03-28T19:56:55Z" finished-at="2018-03-28T19:56:55Z">
          <reporter-output>
          </reporter-output>
        </test-method> <!-- tearDown -->
        <test-method status="PASS" signature="beforeMethod()[pri:0, instance:executions.Generate_agenda_TS_96@25618e91]" name="beforeMethod" is-config="true" duration-ms="14475" started-at="2018-03-28T19:56:55Z" finished-at="2018-03-28T19:57:09Z">
          <reporter-output>
          </reporter-output>
        </test-method> <!-- beforeMethod -->
        <test-method status="PASS" signature="CRe4_213()[pri:5, instance:executions.Generate_agenda_TS_96@25618e91]" name="CRe4_213" duration-ms="17234" started-at="2018-03-28T19:57:09Z" finished-at="2018-03-28T19:57:26Z">
          <reporter-output>
          </reporter-output>
        </test-method> <!-- CRe4_213 -->
        <test-method status="PASS" signature="tearDown()[pri:0, instance:executions.Generate_agenda_TS_96@25618e91]" name="tearDown" is-config="true" duration-ms="17" started-at="2018-03-28T19:57:26Z" finished-at="2018-03-28T19:57:26Z">
          <reporter-output>
          </reporter-output>
        </test-method> <!-- tearDown -->
        <test-method status="PASS" signature="beforeMethod()[pri:0, instance:executions.Generate_agenda_TS_96@25618e91]" name="beforeMethod" is-config="true" duration-ms="35368" started-at="2018-03-28T19:57:26Z" finished-at="2018-03-28T19:58:02Z">
          <reporter-output>
          </reporter-output>
        </test-method> <!-- beforeMethod -->
        <test-method status="PASS" signature="CRe4_214()[pri:6, instance:executions.Generate_agenda_TS_96@25618e91]" name="CRe4_214" duration-ms="15714" started-at="2018-03-28T19:58:02Z" finished-at="2018-03-28T19:58:18Z">
          <reporter-output>
          </reporter-output>
        </test-method> <!-- CRe4_214 -->
        <test-method status="PASS" signature="tearDown()[pri:0, instance:executions.Generate_agenda_TS_96@25618e91]" name="tearDown" is-config="true" duration-ms="2981" started-at="2018-03-28T19:58:18Z" finished-at="2018-03-28T19:58:21Z">
          <reporter-output>
          </reporter-output>
        </test-method> <!-- tearDown -->
      </class> <!-- executions.Generate_agenda_TS_96 -->
      <class name="executions.Schedule_meeting_mail_TS_142">
        <test-method status="FAIL" signature="beforeMethod()[pri:0, instance:executions.Schedule_meeting_mail_TS_142@61443d8f]" name="beforeMethod" is-config="true" duration-ms="0" started-at="2018-03-28T20:05:22Z" finished-at="2018-03-28T20:05:22Z">
          <exception class="org.openqa.selenium.WebDriverException">
            <message>
              <![CDATA[Failed to connect to binary FirefoxBinary(C:\Program Files (x86)\Mozilla Firefox\firefox.exe) on port 7055; process output follows: 
ocal\Temp\anonymous8304941821345637920webdriver-profile\extensions\webdriver-staging
1522247726692	addons.xpi	DEBUG	Existing add-on fxdriver@googlecode.com in app-profile
1522247726693	addons.xpi	INFO	Mapping activity-stream@mozilla.org to C:\Program Files (x86)\Mozilla Firefox\browser\features\activity-stream@mozilla.org.xpi
1522247726693	addons.xpi	INFO	Mapping aushelper@mozilla.org to C:\Program Files (x86)\Mozilla Firefox\browser\features\aushelper@mozilla.org.xpi
1522247726693	addons.xpi	INFO	Mapping clicktoplay-rollout@mozilla.org to C:\Program Files (x86)\Mozilla Firefox\browser\features\clicktoplay-rollout@mozilla.org.xpi
1522247726693	addons.xpi	INFO	Mapping e10srollout@mozilla.org to C:\Program Files (x86)\Mozilla Firefox\browser\features\e10srollout@mozilla.org.xpi
1522247726693	addons.xpi	INFO	Mapping firefox@getpocket.com to C:\Program Files (x86)\Mozilla Firefox\browser\features\firefox@getpocket.com.xpi
1522247726693	addons.xpi	INFO	Mapping followonsearch@mozilla.com to C:\Program Files (x86)\Mozilla Firefox\browser\features\followonsearch@mozilla.com.xpi
1522247726693	addons.xpi	INFO	Mapping formautofill@mozilla.org to C:\Program Files (x86)\Mozilla Firefox\browser\features\formautofill@mozilla.org.xpi
1522247726694	addons.xpi	INFO	Mapping onboarding@mozilla.org to C:\Program Files (x86)\Mozilla Firefox\browser\features\onboarding@mozilla.org.xpi
1522247726694	addons.xpi	INFO	Mapping screenshots@mozilla.org to C:\Program Files (x86)\Mozilla Firefox\browser\features\screenshots@mozilla.org.xpi
1522247726694	addons.xpi	INFO	Mapping shield-recipe-client@mozilla.org to C:\Program Files (x86)\Mozilla Firefox\browser\features\shield-recipe-client@mozilla.org.xpi
1522247726694	addons.xpi	INFO	Mapping webcompat@mozilla.org to C:\Program Files (x86)\Mozilla Firefox\browser\features\webcompat@mozilla.org.xpi
1522247726694	addons.xpi	DEBUG	Existing add-on activity-stream@mozilla.org in app-system-defaults
1522247726695	addons.xpi	DEBUG	Existing add-on aushelper@mozilla.org in app-system-defaults
1522247726695	addons.xpi	DEBUG	Existing add-on clicktoplay-rollout@mozilla.org in app-system-defaults
1522247726695	addons.xpi	DEBUG	Existing add-on e10srollout@mozilla.org in app-system-defaults
1522247726695	addons.xpi	DEBUG	Existing add-on firefox@getpocket.com in app-system-defaults
1522247726696	addons.xpi	DEBUG	Existing add-on followonsearch@mozilla.com in app-system-defaults
1522247726696	addons.xpi	DEBUG	Existing add-on formautofill@mozilla.org in app-system-defaults
1522247726696	addons.xpi	DEBUG	Existing add-on onboarding@mozilla.org in app-system-defaults
1522247726696	addons.xpi	DEBUG	Existing add-on screenshots@mozilla.org in app-system-defaults
1522247726697	addons.xpi	DEBUG	Existing add-on shield-recipe-client@mozilla.org in app-system-defaults
1522247726697	addons.xpi	DEBUG	Existing add-on webcompat@mozilla.org in app-system-defaults
1522247726697	addons.xpi	INFO	Mapping {972ce4c6-7e08-4474-a285-3208198ce6fd} to C:\Program Files (x86)\Mozilla Firefox\browser\extensions\{972ce4c6-7e08-4474-a285-3208198ce6fd}.xpi
1522247726698	addons.xpi	DEBUG	Existing add-on {972ce4c6-7e08-4474-a285-3208198ce6fd} in app-global
1522247726698	addons.xpi	DEBUG	getInstallState changed: false, state: {}
1522247726803	addons.productaddons	INFO	sending request to: https://aus5.mozilla.org/update/3/GMP/56.0/20170926190823/WINNT_x86-msvc-x64/en-US/release/Windows_NT%206.1.1.0%20(x64)/default/default/update.xml
1522247728491	addons.productaddons	INFO	Completed downloading document
1522247729564	DeferredSave.webext.sc.lz4	DEBUG	Starting write
1522247729575	DeferredSave.webext.sc.lz4	DEBUG	Write succeeded
1522247730147	addons.productaddons	INFO	downloadXHR File download. status=200
1522247730151	addons.productaddons	INFO	Downloaded file will be saved to C:\Users\bablu.p\AppData\Local\Temp\tmpaddon-3ff769
1522247736206	addons.productaddons	INFO	downloadXHR File download. status=200
1522247736210	addons.productaddons	INFO	Downloaded file will be saved to C:\Users\bablu.p\AppData\Local\Temp\tmpaddon-2309ba

Build info: version: '2.53.1', revision: 'a36b8b1', time: '2016-06-30 17:37:03'
System info: host: 'Bablu-PC', ip: '192.168.56.1', os.name: 'Windows 7', os.arch: 'amd64', os.version: '6.1', java.version: '1.8.0_161'
Driver info: driver.version: FirefoxDriver]]>
            </message>
            <full-stacktrace>
              <![CDATA[org.openqa.selenium.WebDriverException: Failed to connect to binary FirefoxBinary(C:\Program Files (x86)\Mozilla Firefox\firefox.exe) on port 7055; process output follows: 
ocal\Temp\anonymous8304941821345637920webdriver-profile\extensions\webdriver-staging
1522247726692	addons.xpi	DEBUG	Existing add-on fxdriver@googlecode.com in app-profile
1522247726693	addons.xpi	INFO	Mapping activity-stream@mozilla.org to C:\Program Files (x86)\Mozilla Firefox\browser\features\activity-stream@mozilla.org.xpi
1522247726693	addons.xpi	INFO	Mapping aushelper@mozilla.org to C:\Program Files (x86)\Mozilla Firefox\browser\features\aushelper@mozilla.org.xpi
1522247726693	addons.xpi	INFO	Mapping clicktoplay-rollout@mozilla.org to C:\Program Files (x86)\Mozilla Firefox\browser\features\clicktoplay-rollout@mozilla.org.xpi
1522247726693	addons.xpi	INFO	Mapping e10srollout@mozilla.org to C:\Program Files (x86)\Mozilla Firefox\browser\features\e10srollout@mozilla.org.xpi
1522247726693	addons.xpi	INFO	Mapping firefox@getpocket.com to C:\Program Files (x86)\Mozilla Firefox\browser\features\firefox@getpocket.com.xpi
1522247726693	addons.xpi	INFO	Mapping followonsearch@mozilla.com to C:\Program Files (x86)\Mozilla Firefox\browser\features\followonsearch@mozilla.com.xpi
1522247726693	addons.xpi	INFO	Mapping formautofill@mozilla.org to C:\Program Files (x86)\Mozilla Firefox\browser\features\formautofill@mozilla.org.xpi
1522247726694	addons.xpi	INFO	Mapping onboarding@mozilla.org to C:\Program Files (x86)\Mozilla Firefox\browser\features\onboarding@mozilla.org.xpi
1522247726694	addons.xpi	INFO	Mapping screenshots@mozilla.org to C:\Program Files (x86)\Mozilla Firefox\browser\features\screenshots@mozilla.org.xpi
1522247726694	addons.xpi	INFO	Mapping shield-recipe-client@mozilla.org to C:\Program Files (x86)\Mozilla Firefox\browser\features\shield-recipe-client@mozilla.org.xpi
1522247726694	addons.xpi	INFO	Mapping webcompat@mozilla.org to C:\Program Files (x86)\Mozilla Firefox\browser\features\webcompat@mozilla.org.xpi
1522247726694	addons.xpi	DEBUG	Existing add-on activity-stream@mozilla.org in app-system-defaults
1522247726695	addons.xpi	DEBUG	Existing add-on aushelper@mozilla.org in app-system-defaults
1522247726695	addons.xpi	DEBUG	Existing add-on clicktoplay-rollout@mozilla.org in app-system-defaults
1522247726695	addons.xpi	DEBUG	Existing add-on e10srollout@mozilla.org in app-system-defaults
1522247726695	addons.xpi	DEBUG	Existing add-on firefox@getpocket.com in app-system-defaults
1522247726696	addons.xpi	DEBUG	Existing add-on followonsearch@mozilla.com in app-system-defaults
1522247726696	addons.xpi	DEBUG	Existing add-on formautofill@mozilla.org in app-system-defaults
1522247726696	addons.xpi	DEBUG	Existing add-on onboarding@mozilla.org in app-system-defaults
1522247726696	addons.xpi	DEBUG	Existing add-on screenshots@mozilla.org in app-system-defaults
1522247726697	addons.xpi	DEBUG	Existing add-on shield-recipe-client@mozilla.org in app-system-defaults
1522247726697	addons.xpi	DEBUG	Existing add-on webcompat@mozilla.org in app-system-defaults
1522247726697	addons.xpi	INFO	Mapping {972ce4c6-7e08-4474-a285-3208198ce6fd} to C:\Program Files (x86)\Mozilla Firefox\browser\extensions\{972ce4c6-7e08-4474-a285-3208198ce6fd}.xpi
1522247726698	addons.xpi	DEBUG	Existing add-on {972ce4c6-7e08-4474-a285-3208198ce6fd} in app-global
1522247726698	addons.xpi	DEBUG	getInstallState changed: false, state: {}
1522247726803	addons.productaddons	INFO	sending request to: https://aus5.mozilla.org/update/3/GMP/56.0/20170926190823/WINNT_x86-msvc-x64/en-US/release/Windows_NT%206.1.1.0%20(x64)/default/default/update.xml
1522247728491	addons.productaddons	INFO	Completed downloading document
1522247729564	DeferredSave.webext.sc.lz4	DEBUG	Starting write
1522247729575	DeferredSave.webext.sc.lz4	DEBUG	Write succeeded
1522247730147	addons.productaddons	INFO	downloadXHR File download. status=200
1522247730151	addons.productaddons	INFO	Downloaded file will be saved to C:\Users\bablu.p\AppData\Local\Temp\tmpaddon-3ff769
1522247736206	addons.productaddons	INFO	downloadXHR File download. status=200
1522247736210	addons.productaddons	INFO	Downloaded file will be saved to C:\Users\bablu.p\AppData\Local\Temp\tmpaddon-2309ba

Build info: version: '2.53.1', revision: 'a36b8b1', time: '2016-06-30 17:37:03'
System info: host: 'Bablu-PC', ip: '192.168.56.1', os.name: 'Windows 7', os.arch: 'amd64', os.version: '6.1', java.version: '1.8.0_161'
Driver info: driver.version: FirefoxDriver
	at org.openqa.selenium.firefox.internal.NewProfileExtensionConnection.start(NewProfileExtensionConnection.java:124)
	at org.openqa.selenium.firefox.FirefoxDriver.startClient(FirefoxDriver.java:271)
	at org.openqa.selenium.remote.RemoteWebDriver.<init>(RemoteWebDriver.java:119)
	at org.openqa.selenium.firefox.FirefoxDriver.<init>(FirefoxDriver.java:218)
	at org.openqa.selenium.firefox.FirefoxDriver.<init>(FirefoxDriver.java:211)
	at org.openqa.selenium.firefox.FirefoxDriver.<init>(FirefoxDriver.java:207)
	at org.openqa.selenium.firefox.FirefoxDriver.<init>(FirefoxDriver.java:120)
	at GlobalMethod.GlobalMethods.LaunchBrowser(GlobalMethods.java:102)
	at executions.Schedule_meeting_mail_TS_142.beforeMethod(Schedule_meeting_mail_TS_142.java:25)
	at sun.reflect.NativeMethodAccessorImpl.invoke0(Native Method)
	at sun.reflect.NativeMethodAccessorImpl.invoke(Unknown Source)
	at sun.reflect.DelegatingMethodAccessorImpl.invoke(Unknown Source)
	at java.lang.reflect.Method.invoke(Unknown Source)
	at org.testng.internal.MethodInvocationHelper.invokeMethod(MethodInvocationHelper.java:85)
	at org.testng.internal.Invoker.invokeConfigurationMethod(Invoker.java:510)
	at org.testng.internal.Invoker.invokeConfigurations(Invoker.java:211)
	at org.testng.internal.Invoker.invokeMethod(Invoker.java:585)
	at org.testng.internal.Invoker.invokeTestMethod(Invoker.java:816)
	at org.testng.internal.Invoker.invokeTestMethods(Invoker.java:1124)
	at org.testng.internal.TestMethodWorker.invokeTestMethods(TestMethodWorker.java:125)
	at org.testng.internal.TestMethodWorker.run(TestMethodWorker.java:108)
	at org.testng.TestRunner.privateRun(TestRunner.java:774)
	at org.testng.TestRunner.run(TestRunner.java:624)
	at org.testng.SuiteRunner.runTest(SuiteRunner.java:359)
	at org.testng.SuiteRunner.runSequentially(SuiteRunner.java:354)
	at org.testng.SuiteRunner.privateRun(SuiteRunner.java:312)
	at org.testng.SuiteRunner.run(SuiteRunner.java:261)
	at org.testng.SuiteRunnerWorker.runSuite(SuiteRunnerWorker.java:52)
	at org.testng.SuiteRunnerWorker.run(SuiteRunnerWorker.java:86)
	at org.testng.TestNG.runSuitesSequentially(TestNG.java:1215)
	at org.testng.TestNG.runSuitesLocally(TestNG.java:1140)
	at org.testng.TestNG.run(TestNG.java:1048)
	at org.testng.TestNG.privateMain(TestNG.java:1355)
	at org.testng.TestNG.main(TestNG.java:1324)
Caused by: org.openqa.selenium.firefox.NotConnectedException: Unable to connect to host 127.0.0.1 on port 7055 after 45000 ms. Firefox console output:
ocal\Temp\anonymous8304941821345637920webdriver-profile\extensions\webdriver-staging
1522247726692	addons.xpi	DEBUG	Existing add-on fxdriver@googlecode.com in app-profile
1522247726693	addons.xpi	INFO	Mapping activity-stream@mozilla.org to C:\Program Files (x86)\Mozilla Firefox\browser\features\activity-stream@mozilla.org.xpi
1522247726693	addons.xpi	INFO	Mapping aushelper@mozilla.org to C:\Program Files (x86)\Mozilla Firefox\browser\features\aushelper@mozilla.org.xpi
1522247726693	addons.xpi	INFO	Mapping clicktoplay-rollout@mozilla.org to C:\Program Files (x86)\Mozilla Firefox\browser\features\clicktoplay-rollout@mozilla.org.xpi
1522247726693	addons.xpi	INFO	Mapping e10srollout@mozilla.org to C:\Program Files (x86)\Mozilla Firefox\browser\features\e10srollout@mozilla.org.xpi
1522247726693	addons.xpi	INFO	Mapping firefox@getpocket.com to C:\Program Files (x86)\Mozilla Firefox\browser\features\firefox@getpocket.com.xpi
1522247726693	addons.xpi	INFO	Mapping followonsearch@mozilla.com to C:\Program Files (x86)\Mozilla Firefox\browser\features\followonsearch@mozilla.com.xpi
1522247726693	addons.xpi	INFO	Mapping formautofill@mozilla.org to C:\Program Files (x86)\Mozilla Firefox\browser\features\formautofill@mozilla.org.xpi
1522247726694	addons.xpi	INFO	Mapping onboarding@mozilla.org to C:\Program Files (x86)\Mozilla Firefox\browser\features\onboarding@mozilla.org.xpi
1522247726694	addons.xpi	INFO	Mapping screenshots@mozilla.org to C:\Program Files (x86)\Mozilla Firefox\browser\features\screenshots@mozilla.org.xpi
1522247726694	addons.xpi	INFO	Mapping shield-recipe-client@mozilla.org to C:\Program Files (x86)\Mozilla Firefox\browser\features\shield-recipe-client@mozilla.org.xpi
1522247726694	addons.xpi	INFO	Mapping webcompat@mozilla.org to C:\Program Files (x86)\Mozilla Firefox\browser\features\webcompat@mozilla.org.xpi
1522247726694	addons.xpi	DEBUG	Existing add-on activity-stream@mozilla.org in app-system-defaults
1522247726695	addons.xpi	DEBUG	Existing add-on aushelper@mozilla.org in app-system-defaults
1522247726695	addons.xpi	DEBUG	Existing add-on clicktoplay-rollout@mozilla.org in app-system-defaults
1522247726695	addons.xpi	DEBUG	Existing add-on e10srollout@mozilla.org in app-system-defaults
1522247726695	addons.xpi	DEBUG	Existing add-on firefox@getpocket.com in app-system-defaults
1522247726696	addons.xpi	DEBUG	Existing add-on followonsearch@mozilla.com in app-system-defaults
1522247726696	addons.xpi	DEBUG	Existing add-on formautofill@mozilla.org in app-system-defaults
1522247726696	addons.xpi	DEBUG	Existing add-on onboarding@mozilla.org in app-system-defaults
1522247726696	addons.xpi	DEBUG	Existing add-on screenshots@mozilla.org in app-system-defaults
1522247726697	addons.xpi	DEBUG	Existing add-on shield-recipe-client@mozilla.org in app-system-defaults
1522247726697	addons.xpi	DEBUG	Existing add-on webcompat@mozilla.org in app-system-defaults
1522247726697	addons.xpi	INFO	Mapping {972ce4c6-7e08-4474-a285-3208198ce6fd} to C:\Program Files (x86)\Mozilla Firefox\browser\extensions\{972ce4c6-7e08-4474-a285-3208198ce6fd}.xpi
1522247726698	addons.xpi	DEBUG	Existing add-on {972ce4c6-7e08-4474-a285-3208198ce6fd} in app-global
1522247726698	addons.xpi	DEBUG	getInstallState changed: false, state: {}
1522247726803	addons.productaddons	INFO	sending request to: https://aus5.mozilla.org/update/3/GMP/56.0/20170926190823/WINNT_x86-msvc-x64/en-US/release/Windows_NT%206.1.1.0%20(x64)/default/default/update.xml
1522247728491	addons.productaddons	INFO	Completed downloading document
1522247729564	DeferredSave.webext.sc.lz4	DEBUG	Starting write
1522247729575	DeferredSave.webext.sc.lz4	DEBUG	Write succeeded
1522247730147	addons.productaddons	INFO	downloadXHR File download. status=200
1522247730151	addons.productaddons	INFO	Downloaded file will be saved to C:\Users\bablu.p\AppData\Local\Temp\tmpaddon-3ff769
1522247736206	addons.productaddons	INFO	downloadXHR File download. status=200
1522247736210	addons.productaddons	INFO	Downloaded file will be saved to C:\Users\bablu.p\AppData\Local\Temp\tmpaddon-2309ba

	at org.openqa.selenium.firefox.internal.NewProfileExtensionConnection.start(NewProfileExtensionConnection.java:112)
	... 33 more
]]>
            </full-stacktrace>
          </exception> <!-- org.openqa.selenium.WebDriverException -->
          <reporter-output>
          </reporter-output>
        </test-method> <!-- beforeMethod -->
        <test-method status="SKIP" signature="tearDown()[pri:0, instance:executions.Schedule_meeting_mail_TS_142@61443d8f]" name="tearDown" is-config="true" duration-ms="0" started-at="2018-03-28T20:06:08Z" finished-at="2018-03-28T20:06:08Z">
          <reporter-output>
          </reporter-output>
        </test-method> <!-- tearDown -->
        <test-method status="SKIP" signature="CRe4_150_151()[pri:0, instance:executions.Schedule_meeting_mail_TS_142@61443d8f]" name="CRe4_150_151" duration-ms="0" started-at="2018-03-28T20:06:08Z" finished-at="2018-03-28T20:06:08Z">
          <reporter-output>
          </reporter-output>
        </test-method> <!-- CRe4_150_151 -->
      </class> <!-- executions.Schedule_meeting_mail_TS_142 -->
      <class name="executions.Cmpltdmtng_inAdmin_TS_101">
        <test-method status="FAIL" signature="beforeMethod()[pri:0, instance:executions.Cmpltdmtng_inAdmin_TS_101@5474c6c]" name="beforeMethod" is-config="true" duration-ms="0" started-at="2018-03-28T20:02:19Z" finished-at="2018-03-28T20:02:19Z">
          <exception class="java.lang.NoClassDefFoundError">
            <message>
              <![CDATA[com/global/methods/GlobalMethods]]>
            </message>
            <full-stacktrace>
              <![CDATA[java.lang.NoClassDefFoundError: com/global/methods/GlobalMethods
	at executions.Cmpltdmtng_inAdmin_TS_101.beforeMethod(Cmpltdmtng_inAdmin_TS_101.java:26)
	at sun.reflect.NativeMethodAccessorImpl.invoke0(Native Method)
	at sun.reflect.NativeMethodAccessorImpl.invoke(Unknown Source)
	at sun.reflect.DelegatingMethodAccessorImpl.invoke(Unknown Source)
	at java.lang.reflect.Method.invoke(Unknown Source)
	at org.testng.internal.MethodInvocationHelper.invokeMethod(MethodInvocationHelper.java:85)
	at org.testng.internal.Invoker.invokeConfigurationMethod(Invoker.java:510)
	at org.testng.internal.Invoker.invokeConfigurations(Invoker.java:211)
	at org.testng.internal.Invoker.invokeMethod(Invoker.java:585)
	at org.testng.internal.Invoker.invokeTestMethod(Invoker.java:816)
	at org.testng.internal.Invoker.invokeTestMethods(Invoker.java:1124)
	at org.testng.internal.TestMethodWorker.invokeTestMethods(TestMethodWorker.java:125)
	at org.testng.internal.TestMethodWorker.run(TestMethodWorker.java:108)
	at org.testng.TestRunner.privateRun(TestRunner.java:774)
	at org.testng.TestRunner.run(TestRunner.java:624)
	at org.testng.SuiteRunner.runTest(SuiteRunner.java:359)
	at org.testng.SuiteRunner.runSequentially(SuiteRunner.java:354)
	at org.testng.SuiteRunner.privateRun(SuiteRunner.java:312)
	at org.testng.SuiteRunner.run(SuiteRunner.java:261)
	at org.testng.SuiteRunnerWorker.runSuite(SuiteRunnerWorker.java:52)
	at org.testng.SuiteRunnerWorker.run(SuiteRunnerWorker.java:86)
	at org.testng.TestNG.runSuitesSequentially(TestNG.java:1215)
	at org.testng.TestNG.runSuitesLocally(TestNG.java:1140)
	at org.testng.TestNG.run(TestNG.java:1048)
	at org.testng.TestNG.privateMain(TestNG.java:1355)
	at org.testng.TestNG.main(TestNG.java:1324)
Caused by: java.lang.ClassNotFoundException: com.global.methods.GlobalMethods
	at java.net.URLClassLoader.findClass(Unknown Source)
	at java.lang.ClassLoader.loadClass(Unknown Source)
	at sun.misc.Launcher$AppClassLoader.loadClass(Unknown Source)
	at java.lang.ClassLoader.loadClass(Unknown Source)
	... 26 more
]]>
            </full-stacktrace>
          </exception> <!-- java.lang.NoClassDefFoundError -->
          <reporter-output>
          </reporter-output>
        </test-method> <!-- beforeMethod -->
        <test-method status="SKIP" signature="tearDown()[pri:0, instance:executions.Cmpltdmtng_inAdmin_TS_101@5474c6c]" name="tearDown" is-config="true" duration-ms="0" started-at="2018-03-28T20:02:19Z" finished-at="2018-03-28T20:02:19Z">
          <reporter-output>
          </reporter-output>
        </test-method> <!-- tearDown -->
        <test-method status="SKIP" signature="beforeMethod()[pri:0, instance:executions.Cmpltdmtng_inAdmin_TS_101@5474c6c]" name="beforeMethod" is-config="true" duration-ms="0" started-at="2018-03-28T20:02:19Z" finished-at="2018-03-28T20:02:19Z">
          <reporter-output>
          </reporter-output>
        </test-method> <!-- beforeMethod -->
        <test-method status="SKIP" signature="CRe4_304()[pri:0, instance:executions.Cmpltdmtng_inAdmin_TS_101@5474c6c]" name="CRe4_304" duration-ms="0" started-at="2018-03-28T20:02:19Z" finished-at="2018-03-28T20:02:19Z">
          <reporter-output>
          </reporter-output>
        </test-method> <!-- CRe4_304 -->
        <test-method status="SKIP" signature="CRe4_302()[pri:0, instance:executions.Cmpltdmtng_inAdmin_TS_101@5474c6c]" name="CRe4_302" duration-ms="0" started-at="2018-03-28T20:02:19Z" finished-at="2018-03-28T20:02:19Z">
          <reporter-output>
          </reporter-output>
        </test-method> <!-- CRe4_302 -->
        <test-method status="SKIP" signature="tearDown()[pri:0, instance:executions.Cmpltdmtng_inAdmin_TS_101@5474c6c]" name="tearDown" is-config="true" duration-ms="0" started-at="2018-03-28T20:02:19Z" finished-at="2018-03-28T20:02:19Z">
          <reporter-output>
          </reporter-output>
        </test-method> <!-- tearDown -->
        <test-method status="SKIP" signature="tearDown()[pri:0, instance:executions.Cmpltdmtng_inAdmin_TS_101@5474c6c]" name="tearDown" is-config="true" duration-ms="0" started-at="2018-03-28T20:02:19Z" finished-at="2018-03-28T20:02:19Z">
          <reporter-output>
          </reporter-output>
        </test-method> <!-- tearDown -->
        <test-method status="SKIP" signature="tearDown()[pri:0, instance:executions.Cmpltdmtng_inAdmin_TS_101@5474c6c]" name="tearDown" is-config="true" duration-ms="0" started-at="2018-03-28T20:02:19Z" finished-at="2018-03-28T20:02:19Z">
          <reporter-output>
          </reporter-output>
        </test-method> <!-- tearDown -->
        <test-method status="SKIP" signature="CRe4_315()[pri:0, instance:executions.Cmpltdmtng_inAdmin_TS_101@5474c6c]" name="CRe4_315" duration-ms="0" started-at="2018-03-28T20:02:19Z" finished-at="2018-03-28T20:02:19Z">
          <reporter-output>
          </reporter-output>
        </test-method> <!-- CRe4_315 -->
        <test-method status="SKIP" signature="tearDown()[pri:0, instance:executions.Cmpltdmtng_inAdmin_TS_101@5474c6c]" name="tearDown" is-config="true" duration-ms="0" started-at="2018-03-28T20:02:19Z" finished-at="2018-03-28T20:02:19Z">
          <reporter-output>
          </reporter-output>
        </test-method> <!-- tearDown -->
        <test-method status="SKIP" signature="beforeMethod()[pri:0, instance:executions.Cmpltdmtng_inAdmin_TS_101@5474c6c]" name="beforeMethod" is-config="true" duration-ms="0" started-at="2018-03-28T20:02:19Z" finished-at="2018-03-28T20:02:19Z">
          <reporter-output>
          </reporter-output>
        </test-method> <!-- beforeMethod -->
        <test-method status="SKIP" signature="CRe4_311_313()[pri:0, instance:executions.Cmpltdmtng_inAdmin_TS_101@5474c6c]" name="CRe4_311_313" duration-ms="0" started-at="2018-03-28T20:02:19Z" finished-at="2018-03-28T20:02:19Z">
          <reporter-output>
          </reporter-output>
        </test-method> <!-- CRe4_311_313 -->
        <test-method status="SKIP" signature="beforeMethod()[pri:0, instance:executions.Cmpltdmtng_inAdmin_TS_101@5474c6c]" name="beforeMethod" is-config="true" duration-ms="0" started-at="2018-03-28T20:02:19Z" finished-at="2018-03-28T20:02:19Z">
          <reporter-output>
          </reporter-output>
        </test-method> <!-- beforeMethod -->
        <test-method status="SKIP" signature="beforeMethod()[pri:0, instance:executions.Cmpltdmtng_inAdmin_TS_101@5474c6c]" name="beforeMethod" is-config="true" duration-ms="0" started-at="2018-03-28T20:02:19Z" finished-at="2018-03-28T20:02:19Z">
          <reporter-output>
          </reporter-output>
        </test-method> <!-- beforeMethod -->
        <test-method status="SKIP" signature="beforeMethod()[pri:0, instance:executions.Cmpltdmtng_inAdmin_TS_101@5474c6c]" name="beforeMethod" is-config="true" duration-ms="0" started-at="2018-03-28T20:02:19Z" finished-at="2018-03-28T20:02:19Z">
          <reporter-output>
          </reporter-output>
        </test-method> <!-- beforeMethod -->
        <test-method status="SKIP" signature="tearDown()[pri:0, instance:executions.Cmpltdmtng_inAdmin_TS_101@5474c6c]" name="tearDown" is-config="true" duration-ms="0" started-at="2018-03-28T20:02:19Z" finished-at="2018-03-28T20:02:19Z">
          <reporter-output>
          </reporter-output>
        </test-method> <!-- tearDown -->
        <test-method status="SKIP" signature="CRe4_305()[pri:0, instance:executions.Cmpltdmtng_inAdmin_TS_101@5474c6c]" name="CRe4_305" duration-ms="0" started-at="2018-03-28T20:02:19Z" finished-at="2018-03-28T20:02:19Z">
          <reporter-output>
          </reporter-output>
        </test-method> <!-- CRe4_305 -->
        <test-method status="SKIP" signature="beforeMethod()[pri:0, instance:executions.Cmpltdmtng_inAdmin_TS_101@5474c6c]" name="beforeMethod" is-config="true" duration-ms="0" started-at="2018-03-28T20:02:19Z" finished-at="2018-03-28T20:02:19Z">
          <reporter-output>
          </reporter-output>
        </test-method> <!-- beforeMethod -->
        <test-method status="SKIP" signature="tearDown()[pri:0, instance:executions.Cmpltdmtng_inAdmin_TS_101@5474c6c]" name="tearDown" is-config="true" duration-ms="0" started-at="2018-03-28T20:02:19Z" finished-at="2018-03-28T20:02:19Z">
          <reporter-output>
          </reporter-output>
        </test-method> <!-- tearDown -->
        <test-method status="SKIP" signature="CRe4_306()[pri:0, instance:executions.Cmpltdmtng_inAdmin_TS_101@5474c6c]" name="CRe4_306" duration-ms="0" started-at="2018-03-28T20:02:19Z" finished-at="2018-03-28T20:02:19Z">
          <reporter-output>
          </reporter-output>
        </test-method> <!-- CRe4_306 -->
        <test-method status="SKIP" signature="CRe4_307()[pri:0, instance:executions.Cmpltdmtng_inAdmin_TS_101@5474c6c]" name="CRe4_307" duration-ms="0" started-at="2018-03-28T20:02:19Z" finished-at="2018-03-28T20:02:19Z">
          <reporter-output>
          </reporter-output>
        </test-method> <!-- CRe4_307 -->
      </class> <!-- executions.Cmpltdmtng_inAdmin_TS_101 -->
      <class name="executions.Reschedule_mtng_TS_98">
        <test-method status="PASS" signature="beforeMethod()[pri:0, instance:executions.Reschedule_mtng_TS_98@326de728]" name="beforeMethod" is-config="true" duration-ms="18113" started-at="2018-03-28T19:49:17Z" finished-at="2018-03-28T19:49:35Z">
          <reporter-output>
          </reporter-output>
        </test-method> <!-- beforeMethod -->
        <test-method status="PASS" signature="CRe4_241()[pri:0, instance:executions.Reschedule_mtng_TS_98@326de728]" name="CRe4_241" duration-ms="32496" started-at="2018-03-28T19:49:35Z" finished-at="2018-03-28T19:50:08Z">
          <reporter-output>
          </reporter-output>
        </test-method> <!-- CRe4_241 -->
        <test-method status="PASS" signature="tearDown()[pri:0, instance:executions.Reschedule_mtng_TS_98@326de728]" name="tearDown" is-config="true" duration-ms="16" started-at="2018-03-28T19:50:08Z" finished-at="2018-03-28T19:50:08Z">
          <reporter-output>
          </reporter-output>
        </test-method> <!-- tearDown -->
        <test-method status="PASS" signature="beforeMethod()[pri:0, instance:executions.Reschedule_mtng_TS_98@326de728]" name="beforeMethod" is-config="true" duration-ms="14417" started-at="2018-03-28T19:50:08Z" finished-at="2018-03-28T19:50:22Z">
          <reporter-output>
          </reporter-output>
        </test-method> <!-- beforeMethod -->
        <test-method status="PASS" signature="CRe4_242()[pri:0, instance:executions.Reschedule_mtng_TS_98@326de728]" name="CRe4_242" duration-ms="19042" started-at="2018-03-28T19:50:22Z" finished-at="2018-03-28T19:50:41Z">
          <reporter-output>
          </reporter-output>
        </test-method> <!-- CRe4_242 -->
        <test-method status="PASS" signature="tearDown()[pri:0, instance:executions.Reschedule_mtng_TS_98@326de728]" name="tearDown" is-config="true" duration-ms="16" started-at="2018-03-28T19:50:41Z" finished-at="2018-03-28T19:50:41Z">
          <reporter-output>
          </reporter-output>
        </test-method> <!-- tearDown -->
        <test-method status="PASS" signature="beforeMethod()[pri:0, instance:executions.Reschedule_mtng_TS_98@326de728]" name="beforeMethod" is-config="true" duration-ms="16446" started-at="2018-03-28T19:50:41Z" finished-at="2018-03-28T19:50:58Z">
          <reporter-output>
          </reporter-output>
        </test-method> <!-- beforeMethod -->
        <test-method status="PASS" signature="CRe4_243_245()[pri:0, instance:executions.Reschedule_mtng_TS_98@326de728]" name="CRe4_243_245" duration-ms="36193" started-at="2018-03-28T19:50:58Z" finished-at="2018-03-28T19:51:34Z">
          <reporter-output>
          </reporter-output>
        </test-method> <!-- CRe4_243_245 -->
        <test-method status="PASS" signature="tearDown()[pri:0, instance:executions.Reschedule_mtng_TS_98@326de728]" name="tearDown" is-config="true" duration-ms="34" started-at="2018-03-28T19:51:34Z" finished-at="2018-03-28T19:51:34Z">
          <reporter-output>
          </reporter-output>
        </test-method> <!-- tearDown -->
        <test-method status="PASS" signature="beforeMethod()[pri:0, instance:executions.Reschedule_mtng_TS_98@326de728]" name="beforeMethod" is-config="true" duration-ms="16569" started-at="2018-03-28T19:51:34Z" finished-at="2018-03-28T19:51:51Z">
          <reporter-output>
          </reporter-output>
        </test-method> <!-- beforeMethod -->
        <test-method status="PASS" signature="CRe4_244()[pri:0, instance:executions.Reschedule_mtng_TS_98@326de728]" name="CRe4_244" duration-ms="40055" started-at="2018-03-28T19:51:51Z" finished-at="2018-03-28T19:52:31Z">
          <reporter-output>
          </reporter-output>
        </test-method> <!-- CRe4_244 -->
        <test-method status="PASS" signature="tearDown()[pri:0, instance:executions.Reschedule_mtng_TS_98@326de728]" name="tearDown" is-config="true" duration-ms="39" started-at="2018-03-28T19:52:31Z" finished-at="2018-03-28T19:52:31Z">
          <reporter-output>
          </reporter-output>
        </test-method> <!-- tearDown -->
      </class> <!-- executions.Reschedule_mtng_TS_98 -->
      <class name="executions.Cmpltdmtng_inMem_TS_105">
        <test-method status="FAIL" signature="beforeMethod()[pri:0, instance:executions.Cmpltdmtng_inMem_TS_105@66048bfd]" name="beforeMethod" is-config="true" duration-ms="0" started-at="2018-03-28T20:04:36Z" finished-at="2018-03-28T20:04:36Z">
          <exception class="org.openqa.selenium.WebDriverException">
            <message>
              <![CDATA[Failed to connect to binary FirefoxBinary(C:\Program Files (x86)\Mozilla Firefox\firefox.exe) on port 7055; process output follows: 
\Local\Temp\anonymous4287812419637026916webdriver-profile\extensions\fxdriver@googlecode.com
1522247681853	addons.xpi	DEBUG	Ignoring file entry whose name is not a valid add-on ID: C:\Users\bablu.p\AppData\Local\Temp\anonymous4287812419637026916webdriver-profile\extensions\webdriver-staging
1522247681853	addons.xpi	DEBUG	Existing add-on fxdriver@googlecode.com in app-profile
1522247681854	addons.xpi	INFO	Mapping activity-stream@mozilla.org to C:\Program Files (x86)\Mozilla Firefox\browser\features\activity-stream@mozilla.org.xpi
1522247681854	addons.xpi	INFO	Mapping aushelper@mozilla.org to C:\Program Files (x86)\Mozilla Firefox\browser\features\aushelper@mozilla.org.xpi
1522247681854	addons.xpi	INFO	Mapping clicktoplay-rollout@mozilla.org to C:\Program Files (x86)\Mozilla Firefox\browser\features\clicktoplay-rollout@mozilla.org.xpi
1522247681854	addons.xpi	INFO	Mapping e10srollout@mozilla.org to C:\Program Files (x86)\Mozilla Firefox\browser\features\e10srollout@mozilla.org.xpi
1522247681854	addons.xpi	INFO	Mapping firefox@getpocket.com to C:\Program Files (x86)\Mozilla Firefox\browser\features\firefox@getpocket.com.xpi
1522247681854	addons.xpi	INFO	Mapping followonsearch@mozilla.com to C:\Program Files (x86)\Mozilla Firefox\browser\features\followonsearch@mozilla.com.xpi
1522247681855	addons.xpi	INFO	Mapping formautofill@mozilla.org to C:\Program Files (x86)\Mozilla Firefox\browser\features\formautofill@mozilla.org.xpi
1522247681855	addons.xpi	INFO	Mapping onboarding@mozilla.org to C:\Program Files (x86)\Mozilla Firefox\browser\features\onboarding@mozilla.org.xpi
1522247681855	addons.xpi	INFO	Mapping screenshots@mozilla.org to C:\Program Files (x86)\Mozilla Firefox\browser\features\screenshots@mozilla.org.xpi
1522247681855	addons.xpi	INFO	Mapping shield-recipe-client@mozilla.org to C:\Program Files (x86)\Mozilla Firefox\browser\features\shield-recipe-client@mozilla.org.xpi
1522247681855	addons.xpi	INFO	Mapping webcompat@mozilla.org to C:\Program Files (x86)\Mozilla Firefox\browser\features\webcompat@mozilla.org.xpi
1522247681855	addons.xpi	DEBUG	Existing add-on activity-stream@mozilla.org in app-system-defaults
1522247681856	addons.xpi	DEBUG	Existing add-on aushelper@mozilla.org in app-system-defaults
1522247681856	addons.xpi	DEBUG	Existing add-on clicktoplay-rollout@mozilla.org in app-system-defaults
1522247681856	addons.xpi	DEBUG	Existing add-on e10srollout@mozilla.org in app-system-defaults
1522247681856	addons.xpi	DEBUG	Existing add-on firefox@getpocket.com in app-system-defaults
1522247681857	addons.xpi	DEBUG	Existing add-on followonsearch@mozilla.com in app-system-defaults
1522247681857	addons.xpi	DEBUG	Existing add-on formautofill@mozilla.org in app-system-defaults
1522247681857	addons.xpi	DEBUG	Existing add-on onboarding@mozilla.org in app-system-defaults
1522247681857	addons.xpi	DEBUG	Existing add-on screenshots@mozilla.org in app-system-defaults
1522247681858	addons.xpi	DEBUG	Existing add-on shield-recipe-client@mozilla.org in app-system-defaults
1522247681858	addons.xpi	DEBUG	Existing add-on webcompat@mozilla.org in app-system-defaults
1522247681858	addons.xpi	INFO	Mapping {972ce4c6-7e08-4474-a285-3208198ce6fd} to C:\Program Files (x86)\Mozilla Firefox\browser\extensions\{972ce4c6-7e08-4474-a285-3208198ce6fd}.xpi
1522247681859	addons.xpi	DEBUG	Existing add-on {972ce4c6-7e08-4474-a285-3208198ce6fd} in app-global
1522247681859	addons.xpi	DEBUG	getInstallState changed: false, state: {}
1522247682633	addons.productaddons	INFO	Completed downloading document
1522247683756	addons.productaddons	INFO	downloadXHR File download. status=200
1522247683760	addons.productaddons	INFO	Downloaded file will be saved to C:\Users\bablu.p\AppData\Local\Temp\tmpaddon-453d7d
1522247684229	DeferredSave.webext.sc.lz4	DEBUG	Starting write
1522247684260	DeferredSave.webext.sc.lz4	DEBUG	Write succeeded
1522247689908	addons.productaddons	INFO	downloadXHR File download. status=200
1522247689911	addons.productaddons	INFO	Downloaded file will be saved to C:\Users\bablu.p\AppData\Local\Temp\tmpaddon-5e8588

Build info: version: '2.53.1', revision: 'a36b8b1', time: '2016-06-30 17:37:03'
System info: host: 'Bablu-PC', ip: '192.168.56.1', os.name: 'Windows 7', os.arch: 'amd64', os.version: '6.1', java.version: '1.8.0_161'
Driver info: driver.version: FirefoxDriver]]>
            </message>
            <full-stacktrace>
              <![CDATA[org.openqa.selenium.WebDriverException: Failed to connect to binary FirefoxBinary(C:\Program Files (x86)\Mozilla Firefox\firefox.exe) on port 7055; process output follows: 
\Local\Temp\anonymous4287812419637026916webdriver-profile\extensions\fxdriver@googlecode.com
1522247681853	addons.xpi	DEBUG	Ignoring file entry whose name is not a valid add-on ID: C:\Users\bablu.p\AppData\Local\Temp\anonymous4287812419637026916webdriver-profile\extensions\webdriver-staging
1522247681853	addons.xpi	DEBUG	Existing add-on fxdriver@googlecode.com in app-profile
1522247681854	addons.xpi	INFO	Mapping activity-stream@mozilla.org to C:\Program Files (x86)\Mozilla Firefox\browser\features\activity-stream@mozilla.org.xpi
1522247681854	addons.xpi	INFO	Mapping aushelper@mozilla.org to C:\Program Files (x86)\Mozilla Firefox\browser\features\aushelper@mozilla.org.xpi
1522247681854	addons.xpi	INFO	Mapping clicktoplay-rollout@mozilla.org to C:\Program Files (x86)\Mozilla Firefox\browser\features\clicktoplay-rollout@mozilla.org.xpi
1522247681854	addons.xpi	INFO	Mapping e10srollout@mozilla.org to C:\Program Files (x86)\Mozilla Firefox\browser\features\e10srollout@mozilla.org.xpi
1522247681854	addons.xpi	INFO	Mapping firefox@getpocket.com to C:\Program Files (x86)\Mozilla Firefox\browser\features\firefox@getpocket.com.xpi
1522247681854	addons.xpi	INFO	Mapping followonsearch@mozilla.com to C:\Program Files (x86)\Mozilla Firefox\browser\features\followonsearch@mozilla.com.xpi
1522247681855	addons.xpi	INFO	Mapping formautofill@mozilla.org to C:\Program Files (x86)\Mozilla Firefox\browser\features\formautofill@mozilla.org.xpi
1522247681855	addons.xpi	INFO	Mapping onboarding@mozilla.org to C:\Program Files (x86)\Mozilla Firefox\browser\features\onboarding@mozilla.org.xpi
1522247681855	addons.xpi	INFO	Mapping screenshots@mozilla.org to C:\Program Files (x86)\Mozilla Firefox\browser\features\screenshots@mozilla.org.xpi
1522247681855	addons.xpi	INFO	Mapping shield-recipe-client@mozilla.org to C:\Program Files (x86)\Mozilla Firefox\browser\features\shield-recipe-client@mozilla.org.xpi
1522247681855	addons.xpi	INFO	Mapping webcompat@mozilla.org to C:\Program Files (x86)\Mozilla Firefox\browser\features\webcompat@mozilla.org.xpi
1522247681855	addons.xpi	DEBUG	Existing add-on activity-stream@mozilla.org in app-system-defaults
1522247681856	addons.xpi	DEBUG	Existing add-on aushelper@mozilla.org in app-system-defaults
1522247681856	addons.xpi	DEBUG	Existing add-on clicktoplay-rollout@mozilla.org in app-system-defaults
1522247681856	addons.xpi	DEBUG	Existing add-on e10srollout@mozilla.org in app-system-defaults
1522247681856	addons.xpi	DEBUG	Existing add-on firefox@getpocket.com in app-system-defaults
1522247681857	addons.xpi	DEBUG	Existing add-on followonsearch@mozilla.com in app-system-defaults
1522247681857	addons.xpi	DEBUG	Existing add-on formautofill@mozilla.org in app-system-defaults
1522247681857	addons.xpi	DEBUG	Existing add-on onboarding@mozilla.org in app-system-defaults
1522247681857	addons.xpi	DEBUG	Existing add-on screenshots@mozilla.org in app-system-defaults
1522247681858	addons.xpi	DEBUG	Existing add-on shield-recipe-client@mozilla.org in app-system-defaults
1522247681858	addons.xpi	DEBUG	Existing add-on webcompat@mozilla.org in app-system-defaults
1522247681858	addons.xpi	INFO	Mapping {972ce4c6-7e08-4474-a285-3208198ce6fd} to C:\Program Files (x86)\Mozilla Firefox\browser\extensions\{972ce4c6-7e08-4474-a285-3208198ce6fd}.xpi
1522247681859	addons.xpi	DEBUG	Existing add-on {972ce4c6-7e08-4474-a285-3208198ce6fd} in app-global
1522247681859	addons.xpi	DEBUG	getInstallState changed: false, state: {}
1522247682633	addons.productaddons	INFO	Completed downloading document
1522247683756	addons.productaddons	INFO	downloadXHR File download. status=200
1522247683760	addons.productaddons	INFO	Downloaded file will be saved to C:\Users\bablu.p\AppData\Local\Temp\tmpaddon-453d7d
1522247684229	DeferredSave.webext.sc.lz4	DEBUG	Starting write
1522247684260	DeferredSave.webext.sc.lz4	DEBUG	Write succeeded
1522247689908	addons.productaddons	INFO	downloadXHR File download. status=200
1522247689911	addons.productaddons	INFO	Downloaded file will be saved to C:\Users\bablu.p\AppData\Local\Temp\tmpaddon-5e8588

Build info: version: '2.53.1', revision: 'a36b8b1', time: '2016-06-30 17:37:03'
System info: host: 'Bablu-PC', ip: '192.168.56.1', os.name: 'Windows 7', os.arch: 'amd64', os.version: '6.1', java.version: '1.8.0_161'
Driver info: driver.version: FirefoxDriver
	at org.openqa.selenium.firefox.internal.NewProfileExtensionConnection.start(NewProfileExtensionConnection.java:124)
	at org.openqa.selenium.firefox.FirefoxDriver.startClient(FirefoxDriver.java:271)
	at org.openqa.selenium.remote.RemoteWebDriver.<init>(RemoteWebDriver.java:119)
	at org.openqa.selenium.firefox.FirefoxDriver.<init>(FirefoxDriver.java:218)
	at org.openqa.selenium.firefox.FirefoxDriver.<init>(FirefoxDriver.java:211)
	at org.openqa.selenium.firefox.FirefoxDriver.<init>(FirefoxDriver.java:207)
	at org.openqa.selenium.firefox.FirefoxDriver.<init>(FirefoxDriver.java:120)
	at GlobalMethod.GlobalMethods.LaunchBrowser(GlobalMethods.java:102)
	at executions.Cmpltdmtng_inMem_TS_105.beforeMethod(Cmpltdmtng_inMem_TS_105.java:25)
	at sun.reflect.NativeMethodAccessorImpl.invoke0(Native Method)
	at sun.reflect.NativeMethodAccessorImpl.invoke(Unknown Source)
	at sun.reflect.DelegatingMethodAccessorImpl.invoke(Unknown Source)
	at java.lang.reflect.Method.invoke(Unknown Source)
	at org.testng.internal.MethodInvocationHelper.invokeMethod(MethodInvocationHelper.java:85)
	at org.testng.internal.Invoker.invokeConfigurationMethod(Invoker.java:510)
	at org.testng.internal.Invoker.invokeConfigurations(Invoker.java:211)
	at org.testng.internal.Invoker.invokeMethod(Invoker.java:585)
	at org.testng.internal.Invoker.invokeTestMethod(Invoker.java:816)
	at org.testng.internal.Invoker.invokeTestMethods(Invoker.java:1124)
	at org.testng.internal.TestMethodWorker.invokeTestMethods(TestMethodWorker.java:125)
	at org.testng.internal.TestMethodWorker.run(TestMethodWorker.java:108)
	at org.testng.TestRunner.privateRun(TestRunner.java:774)
	at org.testng.TestRunner.run(TestRunner.java:624)
	at org.testng.SuiteRunner.runTest(SuiteRunner.java:359)
	at org.testng.SuiteRunner.runSequentially(SuiteRunner.java:354)
	at org.testng.SuiteRunner.privateRun(SuiteRunner.java:312)
	at org.testng.SuiteRunner.run(SuiteRunner.java:261)
	at org.testng.SuiteRunnerWorker.runSuite(SuiteRunnerWorker.java:52)
	at org.testng.SuiteRunnerWorker.run(SuiteRunnerWorker.java:86)
	at org.testng.TestNG.runSuitesSequentially(TestNG.java:1215)
	at org.testng.TestNG.runSuitesLocally(TestNG.java:1140)
	at org.testng.TestNG.run(TestNG.java:1048)
	at org.testng.TestNG.privateMain(TestNG.java:1355)
	at org.testng.TestNG.main(TestNG.java:1324)
Caused by: org.openqa.selenium.firefox.NotConnectedException: Unable to connect to host 127.0.0.1 on port 7055 after 45000 ms. Firefox console output:
\Local\Temp\anonymous4287812419637026916webdriver-profile\extensions\fxdriver@googlecode.com
1522247681853	addons.xpi	DEBUG	Ignoring file entry whose name is not a valid add-on ID: C:\Users\bablu.p\AppData\Local\Temp\anonymous4287812419637026916webdriver-profile\extensions\webdriver-staging
1522247681853	addons.xpi	DEBUG	Existing add-on fxdriver@googlecode.com in app-profile
1522247681854	addons.xpi	INFO	Mapping activity-stream@mozilla.org to C:\Program Files (x86)\Mozilla Firefox\browser\features\activity-stream@mozilla.org.xpi
1522247681854	addons.xpi	INFO	Mapping aushelper@mozilla.org to C:\Program Files (x86)\Mozilla Firefox\browser\features\aushelper@mozilla.org.xpi
1522247681854	addons.xpi	INFO	Mapping clicktoplay-rollout@mozilla.org to C:\Program Files (x86)\Mozilla Firefox\browser\features\clicktoplay-rollout@mozilla.org.xpi
1522247681854	addons.xpi	INFO	Mapping e10srollout@mozilla.org to C:\Program Files (x86)\Mozilla Firefox\browser\features\e10srollout@mozilla.org.xpi
1522247681854	addons.xpi	INFO	Mapping firefox@getpocket.com to C:\Program Files (x86)\Mozilla Firefox\browser\features\firefox@getpocket.com.xpi
1522247681854	addons.xpi	INFO	Mapping followonsearch@mozilla.com to C:\Program Files (x86)\Mozilla Firefox\browser\features\followonsearch@mozilla.com.xpi
1522247681855	addons.xpi	INFO	Mapping formautofill@mozilla.org to C:\Program Files (x86)\Mozilla Firefox\browser\features\formautofill@mozilla.org.xpi
1522247681855	addons.xpi	INFO	Mapping onboarding@mozilla.org to C:\Program Files (x86)\Mozilla Firefox\browser\features\onboarding@mozilla.org.xpi
1522247681855	addons.xpi	INFO	Mapping screenshots@mozilla.org to C:\Program Files (x86)\Mozilla Firefox\browser\features\screenshots@mozilla.org.xpi
1522247681855	addons.xpi	INFO	Mapping shield-recipe-client@mozilla.org to C:\Program Files (x86)\Mozilla Firefox\browser\features\shield-recipe-client@mozilla.org.xpi
1522247681855	addons.xpi	INFO	Mapping webcompat@mozilla.org to C:\Program Files (x86)\Mozilla Firefox\browser\features\webcompat@mozilla.org.xpi
1522247681855	addons.xpi	DEBUG	Existing add-on activity-stream@mozilla.org in app-system-defaults
1522247681856	addons.xpi	DEBUG	Existing add-on aushelper@mozilla.org in app-system-defaults
1522247681856	addons.xpi	DEBUG	Existing add-on clicktoplay-rollout@mozilla.org in app-system-defaults
1522247681856	addons.xpi	DEBUG	Existing add-on e10srollout@mozilla.org in app-system-defaults
1522247681856	addons.xpi	DEBUG	Existing add-on firefox@getpocket.com in app-system-defaults
1522247681857	addons.xpi	DEBUG	Existing add-on followonsearch@mozilla.com in app-system-defaults
1522247681857	addons.xpi	DEBUG	Existing add-on formautofill@mozilla.org in app-system-defaults
1522247681857	addons.xpi	DEBUG	Existing add-on onboarding@mozilla.org in app-system-defaults
1522247681857	addons.xpi	DEBUG	Existing add-on screenshots@mozilla.org in app-system-defaults
1522247681858	addons.xpi	DEBUG	Existing add-on shield-recipe-client@mozilla.org in app-system-defaults
1522247681858	addons.xpi	DEBUG	Existing add-on webcompat@mozilla.org in app-system-defaults
1522247681858	addons.xpi	INFO	Mapping {972ce4c6-7e08-4474-a285-3208198ce6fd} to C:\Program Files (x86)\Mozilla Firefox\browser\extensions\{972ce4c6-7e08-4474-a285-3208198ce6fd}.xpi
1522247681859	addons.xpi	DEBUG	Existing add-on {972ce4c6-7e08-4474-a285-3208198ce6fd} in app-global
1522247681859	addons.xpi	DEBUG	getInstallState changed: false, state: {}
1522247682633	addons.productaddons	INFO	Completed downloading document
1522247683756	addons.productaddons	INFO	downloadXHR File download. status=200
1522247683760	addons.productaddons	INFO	Downloaded file will be saved to C:\Users\bablu.p\AppData\Local\Temp\tmpaddon-453d7d
1522247684229	DeferredSave.webext.sc.lz4	DEBUG	Starting write
1522247684260	DeferredSave.webext.sc.lz4	DEBUG	Write succeeded
1522247689908	addons.productaddons	INFO	downloadXHR File download. status=200
1522247689911	addons.productaddons	INFO	Downloaded file will be saved to C:\Users\bablu.p\AppData\Local\Temp\tmpaddon-5e8588

	at org.openqa.selenium.firefox.internal.NewProfileExtensionConnection.start(NewProfileExtensionConnection.java:112)
	... 33 more
]]>
            </full-stacktrace>
          </exception> <!-- org.openqa.selenium.WebDriverException -->
          <reporter-output>
          </reporter-output>
        </test-method> <!-- beforeMethod -->
        <test-method status="SKIP" signature="CRe4_378()[pri:0, instance:executions.Cmpltdmtng_inMem_TS_105@66048bfd]" name="CRe4_378" duration-ms="1" started-at="2018-03-28T20:05:22Z" finished-at="2018-03-28T20:05:22Z">
          <reporter-output>
          </reporter-output>
        </test-method> <!-- CRe4_378 -->
        <test-method status="SKIP" signature="beforeMethod()[pri:0, instance:executions.Cmpltdmtng_inMem_TS_105@66048bfd]" name="beforeMethod" is-config="true" duration-ms="0" started-at="2018-03-28T20:05:22Z" finished-at="2018-03-28T20:05:22Z">
          <reporter-output>
          </reporter-output>
        </test-method> <!-- beforeMethod -->
        <test-method status="SKIP" signature="CRe4_380()[pri:0, instance:executions.Cmpltdmtng_inMem_TS_105@66048bfd]" name="CRe4_380" duration-ms="0" started-at="2018-03-28T20:05:22Z" finished-at="2018-03-28T20:05:22Z">
          <reporter-output>
          </reporter-output>
        </test-method> <!-- CRe4_380 -->
        <test-method status="SKIP" signature="CRe4_381()[pri:0, instance:executions.Cmpltdmtng_inMem_TS_105@66048bfd]" name="CRe4_381" duration-ms="0" started-at="2018-03-28T20:05:22Z" finished-at="2018-03-28T20:05:22Z">
          <reporter-output>
          </reporter-output>
        </test-method> <!-- CRe4_381 -->
        <test-method status="SKIP" signature="beforeMethod()[pri:0, instance:executions.Cmpltdmtng_inMem_TS_105@66048bfd]" name="beforeMethod" is-config="true" duration-ms="0" started-at="2018-03-28T20:05:22Z" finished-at="2018-03-28T20:05:22Z">
          <reporter-output>
          </reporter-output>
        </test-method> <!-- beforeMethod -->
        <test-method status="SKIP" signature="tearDown()[pri:0, instance:executions.Cmpltdmtng_inMem_TS_105@66048bfd]" name="tearDown" is-config="true" duration-ms="0" started-at="2018-03-28T20:05:22Z" finished-at="2018-03-28T20:05:22Z">
          <reporter-output>
          </reporter-output>
        </test-method> <!-- tearDown -->
        <test-method status="SKIP" signature="tearDown()[pri:0, instance:executions.Cmpltdmtng_inMem_TS_105@66048bfd]" name="tearDown" is-config="true" duration-ms="0" started-at="2018-03-28T20:05:22Z" finished-at="2018-03-28T20:05:22Z">
          <reporter-output>
          </reporter-output>
        </test-method> <!-- tearDown -->
        <test-method status="SKIP" signature="tearDown()[pri:0, instance:executions.Cmpltdmtng_inMem_TS_105@66048bfd]" name="tearDown" is-config="true" duration-ms="0" started-at="2018-03-28T20:05:22Z" finished-at="2018-03-28T20:05:22Z">
          <reporter-output>
          </reporter-output>
        </test-method> <!-- tearDown -->
        <test-method status="SKIP" signature="beforeMethod()[pri:0, instance:executions.Cmpltdmtng_inMem_TS_105@66048bfd]" name="beforeMethod" is-config="true" duration-ms="0" started-at="2018-03-28T20:05:22Z" finished-at="2018-03-28T20:05:22Z">
          <reporter-output>
          </reporter-output>
        </test-method> <!-- beforeMethod -->
        <test-method status="SKIP" signature="beforeMethod()[pri:0, instance:executions.Cmpltdmtng_inMem_TS_105@66048bfd]" name="beforeMethod" is-config="true" duration-ms="0" started-at="2018-03-28T20:05:22Z" finished-at="2018-03-28T20:05:22Z">
          <reporter-output>
          </reporter-output>
        </test-method> <!-- beforeMethod -->
        <test-method status="SKIP" signature="tearDown()[pri:0, instance:executions.Cmpltdmtng_inMem_TS_105@66048bfd]" name="tearDown" is-config="true" duration-ms="0" started-at="2018-03-28T20:05:22Z" finished-at="2018-03-28T20:05:22Z">
          <reporter-output>
          </reporter-output>
        </test-method> <!-- tearDown -->
        <test-method status="SKIP" signature="CRe4_382()[pri:0, instance:executions.Cmpltdmtng_inMem_TS_105@66048bfd]" name="CRe4_382" duration-ms="0" started-at="2018-03-28T20:05:22Z" finished-at="2018-03-28T20:05:22Z">
          <reporter-output>
          </reporter-output>
        </test-method> <!-- CRe4_382 -->
        <test-method status="SKIP" signature="tearDown()[pri:0, instance:executions.Cmpltdmtng_inMem_TS_105@66048bfd]" name="tearDown" is-config="true" duration-ms="0" started-at="2018-03-28T20:05:22Z" finished-at="2018-03-28T20:05:22Z">
          <reporter-output>
          </reporter-output>
        </test-method> <!-- tearDown -->
        <test-method status="SKIP" signature="CRe4_383()[pri:0, instance:executions.Cmpltdmtng_inMem_TS_105@66048bfd]" name="CRe4_383" duration-ms="0" started-at="2018-03-28T20:05:22Z" finished-at="2018-03-28T20:05:22Z">
          <reporter-output>
          </reporter-output>
        </test-method> <!-- CRe4_383 -->
        <test-method status="SKIP" signature="tearDown()[pri:0, instance:executions.Cmpltdmtng_inMem_TS_105@66048bfd]" name="tearDown" is-config="true" duration-ms="0" started-at="2018-03-28T20:05:22Z" finished-at="2018-03-28T20:05:22Z">
          <reporter-output>
          </reporter-output>
        </test-method> <!-- tearDown -->
        <test-method status="SKIP" signature="CRe4_390()[pri:0, instance:executions.Cmpltdmtng_inMem_TS_105@66048bfd]" name="CRe4_390" duration-ms="0" started-at="2018-03-28T20:05:22Z" finished-at="2018-03-28T20:05:22Z">
          <reporter-output>
          </reporter-output>
        </test-method> <!-- CRe4_390 -->
        <test-method status="SKIP" signature="tearDown()[pri:0, instance:executions.Cmpltdmtng_inMem_TS_105@66048bfd]" name="tearDown" is-config="true" duration-ms="0" started-at="2018-03-28T20:05:22Z" finished-at="2018-03-28T20:05:22Z">
          <reporter-output>
          </reporter-output>
        </test-method> <!-- tearDown -->
        <test-method status="SKIP" signature="CRe4_384()[pri:0, instance:executions.Cmpltdmtng_inMem_TS_105@66048bfd]" name="CRe4_384" duration-ms="0" started-at="2018-03-28T20:05:22Z" finished-at="2018-03-28T20:05:22Z">
          <reporter-output>
          </reporter-output>
        </test-method> <!-- CRe4_384 -->
        <test-method status="SKIP" signature="beforeMethod()[pri:0, instance:executions.Cmpltdmtng_inMem_TS_105@66048bfd]" name="beforeMethod" is-config="true" duration-ms="0" started-at="2018-03-28T20:05:22Z" finished-at="2018-03-28T20:05:22Z">
          <reporter-output>
          </reporter-output>
        </test-method> <!-- beforeMethod -->
        <test-method status="SKIP" signature="beforeMethod()[pri:0, instance:executions.Cmpltdmtng_inMem_TS_105@66048bfd]" name="beforeMethod" is-config="true" duration-ms="0" started-at="2018-03-28T20:05:22Z" finished-at="2018-03-28T20:05:22Z">
          <reporter-output>
          </reporter-output>
        </test-method> <!-- beforeMethod -->
        <test-method status="SKIP" signature="tearDown()[pri:0, instance:executions.Cmpltdmtng_inMem_TS_105@66048bfd]" name="tearDown" is-config="true" duration-ms="0" started-at="2018-03-28T20:05:22Z" finished-at="2018-03-28T20:05:22Z">
          <reporter-output>
          </reporter-output>
        </test-method> <!-- tearDown -->
        <test-method status="SKIP" signature="CRe4_387()[pri:0, instance:executions.Cmpltdmtng_inMem_TS_105@66048bfd]" name="CRe4_387" duration-ms="0" started-at="2018-03-28T20:05:22Z" finished-at="2018-03-28T20:05:22Z">
          <reporter-output>
          </reporter-output>
        </test-method> <!-- CRe4_387 -->
        <test-method status="SKIP" signature="beforeMethod()[pri:0, instance:executions.Cmpltdmtng_inMem_TS_105@66048bfd]" name="beforeMethod" is-config="true" duration-ms="0" started-at="2018-03-28T20:05:22Z" finished-at="2018-03-28T20:05:22Z">
          <reporter-output>
          </reporter-output>
        </test-method> <!-- beforeMethod -->
        <test-method status="SKIP" signature="beforeMethod()[pri:0, instance:executions.Cmpltdmtng_inMem_TS_105@66048bfd]" name="beforeMethod" is-config="true" duration-ms="0" started-at="2018-03-28T20:05:22Z" finished-at="2018-03-28T20:05:22Z">
          <reporter-output>
          </reporter-output>
        </test-method> <!-- beforeMethod -->
        <test-method status="SKIP" signature="tearDown()[pri:0, instance:executions.Cmpltdmtng_inMem_TS_105@66048bfd]" name="tearDown" is-config="true" duration-ms="0" started-at="2018-03-28T20:05:22Z" finished-at="2018-03-28T20:05:22Z">
          <reporter-output>
          </reporter-output>
        </test-method> <!-- tearDown -->
        <test-method status="SKIP" signature="CRe4_391_392()[pri:0, instance:executions.Cmpltdmtng_inMem_TS_105@66048bfd]" name="CRe4_391_392" duration-ms="0" started-at="2018-03-28T20:05:22Z" finished-at="2018-03-28T20:05:22Z">
          <reporter-output>
          </reporter-output>
        </test-method> <!-- CRe4_391_392 -->
      </class> <!-- executions.Cmpltdmtng_inMem_TS_105 -->
      <class name="executions.Cmpletdmtng_inMS_TS_99">
        <test-method status="FAIL" signature="beforeMethod()[pri:0, instance:executions.Cmpletdmtng_inMS_TS_99@71f2a7d5]" name="beforeMethod" is-config="true" duration-ms="0" started-at="2018-03-28T20:01:31Z" finished-at="2018-03-28T20:01:31Z">
          <exception class="org.openqa.selenium.WebDriverException">
            <message>
              <![CDATA[Failed to connect to binary FirefoxBinary(C:\Program Files (x86)\Mozilla Firefox\firefox.exe) on port 7055; process output follows: 

Build info: version: '2.53.1', revision: 'a36b8b1', time: '2016-06-30 17:37:03'
System info: host: 'Bablu-PC', ip: '192.168.56.1', os.name: 'Windows 7', os.arch: 'amd64', os.version: '6.1', java.version: '1.8.0_161'
Driver info: driver.version: FirefoxDriver]]>
            </message>
            <full-stacktrace>
              <![CDATA[org.openqa.selenium.WebDriverException: Failed to connect to binary FirefoxBinary(C:\Program Files (x86)\Mozilla Firefox\firefox.exe) on port 7055; process output follows: 

Build info: version: '2.53.1', revision: 'a36b8b1', time: '2016-06-30 17:37:03'
System info: host: 'Bablu-PC', ip: '192.168.56.1', os.name: 'Windows 7', os.arch: 'amd64', os.version: '6.1', java.version: '1.8.0_161'
Driver info: driver.version: FirefoxDriver
	at org.openqa.selenium.firefox.internal.NewProfileExtensionConnection.start(NewProfileExtensionConnection.java:124)
	at org.openqa.selenium.firefox.FirefoxDriver.startClient(FirefoxDriver.java:271)
	at org.openqa.selenium.remote.RemoteWebDriver.<init>(RemoteWebDriver.java:119)
	at org.openqa.selenium.firefox.FirefoxDriver.<init>(FirefoxDriver.java:218)
	at org.openqa.selenium.firefox.FirefoxDriver.<init>(FirefoxDriver.java:211)
	at org.openqa.selenium.firefox.FirefoxDriver.<init>(FirefoxDriver.java:207)
	at org.openqa.selenium.firefox.FirefoxDriver.<init>(FirefoxDriver.java:120)
	at GlobalMethod.GlobalMethods.LaunchBrowser(GlobalMethods.java:102)
	at executions.Cmpletdmtng_inMS_TS_99.beforeMethod(Cmpletdmtng_inMS_TS_99.java:25)
	at sun.reflect.NativeMethodAccessorImpl.invoke0(Native Method)
	at sun.reflect.NativeMethodAccessorImpl.invoke(Unknown Source)
	at sun.reflect.DelegatingMethodAccessorImpl.invoke(Unknown Source)
	at java.lang.reflect.Method.invoke(Unknown Source)
	at org.testng.internal.MethodInvocationHelper.invokeMethod(MethodInvocationHelper.java:85)
	at org.testng.internal.Invoker.invokeConfigurationMethod(Invoker.java:510)
	at org.testng.internal.Invoker.invokeConfigurations(Invoker.java:211)
	at org.testng.internal.Invoker.invokeMethod(Invoker.java:585)
	at org.testng.internal.Invoker.invokeTestMethod(Invoker.java:816)
	at org.testng.internal.Invoker.invokeTestMethods(Invoker.java:1124)
	at org.testng.internal.TestMethodWorker.invokeTestMethods(TestMethodWorker.java:125)
	at org.testng.internal.TestMethodWorker.run(TestMethodWorker.java:108)
	at org.testng.TestRunner.privateRun(TestRunner.java:774)
	at org.testng.TestRunner.run(TestRunner.java:624)
	at org.testng.SuiteRunner.runTest(SuiteRunner.java:359)
	at org.testng.SuiteRunner.runSequentially(SuiteRunner.java:354)
	at org.testng.SuiteRunner.privateRun(SuiteRunner.java:312)
	at org.testng.SuiteRunner.run(SuiteRunner.java:261)
	at org.testng.SuiteRunnerWorker.runSuite(SuiteRunnerWorker.java:52)
	at org.testng.SuiteRunnerWorker.run(SuiteRunnerWorker.java:86)
	at org.testng.TestNG.runSuitesSequentially(TestNG.java:1215)
	at org.testng.TestNG.runSuitesLocally(TestNG.java:1140)
	at org.testng.TestNG.run(TestNG.java:1048)
	at org.testng.TestNG.privateMain(TestNG.java:1355)
	at org.testng.TestNG.main(TestNG.java:1324)
Caused by: org.openqa.selenium.firefox.NotConnectedException: Unable to connect to host 127.0.0.1 on port 7055 after 45000 ms. Firefox console output:

	at org.openqa.selenium.firefox.internal.NewProfileExtensionConnection.start(NewProfileExtensionConnection.java:112)
	... 33 more
]]>
            </full-stacktrace>
          </exception> <!-- org.openqa.selenium.WebDriverException -->
          <reporter-output>
          </reporter-output>
        </test-method> <!-- beforeMethod -->
        <test-method status="SKIP" signature="CRe4_247()[pri:0, instance:executions.Cmpletdmtng_inMS_TS_99@71f2a7d5]" name="CRe4_247" duration-ms="0" started-at="2018-03-28T20:02:18Z" finished-at="2018-03-28T20:02:18Z">
          <reporter-output>
          </reporter-output>
        </test-method> <!-- CRe4_247 -->
        <test-method status="SKIP" signature="tearDown()[pri:0, instance:executions.Cmpletdmtng_inMS_TS_99@71f2a7d5]" name="tearDown" is-config="true" duration-ms="0" started-at="2018-03-28T20:02:18Z" finished-at="2018-03-28T20:02:18Z">
          <reporter-output>
          </reporter-output>
        </test-method> <!-- tearDown -->
        <test-method status="SKIP" signature="beforeMethod()[pri:0, instance:executions.Cmpletdmtng_inMS_TS_99@71f2a7d5]" name="beforeMethod" is-config="true" duration-ms="0" started-at="2018-03-28T20:02:18Z" finished-at="2018-03-28T20:02:18Z">
          <reporter-output>
          </reporter-output>
        </test-method> <!-- beforeMethod -->
        <test-method status="SKIP" signature="tearDown()[pri:0, instance:executions.Cmpletdmtng_inMS_TS_99@71f2a7d5]" name="tearDown" is-config="true" duration-ms="0" started-at="2018-03-28T20:02:18Z" finished-at="2018-03-28T20:02:18Z">
          <reporter-output>
          </reporter-output>
        </test-method> <!-- tearDown -->
        <test-method status="SKIP" signature="beforeMethod()[pri:0, instance:executions.Cmpletdmtng_inMS_TS_99@71f2a7d5]" name="beforeMethod" is-config="true" duration-ms="0" started-at="2018-03-28T20:02:18Z" finished-at="2018-03-28T20:02:18Z">
          <reporter-output>
          </reporter-output>
        </test-method> <!-- beforeMethod -->
        <test-method status="SKIP" signature="CRe4_249()[pri:0, instance:executions.Cmpletdmtng_inMS_TS_99@71f2a7d5]" name="CRe4_249" duration-ms="0" started-at="2018-03-28T20:02:18Z" finished-at="2018-03-28T20:02:18Z">
          <reporter-output>
          </reporter-output>
        </test-method> <!-- CRe4_249 -->
        <test-method status="SKIP" signature="CRe4_250()[pri:0, instance:executions.Cmpletdmtng_inMS_TS_99@71f2a7d5]" name="CRe4_250" duration-ms="0" started-at="2018-03-28T20:02:18Z" finished-at="2018-03-28T20:02:18Z">
          <reporter-output>
          </reporter-output>
        </test-method> <!-- CRe4_250 -->
        <test-method status="SKIP" signature="CRe4_252()[pri:0, instance:executions.Cmpletdmtng_inMS_TS_99@71f2a7d5]" name="CRe4_252" duration-ms="0" started-at="2018-03-28T20:02:18Z" finished-at="2018-03-28T20:02:18Z">
          <reporter-output>
          </reporter-output>
        </test-method> <!-- CRe4_252 -->
        <test-method status="SKIP" signature="CRe4_253()[pri:0, instance:executions.Cmpletdmtng_inMS_TS_99@71f2a7d5]" name="CRe4_253" duration-ms="0" started-at="2018-03-28T20:02:18Z" finished-at="2018-03-28T20:02:18Z">
          <reporter-output>
          </reporter-output>
        </test-method> <!-- CRe4_253 -->
        <test-method status="SKIP" signature="beforeMethod()[pri:0, instance:executions.Cmpletdmtng_inMS_TS_99@71f2a7d5]" name="beforeMethod" is-config="true" duration-ms="0" started-at="2018-03-28T20:02:18Z" finished-at="2018-03-28T20:02:18Z">
          <reporter-output>
          </reporter-output>
        </test-method> <!-- beforeMethod -->
        <test-method status="SKIP" signature="beforeMethod()[pri:0, instance:executions.Cmpletdmtng_inMS_TS_99@71f2a7d5]" name="beforeMethod" is-config="true" duration-ms="0" started-at="2018-03-28T20:02:18Z" finished-at="2018-03-28T20:02:18Z">
          <reporter-output>
          </reporter-output>
        </test-method> <!-- beforeMethod -->
        <test-method status="SKIP" signature="tearDown()[pri:0, instance:executions.Cmpletdmtng_inMS_TS_99@71f2a7d5]" name="tearDown" is-config="true" duration-ms="0" started-at="2018-03-28T20:02:18Z" finished-at="2018-03-28T20:02:18Z">
          <reporter-output>
          </reporter-output>
        </test-method> <!-- tearDown -->
        <test-method status="SKIP" signature="tearDown()[pri:0, instance:executions.Cmpletdmtng_inMS_TS_99@71f2a7d5]" name="tearDown" is-config="true" duration-ms="0" started-at="2018-03-28T20:02:18Z" finished-at="2018-03-28T20:02:18Z">
          <reporter-output>
          </reporter-output>
        </test-method> <!-- tearDown -->
        <test-method status="SKIP" signature="tearDown()[pri:0, instance:executions.Cmpletdmtng_inMS_TS_99@71f2a7d5]" name="tearDown" is-config="true" duration-ms="0" started-at="2018-03-28T20:02:18Z" finished-at="2018-03-28T20:02:18Z">
          <reporter-output>
          </reporter-output>
        </test-method> <!-- tearDown -->
        <test-method status="SKIP" signature="CRe4_256()[pri:0, instance:executions.Cmpletdmtng_inMS_TS_99@71f2a7d5]" name="CRe4_256" duration-ms="0" started-at="2018-03-28T20:02:18Z" finished-at="2018-03-28T20:02:18Z">
          <reporter-output>
          </reporter-output>
        </test-method> <!-- CRe4_256 -->
        <test-method status="SKIP" signature="beforeMethod()[pri:0, instance:executions.Cmpletdmtng_inMS_TS_99@71f2a7d5]" name="beforeMethod" is-config="true" duration-ms="0" started-at="2018-03-28T20:02:18Z" finished-at="2018-03-28T20:02:18Z">
          <reporter-output>
          </reporter-output>
        </test-method> <!-- beforeMethod -->
        <test-method status="SKIP" signature="tearDown()[pri:0, instance:executions.Cmpletdmtng_inMS_TS_99@71f2a7d5]" name="tearDown" is-config="true" duration-ms="0" started-at="2018-03-28T20:02:18Z" finished-at="2018-03-28T20:02:18Z">
          <reporter-output>
          </reporter-output>
        </test-method> <!-- tearDown -->
        <test-method status="SKIP" signature="CRe4_262()[pri:0, instance:executions.Cmpletdmtng_inMS_TS_99@71f2a7d5]" name="CRe4_262" duration-ms="0" started-at="2018-03-28T20:02:18Z" finished-at="2018-03-28T20:02:18Z">
          <reporter-output>
          </reporter-output>
        </test-method> <!-- CRe4_262 -->
        <test-method status="SKIP" signature="beforeMethod()[pri:0, instance:executions.Cmpletdmtng_inMS_TS_99@71f2a7d5]" name="beforeMethod" is-config="true" duration-ms="0" started-at="2018-03-28T20:02:18Z" finished-at="2018-03-28T20:02:18Z">
          <reporter-output>
          </reporter-output>
        </test-method> <!-- beforeMethod -->
        <test-method status="SKIP" signature="tearDown()[pri:0, instance:executions.Cmpletdmtng_inMS_TS_99@71f2a7d5]" name="tearDown" is-config="true" duration-ms="0" started-at="2018-03-28T20:02:18Z" finished-at="2018-03-28T20:02:18Z">
          <reporter-output>
          </reporter-output>
        </test-method> <!-- tearDown -->
        <test-method status="SKIP" signature="beforeMethod()[pri:0, instance:executions.Cmpletdmtng_inMS_TS_99@71f2a7d5]" name="beforeMethod" is-config="true" duration-ms="0" started-at="2018-03-28T20:02:18Z" finished-at="2018-03-28T20:02:18Z">
          <reporter-output>
          </reporter-output>
        </test-method> <!-- beforeMethod -->
        <test-method status="SKIP" signature="tearDown()[pri:0, instance:executions.Cmpletdmtng_inMS_TS_99@71f2a7d5]" name="tearDown" is-config="true" duration-ms="0" started-at="2018-03-28T20:02:18Z" finished-at="2018-03-28T20:02:18Z">
          <reporter-output>
          </reporter-output>
        </test-method> <!-- tearDown -->
        <test-method status="SKIP" signature="CRe4_259()[pri:0, instance:executions.Cmpletdmtng_inMS_TS_99@71f2a7d5]" name="CRe4_259" duration-ms="0" started-at="2018-03-28T20:02:18Z" finished-at="2018-03-28T20:02:18Z">
          <reporter-output>
          </reporter-output>
        </test-method> <!-- CRe4_259 -->
        <test-method status="SKIP" signature="CRe4_265()[pri:0, instance:executions.Cmpletdmtng_inMS_TS_99@71f2a7d5]" name="CRe4_265" duration-ms="0" started-at="2018-03-28T20:02:18Z" finished-at="2018-03-28T20:02:18Z">
          <reporter-output>
          </reporter-output>
        </test-method> <!-- CRe4_265 -->
        <test-method status="SKIP" signature="tearDown()[pri:0, instance:executions.Cmpletdmtng_inMS_TS_99@71f2a7d5]" name="tearDown" is-config="true" duration-ms="0" started-at="2018-03-28T20:02:18Z" finished-at="2018-03-28T20:02:18Z">
          <reporter-output>
          </reporter-output>
        </test-method> <!-- tearDown -->
        <test-method status="SKIP" signature="CRe4_264()[pri:0, instance:executions.Cmpletdmtng_inMS_TS_99@71f2a7d5]" name="CRe4_264" duration-ms="0" started-at="2018-03-28T20:02:18Z" finished-at="2018-03-28T20:02:18Z">
          <reporter-output>
          </reporter-output>
        </test-method> <!-- CRe4_264 -->
        <test-method status="SKIP" signature="tearDown()[pri:0, instance:executions.Cmpletdmtng_inMS_TS_99@71f2a7d5]" name="tearDown" is-config="true" duration-ms="0" started-at="2018-03-28T20:02:18Z" finished-at="2018-03-28T20:02:18Z">
          <reporter-output>
          </reporter-output>
        </test-method> <!-- tearDown -->
        <test-method status="SKIP" signature="beforeMethod()[pri:0, instance:executions.Cmpletdmtng_inMS_TS_99@71f2a7d5]" name="beforeMethod" is-config="true" duration-ms="0" started-at="2018-03-28T20:02:18Z" finished-at="2018-03-28T20:02:18Z">
          <reporter-output>
          </reporter-output>
        </test-method> <!-- beforeMethod -->
        <test-method status="SKIP" signature="CRe4_263()[pri:0, instance:executions.Cmpletdmtng_inMS_TS_99@71f2a7d5]" name="CRe4_263" duration-ms="0" started-at="2018-03-28T20:02:18Z" finished-at="2018-03-28T20:02:18Z">
          <reporter-output>
          </reporter-output>
        </test-method> <!-- CRe4_263 -->
        <test-method status="SKIP" signature="beforeMethod()[pri:0, instance:executions.Cmpletdmtng_inMS_TS_99@71f2a7d5]" name="beforeMethod" is-config="true" duration-ms="0" started-at="2018-03-28T20:02:18Z" finished-at="2018-03-28T20:02:18Z">
          <reporter-output>
          </reporter-output>
        </test-method> <!-- beforeMethod -->
        <test-method status="SKIP" signature="tearDown()[pri:0, instance:executions.Cmpletdmtng_inMS_TS_99@71f2a7d5]" name="tearDown" is-config="true" duration-ms="0" started-at="2018-03-28T20:02:18Z" finished-at="2018-03-28T20:02:18Z">
          <reporter-output>
          </reporter-output>
        </test-method> <!-- tearDown -->
        <test-method status="SKIP" signature="beforeMethod()[pri:0, instance:executions.Cmpletdmtng_inMS_TS_99@71f2a7d5]" name="beforeMethod" is-config="true" duration-ms="0" started-at="2018-03-28T20:02:18Z" finished-at="2018-03-28T20:02:18Z">
          <reporter-output>
          </reporter-output>
        </test-method> <!-- beforeMethod -->
        <test-method status="SKIP" signature="beforeMethod()[pri:0, instance:executions.Cmpletdmtng_inMS_TS_99@71f2a7d5]" name="beforeMethod" is-config="true" duration-ms="0" started-at="2018-03-28T20:02:18Z" finished-at="2018-03-28T20:02:18Z">
          <reporter-output>
          </reporter-output>
        </test-method> <!-- beforeMethod -->
        <test-method status="SKIP" signature="CRe4_266()[pri:0, instance:executions.Cmpletdmtng_inMS_TS_99@71f2a7d5]" name="CRe4_266" duration-ms="0" started-at="2018-03-28T20:02:18Z" finished-at="2018-03-28T20:02:18Z">
          <reporter-output>
          </reporter-output>
        </test-method> <!-- CRe4_266 -->
        <test-method status="SKIP" signature="tearDown()[pri:0, instance:executions.Cmpletdmtng_inMS_TS_99@71f2a7d5]" name="tearDown" is-config="true" duration-ms="0" started-at="2018-03-28T20:02:18Z" finished-at="2018-03-28T20:02:18Z">
          <reporter-output>
          </reporter-output>
        </test-method> <!-- tearDown -->
        <test-method status="SKIP" signature="tearDown()[pri:0, instance:executions.Cmpletdmtng_inMS_TS_99@71f2a7d5]" name="tearDown" is-config="true" duration-ms="0" started-at="2018-03-28T20:02:18Z" finished-at="2018-03-28T20:02:18Z">
          <reporter-output>
          </reporter-output>
        </test-method> <!-- tearDown -->
        <test-method status="SKIP" signature="CRe4_267()[pri:0, instance:executions.Cmpletdmtng_inMS_TS_99@71f2a7d5]" name="CRe4_267" duration-ms="0" started-at="2018-03-28T20:02:18Z" finished-at="2018-03-28T20:02:18Z">
          <reporter-output>
          </reporter-output>
        </test-method> <!-- CRe4_267 -->
        <test-method status="SKIP" signature="beforeMethod()[pri:0, instance:executions.Cmpletdmtng_inMS_TS_99@71f2a7d5]" name="beforeMethod" is-config="true" duration-ms="0" started-at="2018-03-28T20:02:18Z" finished-at="2018-03-28T20:02:18Z">
          <reporter-output>
          </reporter-output>
        </test-method> <!-- beforeMethod -->
        <test-method status="SKIP" signature="beforeMethod()[pri:0, instance:executions.Cmpletdmtng_inMS_TS_99@71f2a7d5]" name="beforeMethod" is-config="true" duration-ms="0" started-at="2018-03-28T20:02:18Z" finished-at="2018-03-28T20:02:18Z">
          <reporter-output>
          </reporter-output>
        </test-method> <!-- beforeMethod -->
        <test-method status="SKIP" signature="tearDown()[pri:0, instance:executions.Cmpletdmtng_inMS_TS_99@71f2a7d5]" name="tearDown" is-config="true" duration-ms="0" started-at="2018-03-28T20:02:18Z" finished-at="2018-03-28T20:02:18Z">
          <reporter-output>
          </reporter-output>
        </test-method> <!-- tearDown -->
        <test-method status="SKIP" signature="tearDown()[pri:0, instance:executions.Cmpletdmtng_inMS_TS_99@71f2a7d5]" name="tearDown" is-config="true" duration-ms="0" started-at="2018-03-28T20:02:18Z" finished-at="2018-03-28T20:02:18Z">
          <reporter-output>
          </reporter-output>
        </test-method> <!-- tearDown -->
        <test-method status="SKIP" signature="beforeMethod()[pri:0, instance:executions.Cmpletdmtng_inMS_TS_99@71f2a7d5]" name="beforeMethod" is-config="true" duration-ms="0" started-at="2018-03-28T20:02:18Z" finished-at="2018-03-28T20:02:18Z">
          <reporter-output>
          </reporter-output>
        </test-method> <!-- beforeMethod -->
        <test-method status="SKIP" signature="beforeMethod()[pri:0, instance:executions.Cmpletdmtng_inMS_TS_99@71f2a7d5]" name="beforeMethod" is-config="true" duration-ms="0" started-at="2018-03-28T20:02:18Z" finished-at="2018-03-28T20:02:18Z">
          <reporter-output>
          </reporter-output>
        </test-method> <!-- beforeMethod -->
        <test-method status="SKIP" signature="tearDown()[pri:0, instance:executions.Cmpletdmtng_inMS_TS_99@71f2a7d5]" name="tearDown" is-config="true" duration-ms="0" started-at="2018-03-28T20:02:18Z" finished-at="2018-03-28T20:02:18Z">
          <reporter-output>
          </reporter-output>
        </test-method> <!-- tearDown -->
        <test-method status="SKIP" signature="CRe4_269()[pri:0, instance:executions.Cmpletdmtng_inMS_TS_99@71f2a7d5]" name="CRe4_269" duration-ms="0" started-at="2018-03-28T20:02:18Z" finished-at="2018-03-28T20:02:18Z">
          <reporter-output>
          </reporter-output>
        </test-method> <!-- CRe4_269 -->
        <test-method status="SKIP" signature="CRe4_268()[pri:0, instance:executions.Cmpletdmtng_inMS_TS_99@71f2a7d5]" name="CRe4_268" duration-ms="0" started-at="2018-03-28T20:02:18Z" finished-at="2018-03-28T20:02:18Z">
          <reporter-output>
          </reporter-output>
        </test-method> <!-- CRe4_268 -->
        <test-method status="SKIP" signature="CRe4_270()[pri:0, instance:executions.Cmpletdmtng_inMS_TS_99@71f2a7d5]" name="CRe4_270" duration-ms="0" started-at="2018-03-28T20:02:18Z" finished-at="2018-03-28T20:02:18Z">
          <reporter-output>
          </reporter-output>
        </test-method> <!-- CRe4_270 -->
        <test-method status="SKIP" signature="tearDown()[pri:0, instance:executions.Cmpletdmtng_inMS_TS_99@71f2a7d5]" name="tearDown" is-config="true" duration-ms="0" started-at="2018-03-28T20:02:18Z" finished-at="2018-03-28T20:02:18Z">
          <reporter-output>
          </reporter-output>
        </test-method> <!-- tearDown -->
        <test-method status="SKIP" signature="CRe4_271()[pri:0, instance:executions.Cmpletdmtng_inMS_TS_99@71f2a7d5]" name="CRe4_271" duration-ms="0" started-at="2018-03-28T20:02:18Z" finished-at="2018-03-28T20:02:18Z">
          <reporter-output>
          </reporter-output>
        </test-method> <!-- CRe4_271 -->
        <test-method status="SKIP" signature="beforeMethod()[pri:0, instance:executions.Cmpletdmtng_inMS_TS_99@71f2a7d5]" name="beforeMethod" is-config="true" duration-ms="0" started-at="2018-03-28T20:02:18Z" finished-at="2018-03-28T20:02:18Z">
          <reporter-output>
          </reporter-output>
        </test-method> <!-- beforeMethod -->
        <test-method status="SKIP" signature="beforeMethod()[pri:0, instance:executions.Cmpletdmtng_inMS_TS_99@71f2a7d5]" name="beforeMethod" is-config="true" duration-ms="0" started-at="2018-03-28T20:02:18Z" finished-at="2018-03-28T20:02:18Z">
          <reporter-output>
          </reporter-output>
        </test-method> <!-- beforeMethod -->
        <test-method status="SKIP" signature="beforeMethod()[pri:0, instance:executions.Cmpletdmtng_inMS_TS_99@71f2a7d5]" name="beforeMethod" is-config="true" duration-ms="0" started-at="2018-03-28T20:02:18Z" finished-at="2018-03-28T20:02:18Z">
          <reporter-output>
          </reporter-output>
        </test-method> <!-- beforeMethod -->
        <test-method status="SKIP" signature="CRe4_273()[pri:0, instance:executions.Cmpletdmtng_inMS_TS_99@71f2a7d5]" name="CRe4_273" duration-ms="0" started-at="2018-03-28T20:02:18Z" finished-at="2018-03-28T20:02:18Z">
          <reporter-output>
          </reporter-output>
        </test-method> <!-- CRe4_273 -->
        <test-method status="SKIP" signature="CRe4_272()[pri:0, instance:executions.Cmpletdmtng_inMS_TS_99@71f2a7d5]" name="CRe4_272" duration-ms="0" started-at="2018-03-28T20:02:18Z" finished-at="2018-03-28T20:02:18Z">
          <reporter-output>
          </reporter-output>
        </test-method> <!-- CRe4_272 -->
        <test-method status="SKIP" signature="tearDown()[pri:0, instance:executions.Cmpletdmtng_inMS_TS_99@71f2a7d5]" name="tearDown" is-config="true" duration-ms="0" started-at="2018-03-28T20:02:18Z" finished-at="2018-03-28T20:02:18Z">
          <reporter-output>
          </reporter-output>
        </test-method> <!-- tearDown -->
        <test-method status="SKIP" signature="beforeMethod()[pri:0, instance:executions.Cmpletdmtng_inMS_TS_99@71f2a7d5]" name="beforeMethod" is-config="true" duration-ms="0" started-at="2018-03-28T20:02:18Z" finished-at="2018-03-28T20:02:18Z">
          <reporter-output>
          </reporter-output>
        </test-method> <!-- beforeMethod -->
        <test-method status="SKIP" signature="CRe4_274()[pri:0, instance:executions.Cmpletdmtng_inMS_TS_99@71f2a7d5]" name="CRe4_274" duration-ms="1" started-at="2018-03-28T20:02:18Z" finished-at="2018-03-28T20:02:18Z">
          <reporter-output>
          </reporter-output>
        </test-method> <!-- CRe4_274 -->
        <test-method status="SKIP" signature="tearDown()[pri:0, instance:executions.Cmpletdmtng_inMS_TS_99@71f2a7d5]" name="tearDown" is-config="true" duration-ms="0" started-at="2018-03-28T20:02:18Z" finished-at="2018-03-28T20:02:18Z">
          <reporter-output>
          </reporter-output>
        </test-method> <!-- tearDown -->
        <test-method status="SKIP" signature="beforeMethod()[pri:0, instance:executions.Cmpletdmtng_inMS_TS_99@71f2a7d5]" name="beforeMethod" is-config="true" duration-ms="0" started-at="2018-03-28T20:02:18Z" finished-at="2018-03-28T20:02:18Z">
          <reporter-output>
          </reporter-output>
        </test-method> <!-- beforeMethod -->
        <test-method status="SKIP" signature="tearDown()[pri:0, instance:executions.Cmpletdmtng_inMS_TS_99@71f2a7d5]" name="tearDown" is-config="true" duration-ms="0" started-at="2018-03-28T20:02:18Z" finished-at="2018-03-28T20:02:18Z">
          <reporter-output>
          </reporter-output>
        </test-method> <!-- tearDown -->
        <test-method status="SKIP" signature="beforeMethod()[pri:0, instance:executions.Cmpletdmtng_inMS_TS_99@71f2a7d5]" name="beforeMethod" is-config="true" duration-ms="0" started-at="2018-03-28T20:02:18Z" finished-at="2018-03-28T20:02:18Z">
          <reporter-output>
          </reporter-output>
        </test-method> <!-- beforeMethod -->
        <test-method status="SKIP" signature="CRe4_276()[pri:0, instance:executions.Cmpletdmtng_inMS_TS_99@71f2a7d5]" name="CRe4_276" duration-ms="0" started-at="2018-03-28T20:02:18Z" finished-at="2018-03-28T20:02:18Z">
          <reporter-output>
          </reporter-output>
        </test-method> <!-- CRe4_276 -->
        <test-method status="SKIP" signature="tearDown()[pri:0, instance:executions.Cmpletdmtng_inMS_TS_99@71f2a7d5]" name="tearDown" is-config="true" duration-ms="0" started-at="2018-03-28T20:02:18Z" finished-at="2018-03-28T20:02:18Z">
          <reporter-output>
          </reporter-output>
        </test-method> <!-- tearDown -->
        <test-method status="SKIP" signature="tearDown()[pri:0, instance:executions.Cmpletdmtng_inMS_TS_99@71f2a7d5]" name="tearDown" is-config="true" duration-ms="0" started-at="2018-03-28T20:02:18Z" finished-at="2018-03-28T20:02:18Z">
          <reporter-output>
          </reporter-output>
        </test-method> <!-- tearDown -->
        <test-method status="SKIP" signature="CRe4_275()[pri:0, instance:executions.Cmpletdmtng_inMS_TS_99@71f2a7d5]" name="CRe4_275" duration-ms="0" started-at="2018-03-28T20:02:18Z" finished-at="2018-03-28T20:02:18Z">
          <reporter-output>
          </reporter-output>
        </test-method> <!-- CRe4_275 -->
        <test-method status="SKIP" signature="beforeMethod()[pri:0, instance:executions.Cmpletdmtng_inMS_TS_99@71f2a7d5]" name="beforeMethod" is-config="true" duration-ms="0" started-at="2018-03-28T20:02:18Z" finished-at="2018-03-28T20:02:18Z">
          <reporter-output>
          </reporter-output>
        </test-method> <!-- beforeMethod -->
        <test-method status="SKIP" signature="tearDown()[pri:0, instance:executions.Cmpletdmtng_inMS_TS_99@71f2a7d5]" name="tearDown" is-config="true" duration-ms="0" started-at="2018-03-28T20:02:18Z" finished-at="2018-03-28T20:02:18Z">
          <reporter-output>
          </reporter-output>
        </test-method> <!-- tearDown -->
        <test-method status="SKIP" signature="CRe4_277()[pri:0, instance:executions.Cmpletdmtng_inMS_TS_99@71f2a7d5]" name="CRe4_277" duration-ms="0" started-at="2018-03-28T20:02:18Z" finished-at="2018-03-28T20:02:18Z">
          <reporter-output>
          </reporter-output>
        </test-method> <!-- CRe4_277 -->
      </class> <!-- executions.Cmpletdmtng_inMS_TS_99 -->
      <class name="executions.Upcmngmtng_in_admin_TS_100">
        <test-method status="FAIL" signature="beforeMethod()[pri:0, instance:executions.Upcmngmtng_in_admin_TS_100@2cfb4a64]" name="beforeMethod" is-config="true" duration-ms="0" started-at="2018-03-28T20:02:18Z" finished-at="2018-03-28T20:02:18Z">
          <exception class="java.lang.NoClassDefFoundError">
            <message>
              <![CDATA[com/global/methods/GlobalMethods]]>
            </message>
            <full-stacktrace>
              <![CDATA[java.lang.NoClassDefFoundError: com/global/methods/GlobalMethods
	at executions.Upcmngmtng_in_admin_TS_100.beforeMethod(Upcmngmtng_in_admin_TS_100.java:26)
	at sun.reflect.NativeMethodAccessorImpl.invoke0(Native Method)
	at sun.reflect.NativeMethodAccessorImpl.invoke(Unknown Source)
	at sun.reflect.DelegatingMethodAccessorImpl.invoke(Unknown Source)
	at java.lang.reflect.Method.invoke(Unknown Source)
	at org.testng.internal.MethodInvocationHelper.invokeMethod(MethodInvocationHelper.java:85)
	at org.testng.internal.Invoker.invokeConfigurationMethod(Invoker.java:510)
	at org.testng.internal.Invoker.invokeConfigurations(Invoker.java:211)
	at org.testng.internal.Invoker.invokeMethod(Invoker.java:585)
	at org.testng.internal.Invoker.invokeTestMethod(Invoker.java:816)
	at org.testng.internal.Invoker.invokeTestMethods(Invoker.java:1124)
	at org.testng.internal.TestMethodWorker.invokeTestMethods(TestMethodWorker.java:125)
	at org.testng.internal.TestMethodWorker.run(TestMethodWorker.java:108)
	at org.testng.TestRunner.privateRun(TestRunner.java:774)
	at org.testng.TestRunner.run(TestRunner.java:624)
	at org.testng.SuiteRunner.runTest(SuiteRunner.java:359)
	at org.testng.SuiteRunner.runSequentially(SuiteRunner.java:354)
	at org.testng.SuiteRunner.privateRun(SuiteRunner.java:312)
	at org.testng.SuiteRunner.run(SuiteRunner.java:261)
	at org.testng.SuiteRunnerWorker.runSuite(SuiteRunnerWorker.java:52)
	at org.testng.SuiteRunnerWorker.run(SuiteRunnerWorker.java:86)
	at org.testng.TestNG.runSuitesSequentially(TestNG.java:1215)
	at org.testng.TestNG.runSuitesLocally(TestNG.java:1140)
	at org.testng.TestNG.run(TestNG.java:1048)
	at org.testng.TestNG.privateMain(TestNG.java:1355)
	at org.testng.TestNG.main(TestNG.java:1324)
Caused by: java.lang.ClassNotFoundException: com.global.methods.GlobalMethods
	at java.net.URLClassLoader.findClass(Unknown Source)
	at java.lang.ClassLoader.loadClass(Unknown Source)
	at sun.misc.Launcher$AppClassLoader.loadClass(Unknown Source)
	at java.lang.ClassLoader.loadClass(Unknown Source)
	... 26 more
]]>
            </full-stacktrace>
          </exception> <!-- java.lang.NoClassDefFoundError -->
          <reporter-output>
          </reporter-output>
        </test-method> <!-- beforeMethod -->
        <test-method status="SKIP" signature="CRe4_283()[pri:0, instance:executions.Upcmngmtng_in_admin_TS_100@2cfb4a64]" name="CRe4_283" duration-ms="0" started-at="2018-03-28T20:02:19Z" finished-at="2018-03-28T20:02:19Z">
          <reporter-output>
          </reporter-output>
        </test-method> <!-- CRe4_283 -->
        <test-method status="SKIP" signature="tearDown()[pri:0, instance:executions.Upcmngmtng_in_admin_TS_100@2cfb4a64]" name="tearDown" is-config="true" duration-ms="0" started-at="2018-03-28T20:02:19Z" finished-at="2018-03-28T20:02:19Z">
          <reporter-output>
          </reporter-output>
        </test-method> <!-- tearDown -->
        <test-method status="SKIP" signature="tearDown()[pri:0, instance:executions.Upcmngmtng_in_admin_TS_100@2cfb4a64]" name="tearDown" is-config="true" duration-ms="0" started-at="2018-03-28T20:02:19Z" finished-at="2018-03-28T20:02:19Z">
          <reporter-output>
          </reporter-output>
        </test-method> <!-- tearDown -->
        <test-method status="SKIP" signature="tearDown()[pri:0, instance:executions.Upcmngmtng_in_admin_TS_100@2cfb4a64]" name="tearDown" is-config="true" duration-ms="0" started-at="2018-03-28T20:02:19Z" finished-at="2018-03-28T20:02:19Z">
          <reporter-output>
          </reporter-output>
        </test-method> <!-- tearDown -->
        <test-method status="SKIP" signature="CRe4_285()[pri:0, instance:executions.Upcmngmtng_in_admin_TS_100@2cfb4a64]" name="CRe4_285" duration-ms="0" started-at="2018-03-28T20:02:19Z" finished-at="2018-03-28T20:02:19Z">
          <reporter-output>
          </reporter-output>
        </test-method> <!-- CRe4_285 -->
        <test-method status="SKIP" signature="beforeMethod()[pri:0, instance:executions.Upcmngmtng_in_admin_TS_100@2cfb4a64]" name="beforeMethod" is-config="true" duration-ms="0" started-at="2018-03-28T20:02:19Z" finished-at="2018-03-28T20:02:19Z">
          <reporter-output>
          </reporter-output>
        </test-method> <!-- beforeMethod -->
        <test-method status="SKIP" signature="CRe4_279_280_281()[pri:0, instance:executions.Upcmngmtng_in_admin_TS_100@2cfb4a64]" name="CRe4_279_280_281" duration-ms="0" started-at="2018-03-28T20:02:19Z" finished-at="2018-03-28T20:02:19Z">
          <reporter-output>
          </reporter-output>
        </test-method> <!-- CRe4_279_280_281 -->
        <test-method status="SKIP" signature="beforeMethod()[pri:0, instance:executions.Upcmngmtng_in_admin_TS_100@2cfb4a64]" name="beforeMethod" is-config="true" duration-ms="0" started-at="2018-03-28T20:02:19Z" finished-at="2018-03-28T20:02:19Z">
          <reporter-output>
          </reporter-output>
        </test-method> <!-- beforeMethod -->
        <test-method status="SKIP" signature="tearDown()[pri:0, instance:executions.Upcmngmtng_in_admin_TS_100@2cfb4a64]" name="tearDown" is-config="true" duration-ms="0" started-at="2018-03-28T20:02:19Z" finished-at="2018-03-28T20:02:19Z">
          <reporter-output>
          </reporter-output>
        </test-method> <!-- tearDown -->
        <test-method status="SKIP" signature="beforeMethod()[pri:0, instance:executions.Upcmngmtng_in_admin_TS_100@2cfb4a64]" name="beforeMethod" is-config="true" duration-ms="0" started-at="2018-03-28T20:02:19Z" finished-at="2018-03-28T20:02:19Z">
          <reporter-output>
          </reporter-output>
        </test-method> <!-- beforeMethod -->
        <test-method status="SKIP" signature="CRe4_284()[pri:0, instance:executions.Upcmngmtng_in_admin_TS_100@2cfb4a64]" name="CRe4_284" duration-ms="0" started-at="2018-03-28T20:02:19Z" finished-at="2018-03-28T20:02:19Z">
          <reporter-output>
          </reporter-output>
        </test-method> <!-- CRe4_284 -->
        <test-method status="SKIP" signature="beforeMethod()[pri:0, instance:executions.Upcmngmtng_in_admin_TS_100@2cfb4a64]" name="beforeMethod" is-config="true" duration-ms="0" started-at="2018-03-28T20:02:19Z" finished-at="2018-03-28T20:02:19Z">
          <reporter-output>
          </reporter-output>
        </test-method> <!-- beforeMethod -->
        <test-method status="SKIP" signature="CRe4_286()[pri:0, instance:executions.Upcmngmtng_in_admin_TS_100@2cfb4a64]" name="CRe4_286" duration-ms="0" started-at="2018-03-28T20:02:19Z" finished-at="2018-03-28T20:02:19Z">
          <reporter-output>
          </reporter-output>
        </test-method> <!-- CRe4_286 -->
        <test-method status="SKIP" signature="CRe4_298_299_300()[pri:0, instance:executions.Upcmngmtng_in_admin_TS_100@2cfb4a64]" name="CRe4_298_299_300" duration-ms="0" started-at="2018-03-28T20:02:19Z" finished-at="2018-03-28T20:02:19Z">
          <reporter-output>
          </reporter-output>
        </test-method> <!-- CRe4_298_299_300 -->
        <test-method status="SKIP" signature="tearDown()[pri:0, instance:executions.Upcmngmtng_in_admin_TS_100@2cfb4a64]" name="tearDown" is-config="true" duration-ms="0" started-at="2018-03-28T20:02:19Z" finished-at="2018-03-28T20:02:19Z">
          <reporter-output>
          </reporter-output>
        </test-method> <!-- tearDown -->
        <test-method status="SKIP" signature="beforeMethod()[pri:0, instance:executions.Upcmngmtng_in_admin_TS_100@2cfb4a64]" name="beforeMethod" is-config="true" duration-ms="0" started-at="2018-03-28T20:02:19Z" finished-at="2018-03-28T20:02:19Z">
          <reporter-output>
          </reporter-output>
        </test-method> <!-- beforeMethod -->
        <test-method status="SKIP" signature="tearDown()[pri:0, instance:executions.Upcmngmtng_in_admin_TS_100@2cfb4a64]" name="tearDown" is-config="true" duration-ms="0" started-at="2018-03-28T20:02:19Z" finished-at="2018-03-28T20:02:19Z">
          <reporter-output>
          </reporter-output>
        </test-method> <!-- tearDown -->
        <test-method status="SKIP" signature="CRe4_296()[pri:0, instance:executions.Upcmngmtng_in_admin_TS_100@2cfb4a64]" name="CRe4_296" duration-ms="0" started-at="2018-03-28T20:02:19Z" finished-at="2018-03-28T20:02:19Z">
          <reporter-output>
          </reporter-output>
        </test-method> <!-- CRe4_296 -->
        <test-method status="SKIP" signature="tearDown()[pri:0, instance:executions.Upcmngmtng_in_admin_TS_100@2cfb4a64]" name="tearDown" is-config="true" duration-ms="0" started-at="2018-03-28T20:02:19Z" finished-at="2018-03-28T20:02:19Z">
          <reporter-output>
          </reporter-output>
        </test-method> <!-- tearDown -->
        <test-method status="SKIP" signature="CRe4_293_294_295()[pri:0, instance:executions.Upcmngmtng_in_admin_TS_100@2cfb4a64]" name="CRe4_293_294_295" duration-ms="0" started-at="2018-03-28T20:02:19Z" finished-at="2018-03-28T20:02:19Z">
          <reporter-output>
          </reporter-output>
        </test-method> <!-- CRe4_293_294_295 -->
        <test-method status="SKIP" signature="tearDown()[pri:0, instance:executions.Upcmngmtng_in_admin_TS_100@2cfb4a64]" name="tearDown" is-config="true" duration-ms="0" started-at="2018-03-28T20:02:19Z" finished-at="2018-03-28T20:02:19Z">
          <reporter-output>
          </reporter-output>
        </test-method> <!-- tearDown -->
        <test-method status="SKIP" signature="beforeMethod()[pri:0, instance:executions.Upcmngmtng_in_admin_TS_100@2cfb4a64]" name="beforeMethod" is-config="true" duration-ms="0" started-at="2018-03-28T20:02:19Z" finished-at="2018-03-28T20:02:19Z">
          <reporter-output>
          </reporter-output>
        </test-method> <!-- beforeMethod -->
        <test-method status="SKIP" signature="beforeMethod()[pri:0, instance:executions.Upcmngmtng_in_admin_TS_100@2cfb4a64]" name="beforeMethod" is-config="true" duration-ms="0" started-at="2018-03-28T20:02:19Z" finished-at="2018-03-28T20:02:19Z">
          <reporter-output>
          </reporter-output>
        </test-method> <!-- beforeMethod -->
      </class> <!-- executions.Upcmngmtng_in_admin_TS_100 -->
      <class name="executions.Upcmngmtng_in_CP_TS_102">
        <test-method status="FAIL" signature="beforeMethod()[pri:0, instance:executions.Upcmngmtng_in_CP_TS_102@4b6995df]" name="beforeMethod" is-config="true" duration-ms="0" started-at="2018-03-28T20:02:19Z" finished-at="2018-03-28T20:02:19Z">
          <exception class="org.openqa.selenium.WebDriverException">
            <message>
              <![CDATA[Failed to connect to binary FirefoxBinary(C:\Program Files (x86)\Mozilla Firefox\firefox.exe) on port 7055; process output follows: 
\Local\Temp\anonymous7094655675618423412webdriver-profile\extensions\fxdriver@googlecode.com
1522247544909	addons.xpi	DEBUG	Ignoring file entry whose name is not a valid add-on ID: C:\Users\bablu.p\AppData\Local\Temp\anonymous7094655675618423412webdriver-profile\extensions\webdriver-staging
1522247544910	addons.xpi	DEBUG	Existing add-on fxdriver@googlecode.com in app-profile
1522247544911	addons.xpi	INFO	Mapping activity-stream@mozilla.org to C:\Program Files (x86)\Mozilla Firefox\browser\features\activity-stream@mozilla.org.xpi
1522247544911	addons.xpi	INFO	Mapping aushelper@mozilla.org to C:\Program Files (x86)\Mozilla Firefox\browser\features\aushelper@mozilla.org.xpi
1522247544911	addons.xpi	INFO	Mapping clicktoplay-rollout@mozilla.org to C:\Program Files (x86)\Mozilla Firefox\browser\features\clicktoplay-rollout@mozilla.org.xpi
1522247544912	addons.xpi	INFO	Mapping e10srollout@mozilla.org to C:\Program Files (x86)\Mozilla Firefox\browser\features\e10srollout@mozilla.org.xpi
1522247544912	addons.xpi	INFO	Mapping firefox@getpocket.com to C:\Program Files (x86)\Mozilla Firefox\browser\features\firefox@getpocket.com.xpi
1522247544912	addons.xpi	INFO	Mapping followonsearch@mozilla.com to C:\Program Files (x86)\Mozilla Firefox\browser\features\followonsearch@mozilla.com.xpi
1522247544912	addons.xpi	INFO	Mapping formautofill@mozilla.org to C:\Program Files (x86)\Mozilla Firefox\browser\features\formautofill@mozilla.org.xpi
1522247544912	addons.xpi	INFO	Mapping onboarding@mozilla.org to C:\Program Files (x86)\Mozilla Firefox\browser\features\onboarding@mozilla.org.xpi
1522247544912	addons.xpi	INFO	Mapping screenshots@mozilla.org to C:\Program Files (x86)\Mozilla Firefox\browser\features\screenshots@mozilla.org.xpi
1522247544912	addons.xpi	INFO	Mapping shield-recipe-client@mozilla.org to C:\Program Files (x86)\Mozilla Firefox\browser\features\shield-recipe-client@mozilla.org.xpi
1522247544912	addons.xpi	INFO	Mapping webcompat@mozilla.org to C:\Program Files (x86)\Mozilla Firefox\browser\features\webcompat@mozilla.org.xpi
1522247544913	addons.xpi	DEBUG	Existing add-on activity-stream@mozilla.org in app-system-defaults
1522247544913	addons.xpi	DEBUG	Existing add-on aushelper@mozilla.org in app-system-defaults
1522247544914	addons.xpi	DEBUG	Existing add-on clicktoplay-rollout@mozilla.org in app-system-defaults
1522247544914	addons.xpi	DEBUG	Existing add-on e10srollout@mozilla.org in app-system-defaults
1522247544914	addons.xpi	DEBUG	Existing add-on firefox@getpocket.com in app-system-defaults
1522247544914	addons.xpi	DEBUG	Existing add-on followonsearch@mozilla.com in app-system-defaults
1522247544914	addons.xpi	DEBUG	Existing add-on formautofill@mozilla.org in app-system-defaults
1522247544915	addons.xpi	DEBUG	Existing add-on onboarding@mozilla.org in app-system-defaults
1522247544915	addons.xpi	DEBUG	Existing add-on screenshots@mozilla.org in app-system-defaults
1522247544915	addons.xpi	DEBUG	Existing add-on shield-recipe-client@mozilla.org in app-system-defaults
1522247544915	addons.xpi	DEBUG	Existing add-on webcompat@mozilla.org in app-system-defaults
1522247544916	addons.xpi	INFO	Mapping {972ce4c6-7e08-4474-a285-3208198ce6fd} to C:\Program Files (x86)\Mozilla Firefox\browser\extensions\{972ce4c6-7e08-4474-a285-3208198ce6fd}.xpi
1522247544916	addons.xpi	DEBUG	Existing add-on {972ce4c6-7e08-4474-a285-3208198ce6fd} in app-global
1522247544916	addons.xpi	DEBUG	getInstallState changed: false, state: {}
1522247545664	addons.productaddons	INFO	Completed downloading document
1522247546714	addons.productaddons	INFO	downloadXHR File download. status=200
1522247546718	addons.productaddons	INFO	Downloaded file will be saved to C:\Users\bablu.p\AppData\Local\Temp\tmpaddon-7aff38
1522247547519	DeferredSave.webext.sc.lz4	DEBUG	Starting write
1522247547525	DeferredSave.webext.sc.lz4	DEBUG	Write succeeded
1522247549965	addons.productaddons	INFO	downloadXHR File download. status=200
1522247549973	addons.productaddons	INFO	Downloaded file will be saved to C:\Users\bablu.p\AppData\Local\Temp\tmpaddon-256122

Build info: version: '2.53.1', revision: 'a36b8b1', time: '2016-06-30 17:37:03'
System info: host: 'Bablu-PC', ip: '192.168.56.1', os.name: 'Windows 7', os.arch: 'amd64', os.version: '6.1', java.version: '1.8.0_161'
Driver info: driver.version: FirefoxDriver]]>
            </message>
            <full-stacktrace>
              <![CDATA[org.openqa.selenium.WebDriverException: Failed to connect to binary FirefoxBinary(C:\Program Files (x86)\Mozilla Firefox\firefox.exe) on port 7055; process output follows: 
\Local\Temp\anonymous7094655675618423412webdriver-profile\extensions\fxdriver@googlecode.com
1522247544909	addons.xpi	DEBUG	Ignoring file entry whose name is not a valid add-on ID: C:\Users\bablu.p\AppData\Local\Temp\anonymous7094655675618423412webdriver-profile\extensions\webdriver-staging
1522247544910	addons.xpi	DEBUG	Existing add-on fxdriver@googlecode.com in app-profile
1522247544911	addons.xpi	INFO	Mapping activity-stream@mozilla.org to C:\Program Files (x86)\Mozilla Firefox\browser\features\activity-stream@mozilla.org.xpi
1522247544911	addons.xpi	INFO	Mapping aushelper@mozilla.org to C:\Program Files (x86)\Mozilla Firefox\browser\features\aushelper@mozilla.org.xpi
1522247544911	addons.xpi	INFO	Mapping clicktoplay-rollout@mozilla.org to C:\Program Files (x86)\Mozilla Firefox\browser\features\clicktoplay-rollout@mozilla.org.xpi
1522247544912	addons.xpi	INFO	Mapping e10srollout@mozilla.org to C:\Program Files (x86)\Mozilla Firefox\browser\features\e10srollout@mozilla.org.xpi
1522247544912	addons.xpi	INFO	Mapping firefox@getpocket.com to C:\Program Files (x86)\Mozilla Firefox\browser\features\firefox@getpocket.com.xpi
1522247544912	addons.xpi	INFO	Mapping followonsearch@mozilla.com to C:\Program Files (x86)\Mozilla Firefox\browser\features\followonsearch@mozilla.com.xpi
1522247544912	addons.xpi	INFO	Mapping formautofill@mozilla.org to C:\Program Files (x86)\Mozilla Firefox\browser\features\formautofill@mozilla.org.xpi
1522247544912	addons.xpi	INFO	Mapping onboarding@mozilla.org to C:\Program Files (x86)\Mozilla Firefox\browser\features\onboarding@mozilla.org.xpi
1522247544912	addons.xpi	INFO	Mapping screenshots@mozilla.org to C:\Program Files (x86)\Mozilla Firefox\browser\features\screenshots@mozilla.org.xpi
1522247544912	addons.xpi	INFO	Mapping shield-recipe-client@mozilla.org to C:\Program Files (x86)\Mozilla Firefox\browser\features\shield-recipe-client@mozilla.org.xpi
1522247544912	addons.xpi	INFO	Mapping webcompat@mozilla.org to C:\Program Files (x86)\Mozilla Firefox\browser\features\webcompat@mozilla.org.xpi
1522247544913	addons.xpi	DEBUG	Existing add-on activity-stream@mozilla.org in app-system-defaults
1522247544913	addons.xpi	DEBUG	Existing add-on aushelper@mozilla.org in app-system-defaults
1522247544914	addons.xpi	DEBUG	Existing add-on clicktoplay-rollout@mozilla.org in app-system-defaults
1522247544914	addons.xpi	DEBUG	Existing add-on e10srollout@mozilla.org in app-system-defaults
1522247544914	addons.xpi	DEBUG	Existing add-on firefox@getpocket.com in app-system-defaults
1522247544914	addons.xpi	DEBUG	Existing add-on followonsearch@mozilla.com in app-system-defaults
1522247544914	addons.xpi	DEBUG	Existing add-on formautofill@mozilla.org in app-system-defaults
1522247544915	addons.xpi	DEBUG	Existing add-on onboarding@mozilla.org in app-system-defaults
1522247544915	addons.xpi	DEBUG	Existing add-on screenshots@mozilla.org in app-system-defaults
1522247544915	addons.xpi	DEBUG	Existing add-on shield-recipe-client@mozilla.org in app-system-defaults
1522247544915	addons.xpi	DEBUG	Existing add-on webcompat@mozilla.org in app-system-defaults
1522247544916	addons.xpi	INFO	Mapping {972ce4c6-7e08-4474-a285-3208198ce6fd} to C:\Program Files (x86)\Mozilla Firefox\browser\extensions\{972ce4c6-7e08-4474-a285-3208198ce6fd}.xpi
1522247544916	addons.xpi	DEBUG	Existing add-on {972ce4c6-7e08-4474-a285-3208198ce6fd} in app-global
1522247544916	addons.xpi	DEBUG	getInstallState changed: false, state: {}
1522247545664	addons.productaddons	INFO	Completed downloading document
1522247546714	addons.productaddons	INFO	downloadXHR File download. status=200
1522247546718	addons.productaddons	INFO	Downloaded file will be saved to C:\Users\bablu.p\AppData\Local\Temp\tmpaddon-7aff38
1522247547519	DeferredSave.webext.sc.lz4	DEBUG	Starting write
1522247547525	DeferredSave.webext.sc.lz4	DEBUG	Write succeeded
1522247549965	addons.productaddons	INFO	downloadXHR File download. status=200
1522247549973	addons.productaddons	INFO	Downloaded file will be saved to C:\Users\bablu.p\AppData\Local\Temp\tmpaddon-256122

Build info: version: '2.53.1', revision: 'a36b8b1', time: '2016-06-30 17:37:03'
System info: host: 'Bablu-PC', ip: '192.168.56.1', os.name: 'Windows 7', os.arch: 'amd64', os.version: '6.1', java.version: '1.8.0_161'
Driver info: driver.version: FirefoxDriver
	at org.openqa.selenium.firefox.internal.NewProfileExtensionConnection.start(NewProfileExtensionConnection.java:124)
	at org.openqa.selenium.firefox.FirefoxDriver.startClient(FirefoxDriver.java:271)
	at org.openqa.selenium.remote.RemoteWebDriver.<init>(RemoteWebDriver.java:119)
	at org.openqa.selenium.firefox.FirefoxDriver.<init>(FirefoxDriver.java:218)
	at org.openqa.selenium.firefox.FirefoxDriver.<init>(FirefoxDriver.java:211)
	at org.openqa.selenium.firefox.FirefoxDriver.<init>(FirefoxDriver.java:207)
	at org.openqa.selenium.firefox.FirefoxDriver.<init>(FirefoxDriver.java:120)
	at GlobalMethod.GlobalMethods.LaunchBrowser(GlobalMethods.java:102)
	at executions.Upcmngmtng_in_CP_TS_102.beforeMethod(Upcmngmtng_in_CP_TS_102.java:24)
	at sun.reflect.NativeMethodAccessorImpl.invoke0(Native Method)
	at sun.reflect.NativeMethodAccessorImpl.invoke(Unknown Source)
	at sun.reflect.DelegatingMethodAccessorImpl.invoke(Unknown Source)
	at java.lang.reflect.Method.invoke(Unknown Source)
	at org.testng.internal.MethodInvocationHelper.invokeMethod(MethodInvocationHelper.java:85)
	at org.testng.internal.Invoker.invokeConfigurationMethod(Invoker.java:510)
	at org.testng.internal.Invoker.invokeConfigurations(Invoker.java:211)
	at org.testng.internal.Invoker.invokeMethod(Invoker.java:585)
	at org.testng.internal.Invoker.invokeTestMethod(Invoker.java:816)
	at org.testng.internal.Invoker.invokeTestMethods(Invoker.java:1124)
	at org.testng.internal.TestMethodWorker.invokeTestMethods(TestMethodWorker.java:125)
	at org.testng.internal.TestMethodWorker.run(TestMethodWorker.java:108)
	at org.testng.TestRunner.privateRun(TestRunner.java:774)
	at org.testng.TestRunner.run(TestRunner.java:624)
	at org.testng.SuiteRunner.runTest(SuiteRunner.java:359)
	at org.testng.SuiteRunner.runSequentially(SuiteRunner.java:354)
	at org.testng.SuiteRunner.privateRun(SuiteRunner.java:312)
	at org.testng.SuiteRunner.run(SuiteRunner.java:261)
	at org.testng.SuiteRunnerWorker.runSuite(SuiteRunnerWorker.java:52)
	at org.testng.SuiteRunnerWorker.run(SuiteRunnerWorker.java:86)
	at org.testng.TestNG.runSuitesSequentially(TestNG.java:1215)
	at org.testng.TestNG.runSuitesLocally(TestNG.java:1140)
	at org.testng.TestNG.run(TestNG.java:1048)
	at org.testng.TestNG.privateMain(TestNG.java:1355)
	at org.testng.TestNG.main(TestNG.java:1324)
Caused by: org.openqa.selenium.firefox.NotConnectedException: Unable to connect to host 127.0.0.1 on port 7055 after 45000 ms. Firefox console output:
\Local\Temp\anonymous7094655675618423412webdriver-profile\extensions\fxdriver@googlecode.com
1522247544909	addons.xpi	DEBUG	Ignoring file entry whose name is not a valid add-on ID: C:\Users\bablu.p\AppData\Local\Temp\anonymous7094655675618423412webdriver-profile\extensions\webdriver-staging
1522247544910	addons.xpi	DEBUG	Existing add-on fxdriver@googlecode.com in app-profile
1522247544911	addons.xpi	INFO	Mapping activity-stream@mozilla.org to C:\Program Files (x86)\Mozilla Firefox\browser\features\activity-stream@mozilla.org.xpi
1522247544911	addons.xpi	INFO	Mapping aushelper@mozilla.org to C:\Program Files (x86)\Mozilla Firefox\browser\features\aushelper@mozilla.org.xpi
1522247544911	addons.xpi	INFO	Mapping clicktoplay-rollout@mozilla.org to C:\Program Files (x86)\Mozilla Firefox\browser\features\clicktoplay-rollout@mozilla.org.xpi
1522247544912	addons.xpi	INFO	Mapping e10srollout@mozilla.org to C:\Program Files (x86)\Mozilla Firefox\browser\features\e10srollout@mozilla.org.xpi
1522247544912	addons.xpi	INFO	Mapping firefox@getpocket.com to C:\Program Files (x86)\Mozilla Firefox\browser\features\firefox@getpocket.com.xpi
1522247544912	addons.xpi	INFO	Mapping followonsearch@mozilla.com to C:\Program Files (x86)\Mozilla Firefox\browser\features\followonsearch@mozilla.com.xpi
1522247544912	addons.xpi	INFO	Mapping formautofill@mozilla.org to C:\Program Files (x86)\Mozilla Firefox\browser\features\formautofill@mozilla.org.xpi
1522247544912	addons.xpi	INFO	Mapping onboarding@mozilla.org to C:\Program Files (x86)\Mozilla Firefox\browser\features\onboarding@mozilla.org.xpi
1522247544912	addons.xpi	INFO	Mapping screenshots@mozilla.org to C:\Program Files (x86)\Mozilla Firefox\browser\features\screenshots@mozilla.org.xpi
1522247544912	addons.xpi	INFO	Mapping shield-recipe-client@mozilla.org to C:\Program Files (x86)\Mozilla Firefox\browser\features\shield-recipe-client@mozilla.org.xpi
1522247544912	addons.xpi	INFO	Mapping webcompat@mozilla.org to C:\Program Files (x86)\Mozilla Firefox\browser\features\webcompat@mozilla.org.xpi
1522247544913	addons.xpi	DEBUG	Existing add-on activity-stream@mozilla.org in app-system-defaults
1522247544913	addons.xpi	DEBUG	Existing add-on aushelper@mozilla.org in app-system-defaults
1522247544914	addons.xpi	DEBUG	Existing add-on clicktoplay-rollout@mozilla.org in app-system-defaults
1522247544914	addons.xpi	DEBUG	Existing add-on e10srollout@mozilla.org in app-system-defaults
1522247544914	addons.xpi	DEBUG	Existing add-on firefox@getpocket.com in app-system-defaults
1522247544914	addons.xpi	DEBUG	Existing add-on followonsearch@mozilla.com in app-system-defaults
1522247544914	addons.xpi	DEBUG	Existing add-on formautofill@mozilla.org in app-system-defaults
1522247544915	addons.xpi	DEBUG	Existing add-on onboarding@mozilla.org in app-system-defaults
1522247544915	addons.xpi	DEBUG	Existing add-on screenshots@mozilla.org in app-system-defaults
1522247544915	addons.xpi	DEBUG	Existing add-on shield-recipe-client@mozilla.org in app-system-defaults
1522247544915	addons.xpi	DEBUG	Existing add-on webcompat@mozilla.org in app-system-defaults
1522247544916	addons.xpi	INFO	Mapping {972ce4c6-7e08-4474-a285-3208198ce6fd} to C:\Program Files (x86)\Mozilla Firefox\browser\extensions\{972ce4c6-7e08-4474-a285-3208198ce6fd}.xpi
1522247544916	addons.xpi	DEBUG	Existing add-on {972ce4c6-7e08-4474-a285-3208198ce6fd} in app-global
1522247544916	addons.xpi	DEBUG	getInstallState changed: false, state: {}
1522247545664	addons.productaddons	INFO	Completed downloading document
1522247546714	addons.productaddons	INFO	downloadXHR File download. status=200
1522247546718	addons.productaddons	INFO	Downloaded file will be saved to C:\Users\bablu.p\AppData\Local\Temp\tmpaddon-7aff38
1522247547519	DeferredSave.webext.sc.lz4	DEBUG	Starting write
1522247547525	DeferredSave.webext.sc.lz4	DEBUG	Write succeeded
1522247549965	addons.productaddons	INFO	downloadXHR File download. status=200
1522247549973	addons.productaddons	INFO	Downloaded file will be saved to C:\Users\bablu.p\AppData\Local\Temp\tmpaddon-256122

	at org.openqa.selenium.firefox.internal.NewProfileExtensionConnection.start(NewProfileExtensionConnection.java:112)
	... 33 more
]]>
            </full-stacktrace>
          </exception> <!-- org.openqa.selenium.WebDriverException -->
          <reporter-output>
          </reporter-output>
        </test-method> <!-- beforeMethod -->
        <test-method status="SKIP" signature="tearDown()[pri:0, instance:executions.Upcmngmtng_in_CP_TS_102@4b6995df]" name="tearDown" is-config="true" duration-ms="0" started-at="2018-03-28T20:03:05Z" finished-at="2018-03-28T20:03:05Z">
          <reporter-output>
          </reporter-output>
        </test-method> <!-- tearDown -->
        <test-method status="SKIP" signature="CRe4_317_318_319()[pri:0, instance:executions.Upcmngmtng_in_CP_TS_102@4b6995df]" name="CRe4_317_318_319" duration-ms="0" started-at="2018-03-28T20:03:05Z" finished-at="2018-03-28T20:03:05Z">
          <reporter-output>
          </reporter-output>
        </test-method> <!-- CRe4_317_318_319 -->
        <test-method status="SKIP" signature="tearDown()[pri:0, instance:executions.Upcmngmtng_in_CP_TS_102@4b6995df]" name="tearDown" is-config="true" duration-ms="0" started-at="2018-03-28T20:03:05Z" finished-at="2018-03-28T20:03:05Z">
          <reporter-output>
          </reporter-output>
        </test-method> <!-- tearDown -->
        <test-method status="SKIP" signature="CRe4_324()[pri:0, instance:executions.Upcmngmtng_in_CP_TS_102@4b6995df]" name="CRe4_324" duration-ms="0" started-at="2018-03-28T20:03:05Z" finished-at="2018-03-28T20:03:05Z">
          <reporter-output>
          </reporter-output>
        </test-method> <!-- CRe4_324 -->
        <test-method status="SKIP" signature="CRe4_322()[pri:0, instance:executions.Upcmngmtng_in_CP_TS_102@4b6995df]" name="CRe4_322" duration-ms="0" started-at="2018-03-28T20:03:05Z" finished-at="2018-03-28T20:03:05Z">
          <reporter-output>
          </reporter-output>
        </test-method> <!-- CRe4_322 -->
        <test-method status="SKIP" signature="tearDown()[pri:0, instance:executions.Upcmngmtng_in_CP_TS_102@4b6995df]" name="tearDown" is-config="true" duration-ms="0" started-at="2018-03-28T20:03:05Z" finished-at="2018-03-28T20:03:05Z">
          <reporter-output>
          </reporter-output>
        </test-method> <!-- tearDown -->
        <test-method status="SKIP" signature="tearDown()[pri:0, instance:executions.Upcmngmtng_in_CP_TS_102@4b6995df]" name="tearDown" is-config="true" duration-ms="0" started-at="2018-03-28T20:03:05Z" finished-at="2018-03-28T20:03:05Z">
          <reporter-output>
          </reporter-output>
        </test-method> <!-- tearDown -->
        <test-method status="SKIP" signature="CRe4_320()[pri:0, instance:executions.Upcmngmtng_in_CP_TS_102@4b6995df]" name="CRe4_320" duration-ms="0" started-at="2018-03-28T20:03:05Z" finished-at="2018-03-28T20:03:05Z">
          <reporter-output>
          </reporter-output>
        </test-method> <!-- CRe4_320 -->
        <test-method status="SKIP" signature="beforeMethod()[pri:0, instance:executions.Upcmngmtng_in_CP_TS_102@4b6995df]" name="beforeMethod" is-config="true" duration-ms="0" started-at="2018-03-28T20:03:05Z" finished-at="2018-03-28T20:03:05Z">
          <reporter-output>
          </reporter-output>
        </test-method> <!-- beforeMethod -->
        <test-method status="SKIP" signature="tearDown()[pri:0, instance:executions.Upcmngmtng_in_CP_TS_102@4b6995df]" name="tearDown" is-config="true" duration-ms="0" started-at="2018-03-28T20:03:05Z" finished-at="2018-03-28T20:03:05Z">
          <reporter-output>
          </reporter-output>
        </test-method> <!-- tearDown -->
        <test-method status="SKIP" signature="beforeMethod()[pri:0, instance:executions.Upcmngmtng_in_CP_TS_102@4b6995df]" name="beforeMethod" is-config="true" duration-ms="0" started-at="2018-03-28T20:03:05Z" finished-at="2018-03-28T20:03:05Z">
          <reporter-output>
          </reporter-output>
        </test-method> <!-- beforeMethod -->
        <test-method status="SKIP" signature="tearDown()[pri:0, instance:executions.Upcmngmtng_in_CP_TS_102@4b6995df]" name="tearDown" is-config="true" duration-ms="0" started-at="2018-03-28T20:03:05Z" finished-at="2018-03-28T20:03:05Z">
          <reporter-output>
          </reporter-output>
        </test-method> <!-- tearDown -->
        <test-method status="SKIP" signature="beforeMethod()[pri:0, instance:executions.Upcmngmtng_in_CP_TS_102@4b6995df]" name="beforeMethod" is-config="true" duration-ms="0" started-at="2018-03-28T20:03:05Z" finished-at="2018-03-28T20:03:05Z">
          <reporter-output>
          </reporter-output>
        </test-method> <!-- beforeMethod -->
        <test-method status="SKIP" signature="beforeMethod()[pri:0, instance:executions.Upcmngmtng_in_CP_TS_102@4b6995df]" name="beforeMethod" is-config="true" duration-ms="0" started-at="2018-03-28T20:03:05Z" finished-at="2018-03-28T20:03:05Z">
          <reporter-output>
          </reporter-output>
        </test-method> <!-- beforeMethod -->
        <test-method status="SKIP" signature="CRe4_323()[pri:0, instance:executions.Upcmngmtng_in_CP_TS_102@4b6995df]" name="CRe4_323" duration-ms="0" started-at="2018-03-28T20:03:05Z" finished-at="2018-03-28T20:03:05Z">
          <reporter-output>
          </reporter-output>
        </test-method> <!-- CRe4_323 -->
        <test-method status="SKIP" signature="beforeMethod()[pri:0, instance:executions.Upcmngmtng_in_CP_TS_102@4b6995df]" name="beforeMethod" is-config="true" duration-ms="0" started-at="2018-03-28T20:03:05Z" finished-at="2018-03-28T20:03:05Z">
          <reporter-output>
          </reporter-output>
        </test-method> <!-- beforeMethod -->
        <test-method status="SKIP" signature="CRe4_321()[pri:0, instance:executions.Upcmngmtng_in_CP_TS_102@4b6995df]" name="CRe4_321" duration-ms="0" started-at="2018-03-28T20:03:05Z" finished-at="2018-03-28T20:03:05Z">
          <reporter-output>
          </reporter-output>
        </test-method> <!-- CRe4_321 -->
        <test-method status="SKIP" signature="beforeMethod()[pri:0, instance:executions.Upcmngmtng_in_CP_TS_102@4b6995df]" name="beforeMethod" is-config="true" duration-ms="0" started-at="2018-03-28T20:03:05Z" finished-at="2018-03-28T20:03:05Z">
          <reporter-output>
          </reporter-output>
        </test-method> <!-- beforeMethod -->
        <test-method status="SKIP" signature="tearDown()[pri:0, instance:executions.Upcmngmtng_in_CP_TS_102@4b6995df]" name="tearDown" is-config="true" duration-ms="0" started-at="2018-03-28T20:03:05Z" finished-at="2018-03-28T20:03:05Z">
          <reporter-output>
          </reporter-output>
        </test-method> <!-- tearDown -->
        <test-method status="SKIP" signature="beforeMethod()[pri:0, instance:executions.Upcmngmtng_in_CP_TS_102@4b6995df]" name="beforeMethod" is-config="true" duration-ms="0" started-at="2018-03-28T20:03:05Z" finished-at="2018-03-28T20:03:05Z">
          <reporter-output>
          </reporter-output>
        </test-method> <!-- beforeMethod -->
        <test-method status="SKIP" signature="tearDown()[pri:0, instance:executions.Upcmngmtng_in_CP_TS_102@4b6995df]" name="tearDown" is-config="true" duration-ms="0" started-at="2018-03-28T20:03:05Z" finished-at="2018-03-28T20:03:05Z">
          <reporter-output>
          </reporter-output>
        </test-method> <!-- tearDown -->
        <test-method status="SKIP" signature="CRe4_337_338()[pri:0, instance:executions.Upcmngmtng_in_CP_TS_102@4b6995df]" name="CRe4_337_338" duration-ms="0" started-at="2018-03-28T20:03:05Z" finished-at="2018-03-28T20:03:05Z">
          <reporter-output>
          </reporter-output>
        </test-method> <!-- CRe4_337_338 -->
        <test-method status="SKIP" signature="CRe4_333_334()[pri:0, instance:executions.Upcmngmtng_in_CP_TS_102@4b6995df]" name="CRe4_333_334" duration-ms="0" started-at="2018-03-28T20:03:05Z" finished-at="2018-03-28T20:03:05Z">
          <reporter-output>
          </reporter-output>
        </test-method> <!-- CRe4_333_334 -->
      </class> <!-- executions.Upcmngmtng_in_CP_TS_102 -->
      <class name="executions.Cmpltdmtng_inCP_TS_103">
        <test-method status="FAIL" signature="beforeMethod()[pri:0, instance:executions.Cmpltdmtng_inCP_TS_103@2fc14f68]" name="beforeMethod" is-config="true" duration-ms="0" started-at="2018-03-28T20:03:05Z" finished-at="2018-03-28T20:03:05Z">
          <exception class="org.openqa.selenium.WebDriverException">
            <message>
              <![CDATA[Failed to connect to binary FirefoxBinary(C:\Program Files (x86)\Mozilla Firefox\firefox.exe) on port 7055; process output follows: 
ocal\Temp\anonymous6093327646964733846webdriver-profile\extensions\webdriver-staging
1522247589680	addons.xpi	DEBUG	Existing add-on fxdriver@googlecode.com in app-profile
1522247589680	addons.xpi	INFO	Mapping activity-stream@mozilla.org to C:\Program Files (x86)\Mozilla Firefox\browser\features\activity-stream@mozilla.org.xpi
1522247589680	addons.xpi	INFO	Mapping aushelper@mozilla.org to C:\Program Files (x86)\Mozilla Firefox\browser\features\aushelper@mozilla.org.xpi
1522247589681	addons.xpi	INFO	Mapping clicktoplay-rollout@mozilla.org to C:\Program Files (x86)\Mozilla Firefox\browser\features\clicktoplay-rollout@mozilla.org.xpi
1522247589681	addons.xpi	INFO	Mapping e10srollout@mozilla.org to C:\Program Files (x86)\Mozilla Firefox\browser\features\e10srollout@mozilla.org.xpi
1522247589681	addons.xpi	INFO	Mapping firefox@getpocket.com to C:\Program Files (x86)\Mozilla Firefox\browser\features\firefox@getpocket.com.xpi
1522247589681	addons.xpi	INFO	Mapping followonsearch@mozilla.com to C:\Program Files (x86)\Mozilla Firefox\browser\features\followonsearch@mozilla.com.xpi
1522247589681	addons.xpi	INFO	Mapping formautofill@mozilla.org to C:\Program Files (x86)\Mozilla Firefox\browser\features\formautofill@mozilla.org.xpi
1522247589681	addons.xpi	INFO	Mapping onboarding@mozilla.org to C:\Program Files (x86)\Mozilla Firefox\browser\features\onboarding@mozilla.org.xpi
1522247589681	addons.xpi	INFO	Mapping screenshots@mozilla.org to C:\Program Files (x86)\Mozilla Firefox\browser\features\screenshots@mozilla.org.xpi
1522247589682	addons.xpi	INFO	Mapping shield-recipe-client@mozilla.org to C:\Program Files (x86)\Mozilla Firefox\browser\features\shield-recipe-client@mozilla.org.xpi
1522247589682	addons.xpi	INFO	Mapping webcompat@mozilla.org to C:\Program Files (x86)\Mozilla Firefox\browser\features\webcompat@mozilla.org.xpi
1522247589682	addons.xpi	DEBUG	Existing add-on activity-stream@mozilla.org in app-system-defaults
1522247589682	addons.xpi	DEBUG	Existing add-on aushelper@mozilla.org in app-system-defaults
1522247589683	addons.xpi	DEBUG	Existing add-on clicktoplay-rollout@mozilla.org in app-system-defaults
1522247589683	addons.xpi	DEBUG	Existing add-on e10srollout@mozilla.org in app-system-defaults
1522247589683	addons.xpi	DEBUG	Existing add-on firefox@getpocket.com in app-system-defaults
1522247589684	addons.xpi	DEBUG	Existing add-on followonsearch@mozilla.com in app-system-defaults
1522247589684	addons.xpi	DEBUG	Existing add-on formautofill@mozilla.org in app-system-defaults
1522247589684	addons.xpi	DEBUG	Existing add-on onboarding@mozilla.org in app-system-defaults
1522247589684	addons.xpi	DEBUG	Existing add-on screenshots@mozilla.org in app-system-defaults
1522247589685	addons.xpi	DEBUG	Existing add-on shield-recipe-client@mozilla.org in app-system-defaults
1522247589686	addons.xpi	DEBUG	Existing add-on webcompat@mozilla.org in app-system-defaults
1522247589686	addons.xpi	INFO	Mapping {972ce4c6-7e08-4474-a285-3208198ce6fd} to C:\Program Files (x86)\Mozilla Firefox\browser\extensions\{972ce4c6-7e08-4474-a285-3208198ce6fd}.xpi
1522247589687	addons.xpi	DEBUG	Existing add-on {972ce4c6-7e08-4474-a285-3208198ce6fd} in app-global
1522247589687	addons.xpi	DEBUG	getInstallState changed: false, state: {}
1522247589703	addons.productaddons	INFO	sending request to: https://aus5.mozilla.org/update/3/GMP/56.0/20170926190823/WINNT_x86-msvc-x64/en-US/release/Windows_NT%206.1.1.0%20(x64)/default/default/update.xml
1522247591299	addons.productaddons	INFO	Completed downloading document
1522247592594	addons.productaddons	INFO	downloadXHR File download. status=200
1522247592598	addons.productaddons	INFO	Downloaded file will be saved to C:\Users\bablu.p\AppData\Local\Temp\tmpaddon-e94b88
1522247592639	DeferredSave.webext.sc.lz4	DEBUG	Starting write
1522247592644	DeferredSave.webext.sc.lz4	DEBUG	Write succeeded
1522247597791	addons.productaddons	INFO	downloadXHR File download. status=200
1522247597795	addons.productaddons	INFO	Downloaded file will be saved to C:\Users\bablu.p\AppData\Local\Temp\tmpaddon-13a922

Build info: version: '2.53.1', revision: 'a36b8b1', time: '2016-06-30 17:37:03'
System info: host: 'Bablu-PC', ip: '192.168.56.1', os.name: 'Windows 7', os.arch: 'amd64', os.version: '6.1', java.version: '1.8.0_161'
Driver info: driver.version: FirefoxDriver]]>
            </message>
            <full-stacktrace>
              <![CDATA[org.openqa.selenium.WebDriverException: Failed to connect to binary FirefoxBinary(C:\Program Files (x86)\Mozilla Firefox\firefox.exe) on port 7055; process output follows: 
ocal\Temp\anonymous6093327646964733846webdriver-profile\extensions\webdriver-staging
1522247589680	addons.xpi	DEBUG	Existing add-on fxdriver@googlecode.com in app-profile
1522247589680	addons.xpi	INFO	Mapping activity-stream@mozilla.org to C:\Program Files (x86)\Mozilla Firefox\browser\features\activity-stream@mozilla.org.xpi
1522247589680	addons.xpi	INFO	Mapping aushelper@mozilla.org to C:\Program Files (x86)\Mozilla Firefox\browser\features\aushelper@mozilla.org.xpi
1522247589681	addons.xpi	INFO	Mapping clicktoplay-rollout@mozilla.org to C:\Program Files (x86)\Mozilla Firefox\browser\features\clicktoplay-rollout@mozilla.org.xpi
1522247589681	addons.xpi	INFO	Mapping e10srollout@mozilla.org to C:\Program Files (x86)\Mozilla Firefox\browser\features\e10srollout@mozilla.org.xpi
1522247589681	addons.xpi	INFO	Mapping firefox@getpocket.com to C:\Program Files (x86)\Mozilla Firefox\browser\features\firefox@getpocket.com.xpi
1522247589681	addons.xpi	INFO	Mapping followonsearch@mozilla.com to C:\Program Files (x86)\Mozilla Firefox\browser\features\followonsearch@mozilla.com.xpi
1522247589681	addons.xpi	INFO	Mapping formautofill@mozilla.org to C:\Program Files (x86)\Mozilla Firefox\browser\features\formautofill@mozilla.org.xpi
1522247589681	addons.xpi	INFO	Mapping onboarding@mozilla.org to C:\Program Files (x86)\Mozilla Firefox\browser\features\onboarding@mozilla.org.xpi
1522247589681	addons.xpi	INFO	Mapping screenshots@mozilla.org to C:\Program Files (x86)\Mozilla Firefox\browser\features\screenshots@mozilla.org.xpi
1522247589682	addons.xpi	INFO	Mapping shield-recipe-client@mozilla.org to C:\Program Files (x86)\Mozilla Firefox\browser\features\shield-recipe-client@mozilla.org.xpi
1522247589682	addons.xpi	INFO	Mapping webcompat@mozilla.org to C:\Program Files (x86)\Mozilla Firefox\browser\features\webcompat@mozilla.org.xpi
1522247589682	addons.xpi	DEBUG	Existing add-on activity-stream@mozilla.org in app-system-defaults
1522247589682	addons.xpi	DEBUG	Existing add-on aushelper@mozilla.org in app-system-defaults
1522247589683	addons.xpi	DEBUG	Existing add-on clicktoplay-rollout@mozilla.org in app-system-defaults
1522247589683	addons.xpi	DEBUG	Existing add-on e10srollout@mozilla.org in app-system-defaults
1522247589683	addons.xpi	DEBUG	Existing add-on firefox@getpocket.com in app-system-defaults
1522247589684	addons.xpi	DEBUG	Existing add-on followonsearch@mozilla.com in app-system-defaults
1522247589684	addons.xpi	DEBUG	Existing add-on formautofill@mozilla.org in app-system-defaults
1522247589684	addons.xpi	DEBUG	Existing add-on onboarding@mozilla.org in app-system-defaults
1522247589684	addons.xpi	DEBUG	Existing add-on screenshots@mozilla.org in app-system-defaults
1522247589685	addons.xpi	DEBUG	Existing add-on shield-recipe-client@mozilla.org in app-system-defaults
1522247589686	addons.xpi	DEBUG	Existing add-on webcompat@mozilla.org in app-system-defaults
1522247589686	addons.xpi	INFO	Mapping {972ce4c6-7e08-4474-a285-3208198ce6fd} to C:\Program Files (x86)\Mozilla Firefox\browser\extensions\{972ce4c6-7e08-4474-a285-3208198ce6fd}.xpi
1522247589687	addons.xpi	DEBUG	Existing add-on {972ce4c6-7e08-4474-a285-3208198ce6fd} in app-global
1522247589687	addons.xpi	DEBUG	getInstallState changed: false, state: {}
1522247589703	addons.productaddons	INFO	sending request to: https://aus5.mozilla.org/update/3/GMP/56.0/20170926190823/WINNT_x86-msvc-x64/en-US/release/Windows_NT%206.1.1.0%20(x64)/default/default/update.xml
1522247591299	addons.productaddons	INFO	Completed downloading document
1522247592594	addons.productaddons	INFO	downloadXHR File download. status=200
1522247592598	addons.productaddons	INFO	Downloaded file will be saved to C:\Users\bablu.p\AppData\Local\Temp\tmpaddon-e94b88
1522247592639	DeferredSave.webext.sc.lz4	DEBUG	Starting write
1522247592644	DeferredSave.webext.sc.lz4	DEBUG	Write succeeded
1522247597791	addons.productaddons	INFO	downloadXHR File download. status=200
1522247597795	addons.productaddons	INFO	Downloaded file will be saved to C:\Users\bablu.p\AppData\Local\Temp\tmpaddon-13a922

Build info: version: '2.53.1', revision: 'a36b8b1', time: '2016-06-30 17:37:03'
System info: host: 'Bablu-PC', ip: '192.168.56.1', os.name: 'Windows 7', os.arch: 'amd64', os.version: '6.1', java.version: '1.8.0_161'
Driver info: driver.version: FirefoxDriver
	at org.openqa.selenium.firefox.internal.NewProfileExtensionConnection.start(NewProfileExtensionConnection.java:124)
	at org.openqa.selenium.firefox.FirefoxDriver.startClient(FirefoxDriver.java:271)
	at org.openqa.selenium.remote.RemoteWebDriver.<init>(RemoteWebDriver.java:119)
	at org.openqa.selenium.firefox.FirefoxDriver.<init>(FirefoxDriver.java:218)
	at org.openqa.selenium.firefox.FirefoxDriver.<init>(FirefoxDriver.java:211)
	at org.openqa.selenium.firefox.FirefoxDriver.<init>(FirefoxDriver.java:207)
	at org.openqa.selenium.firefox.FirefoxDriver.<init>(FirefoxDriver.java:120)
	at GlobalMethod.GlobalMethods.LaunchBrowser(GlobalMethods.java:102)
	at executions.Cmpltdmtng_inCP_TS_103.beforeMethod(Cmpltdmtng_inCP_TS_103.java:25)
	at sun.reflect.NativeMethodAccessorImpl.invoke0(Native Method)
	at sun.reflect.NativeMethodAccessorImpl.invoke(Unknown Source)
	at sun.reflect.DelegatingMethodAccessorImpl.invoke(Unknown Source)
	at java.lang.reflect.Method.invoke(Unknown Source)
	at org.testng.internal.MethodInvocationHelper.invokeMethod(MethodInvocationHelper.java:85)
	at org.testng.internal.Invoker.invokeConfigurationMethod(Invoker.java:510)
	at org.testng.internal.Invoker.invokeConfigurations(Invoker.java:211)
	at org.testng.internal.Invoker.invokeMethod(Invoker.java:585)
	at org.testng.internal.Invoker.invokeTestMethod(Invoker.java:816)
	at org.testng.internal.Invoker.invokeTestMethods(Invoker.java:1124)
	at org.testng.internal.TestMethodWorker.invokeTestMethods(TestMethodWorker.java:125)
	at org.testng.internal.TestMethodWorker.run(TestMethodWorker.java:108)
	at org.testng.TestRunner.privateRun(TestRunner.java:774)
	at org.testng.TestRunner.run(TestRunner.java:624)
	at org.testng.SuiteRunner.runTest(SuiteRunner.java:359)
	at org.testng.SuiteRunner.runSequentially(SuiteRunner.java:354)
	at org.testng.SuiteRunner.privateRun(SuiteRunner.java:312)
	at org.testng.SuiteRunner.run(SuiteRunner.java:261)
	at org.testng.SuiteRunnerWorker.runSuite(SuiteRunnerWorker.java:52)
	at org.testng.SuiteRunnerWorker.run(SuiteRunnerWorker.java:86)
	at org.testng.TestNG.runSuitesSequentially(TestNG.java:1215)
	at org.testng.TestNG.runSuitesLocally(TestNG.java:1140)
	at org.testng.TestNG.run(TestNG.java:1048)
	at org.testng.TestNG.privateMain(TestNG.java:1355)
	at org.testng.TestNG.main(TestNG.java:1324)
Caused by: org.openqa.selenium.firefox.NotConnectedException: Unable to connect to host 127.0.0.1 on port 7055 after 45000 ms. Firefox console output:
ocal\Temp\anonymous6093327646964733846webdriver-profile\extensions\webdriver-staging
1522247589680	addons.xpi	DEBUG	Existing add-on fxdriver@googlecode.com in app-profile
1522247589680	addons.xpi	INFO	Mapping activity-stream@mozilla.org to C:\Program Files (x86)\Mozilla Firefox\browser\features\activity-stream@mozilla.org.xpi
1522247589680	addons.xpi	INFO	Mapping aushelper@mozilla.org to C:\Program Files (x86)\Mozilla Firefox\browser\features\aushelper@mozilla.org.xpi
1522247589681	addons.xpi	INFO	Mapping clicktoplay-rollout@mozilla.org to C:\Program Files (x86)\Mozilla Firefox\browser\features\clicktoplay-rollout@mozilla.org.xpi
1522247589681	addons.xpi	INFO	Mapping e10srollout@mozilla.org to C:\Program Files (x86)\Mozilla Firefox\browser\features\e10srollout@mozilla.org.xpi
1522247589681	addons.xpi	INFO	Mapping firefox@getpocket.com to C:\Program Files (x86)\Mozilla Firefox\browser\features\firefox@getpocket.com.xpi
1522247589681	addons.xpi	INFO	Mapping followonsearch@mozilla.com to C:\Program Files (x86)\Mozilla Firefox\browser\features\followonsearch@mozilla.com.xpi
1522247589681	addons.xpi	INFO	Mapping formautofill@mozilla.org to C:\Program Files (x86)\Mozilla Firefox\browser\features\formautofill@mozilla.org.xpi
1522247589681	addons.xpi	INFO	Mapping onboarding@mozilla.org to C:\Program Files (x86)\Mozilla Firefox\browser\features\onboarding@mozilla.org.xpi
1522247589681	addons.xpi	INFO	Mapping screenshots@mozilla.org to C:\Program Files (x86)\Mozilla Firefox\browser\features\screenshots@mozilla.org.xpi
1522247589682	addons.xpi	INFO	Mapping shield-recipe-client@mozilla.org to C:\Program Files (x86)\Mozilla Firefox\browser\features\shield-recipe-client@mozilla.org.xpi
1522247589682	addons.xpi	INFO	Mapping webcompat@mozilla.org to C:\Program Files (x86)\Mozilla Firefox\browser\features\webcompat@mozilla.org.xpi
1522247589682	addons.xpi	DEBUG	Existing add-on activity-stream@mozilla.org in app-system-defaults
1522247589682	addons.xpi	DEBUG	Existing add-on aushelper@mozilla.org in app-system-defaults
1522247589683	addons.xpi	DEBUG	Existing add-on clicktoplay-rollout@mozilla.org in app-system-defaults
1522247589683	addons.xpi	DEBUG	Existing add-on e10srollout@mozilla.org in app-system-defaults
1522247589683	addons.xpi	DEBUG	Existing add-on firefox@getpocket.com in app-system-defaults
1522247589684	addons.xpi	DEBUG	Existing add-on followonsearch@mozilla.com in app-system-defaults
1522247589684	addons.xpi	DEBUG	Existing add-on formautofill@mozilla.org in app-system-defaults
1522247589684	addons.xpi	DEBUG	Existing add-on onboarding@mozilla.org in app-system-defaults
1522247589684	addons.xpi	DEBUG	Existing add-on screenshots@mozilla.org in app-system-defaults
1522247589685	addons.xpi	DEBUG	Existing add-on shield-recipe-client@mozilla.org in app-system-defaults
1522247589686	addons.xpi	DEBUG	Existing add-on webcompat@mozilla.org in app-system-defaults
1522247589686	addons.xpi	INFO	Mapping {972ce4c6-7e08-4474-a285-3208198ce6fd} to C:\Program Files (x86)\Mozilla Firefox\browser\extensions\{972ce4c6-7e08-4474-a285-3208198ce6fd}.xpi
1522247589687	addons.xpi	DEBUG	Existing add-on {972ce4c6-7e08-4474-a285-3208198ce6fd} in app-global
1522247589687	addons.xpi	DEBUG	getInstallState changed: false, state: {}
1522247589703	addons.productaddons	INFO	sending request to: https://aus5.mozilla.org/update/3/GMP/56.0/20170926190823/WINNT_x86-msvc-x64/en-US/release/Windows_NT%206.1.1.0%20(x64)/default/default/update.xml
1522247591299	addons.productaddons	INFO	Completed downloading document
1522247592594	addons.productaddons	INFO	downloadXHR File download. status=200
1522247592598	addons.productaddons	INFO	Downloaded file will be saved to C:\Users\bablu.p\AppData\Local\Temp\tmpaddon-e94b88
1522247592639	DeferredSave.webext.sc.lz4	DEBUG	Starting write
1522247592644	DeferredSave.webext.sc.lz4	DEBUG	Write succeeded
1522247597791	addons.productaddons	INFO	downloadXHR File download. status=200
1522247597795	addons.productaddons	INFO	Downloaded file will be saved to C:\Users\bablu.p\AppData\Local\Temp\tmpaddon-13a922

	at org.openqa.selenium.firefox.internal.NewProfileExtensionConnection.start(NewProfileExtensionConnection.java:112)
	... 33 more
]]>
            </full-stacktrace>
          </exception> <!-- org.openqa.selenium.WebDriverException -->
          <reporter-output>
          </reporter-output>
        </test-method> <!-- beforeMethod -->
        <test-method status="SKIP" signature="CRe4_340()[pri:0, instance:executions.Cmpltdmtng_inCP_TS_103@2fc14f68]" name="CRe4_340" duration-ms="1" started-at="2018-03-28T20:03:50Z" finished-at="2018-03-28T20:03:50Z">
          <reporter-output>
          </reporter-output>
        </test-method> <!-- CRe4_340 -->
        <test-method status="SKIP" signature="CRe4_343()[pri:0, instance:executions.Cmpltdmtng_inCP_TS_103@2fc14f68]" name="CRe4_343" duration-ms="0" started-at="2018-03-28T20:03:50Z" finished-at="2018-03-28T20:03:50Z">
          <reporter-output>
          </reporter-output>
        </test-method> <!-- CRe4_343 -->
        <test-method status="SKIP" signature="CRe4_345()[pri:0, instance:executions.Cmpltdmtng_inCP_TS_103@2fc14f68]" name="CRe4_345" duration-ms="0" started-at="2018-03-28T20:03:50Z" finished-at="2018-03-28T20:03:50Z">
          <reporter-output>
          </reporter-output>
        </test-method> <!-- CRe4_345 -->
        <test-method status="SKIP" signature="CRe4_342()[pri:0, instance:executions.Cmpltdmtng_inCP_TS_103@2fc14f68]" name="CRe4_342" duration-ms="0" started-at="2018-03-28T20:03:50Z" finished-at="2018-03-28T20:03:50Z">
          <reporter-output>
          </reporter-output>
        </test-method> <!-- CRe4_342 -->
        <test-method status="SKIP" signature="beforeMethod()[pri:0, instance:executions.Cmpltdmtng_inCP_TS_103@2fc14f68]" name="beforeMethod" is-config="true" duration-ms="0" started-at="2018-03-28T20:03:50Z" finished-at="2018-03-28T20:03:50Z">
          <reporter-output>
          </reporter-output>
        </test-method> <!-- beforeMethod -->
        <test-method status="SKIP" signature="tearDown()[pri:0, instance:executions.Cmpltdmtng_inCP_TS_103@2fc14f68]" name="tearDown" is-config="true" duration-ms="0" started-at="2018-03-28T20:03:50Z" finished-at="2018-03-28T20:03:50Z">
          <reporter-output>
          </reporter-output>
        </test-method> <!-- tearDown -->
        <test-method status="SKIP" signature="tearDown()[pri:0, instance:executions.Cmpltdmtng_inCP_TS_103@2fc14f68]" name="tearDown" is-config="true" duration-ms="0" started-at="2018-03-28T20:03:50Z" finished-at="2018-03-28T20:03:50Z">
          <reporter-output>
          </reporter-output>
        </test-method> <!-- tearDown -->
        <test-method status="SKIP" signature="beforeMethod()[pri:0, instance:executions.Cmpltdmtng_inCP_TS_103@2fc14f68]" name="beforeMethod" is-config="true" duration-ms="0" started-at="2018-03-28T20:03:50Z" finished-at="2018-03-28T20:03:50Z">
          <reporter-output>
          </reporter-output>
        </test-method> <!-- beforeMethod -->
        <test-method status="SKIP" signature="beforeMethod()[pri:0, instance:executions.Cmpltdmtng_inCP_TS_103@2fc14f68]" name="beforeMethod" is-config="true" duration-ms="0" started-at="2018-03-28T20:03:50Z" finished-at="2018-03-28T20:03:50Z">
          <reporter-output>
          </reporter-output>
        </test-method> <!-- beforeMethod -->
        <test-method status="SKIP" signature="CRe4_344()[pri:0, instance:executions.Cmpltdmtng_inCP_TS_103@2fc14f68]" name="CRe4_344" duration-ms="0" started-at="2018-03-28T20:03:50Z" finished-at="2018-03-28T20:03:50Z">
          <reporter-output>
          </reporter-output>
        </test-method> <!-- CRe4_344 -->
        <test-method status="SKIP" signature="beforeMethod()[pri:0, instance:executions.Cmpltdmtng_inCP_TS_103@2fc14f68]" name="beforeMethod" is-config="true" duration-ms="0" started-at="2018-03-28T20:03:50Z" finished-at="2018-03-28T20:03:50Z">
          <reporter-output>
          </reporter-output>
        </test-method> <!-- beforeMethod -->
        <test-method status="SKIP" signature="tearDown()[pri:0, instance:executions.Cmpltdmtng_inCP_TS_103@2fc14f68]" name="tearDown" is-config="true" duration-ms="0" started-at="2018-03-28T20:03:50Z" finished-at="2018-03-28T20:03:50Z">
          <reporter-output>
          </reporter-output>
        </test-method> <!-- tearDown -->
        <test-method status="SKIP" signature="tearDown()[pri:0, instance:executions.Cmpltdmtng_inCP_TS_103@2fc14f68]" name="tearDown" is-config="true" duration-ms="0" started-at="2018-03-28T20:03:50Z" finished-at="2018-03-28T20:03:50Z">
          <reporter-output>
          </reporter-output>
        </test-method> <!-- tearDown -->
        <test-method status="SKIP" signature="tearDown()[pri:0, instance:executions.Cmpltdmtng_inCP_TS_103@2fc14f68]" name="tearDown" is-config="true" duration-ms="0" started-at="2018-03-28T20:03:50Z" finished-at="2018-03-28T20:03:50Z">
          <reporter-output>
          </reporter-output>
        </test-method> <!-- tearDown -->
        <test-method status="SKIP" signature="beforeMethod()[pri:0, instance:executions.Cmpltdmtng_inCP_TS_103@2fc14f68]" name="beforeMethod" is-config="true" duration-ms="0" started-at="2018-03-28T20:03:50Z" finished-at="2018-03-28T20:03:50Z">
          <reporter-output>
          </reporter-output>
        </test-method> <!-- beforeMethod -->
        <test-method status="SKIP" signature="beforeMethod()[pri:0, instance:executions.Cmpltdmtng_inCP_TS_103@2fc14f68]" name="beforeMethod" is-config="true" duration-ms="0" started-at="2018-03-28T20:03:50Z" finished-at="2018-03-28T20:03:50Z">
          <reporter-output>
          </reporter-output>
        </test-method> <!-- beforeMethod -->
        <test-method status="SKIP" signature="tearDown()[pri:0, instance:executions.Cmpltdmtng_inCP_TS_103@2fc14f68]" name="tearDown" is-config="true" duration-ms="0" started-at="2018-03-28T20:03:50Z" finished-at="2018-03-28T20:03:50Z">
          <reporter-output>
          </reporter-output>
        </test-method> <!-- tearDown -->
        <test-method status="SKIP" signature="CRe4_349_350()[pri:0, instance:executions.Cmpltdmtng_inCP_TS_103@2fc14f68]" name="CRe4_349_350" duration-ms="0" started-at="2018-03-28T20:03:50Z" finished-at="2018-03-28T20:03:50Z">
          <reporter-output>
          </reporter-output>
        </test-method> <!-- CRe4_349_350 -->
        <test-method status="SKIP" signature="beforeMethod()[pri:0, instance:executions.Cmpltdmtng_inCP_TS_103@2fc14f68]" name="beforeMethod" is-config="true" duration-ms="0" started-at="2018-03-28T20:03:50Z" finished-at="2018-03-28T20:03:50Z">
          <reporter-output>
          </reporter-output>
        </test-method> <!-- beforeMethod -->
        <test-method status="SKIP" signature="beforeMethod()[pri:0, instance:executions.Cmpltdmtng_inCP_TS_103@2fc14f68]" name="beforeMethod" is-config="true" duration-ms="0" started-at="2018-03-28T20:03:50Z" finished-at="2018-03-28T20:03:50Z">
          <reporter-output>
          </reporter-output>
        </test-method> <!-- beforeMethod -->
        <test-method status="SKIP" signature="CRe4_346()[pri:0, instance:executions.Cmpltdmtng_inCP_TS_103@2fc14f68]" name="CRe4_346" duration-ms="0" started-at="2018-03-28T20:03:50Z" finished-at="2018-03-28T20:03:50Z">
          <reporter-output>
          </reporter-output>
        </test-method> <!-- CRe4_346 -->
        <test-method status="SKIP" signature="tearDown()[pri:0, instance:executions.Cmpltdmtng_inCP_TS_103@2fc14f68]" name="tearDown" is-config="true" duration-ms="0" started-at="2018-03-28T20:03:50Z" finished-at="2018-03-28T20:03:50Z">
          <reporter-output>
          </reporter-output>
        </test-method> <!-- tearDown -->
        <test-method status="SKIP" signature="CRe4_347()[pri:0, instance:executions.Cmpltdmtng_inCP_TS_103@2fc14f68]" name="CRe4_347" duration-ms="0" started-at="2018-03-28T20:03:50Z" finished-at="2018-03-28T20:03:50Z">
          <reporter-output>
          </reporter-output>
        </test-method> <!-- CRe4_347 -->
        <test-method status="SKIP" signature="tearDown()[pri:0, instance:executions.Cmpltdmtng_inCP_TS_103@2fc14f68]" name="tearDown" is-config="true" duration-ms="0" started-at="2018-03-28T20:03:50Z" finished-at="2018-03-28T20:03:50Z">
          <reporter-output>
          </reporter-output>
        </test-method> <!-- tearDown -->
        <test-method status="SKIP" signature="tearDown()[pri:0, instance:executions.Cmpltdmtng_inCP_TS_103@2fc14f68]" name="tearDown" is-config="true" duration-ms="0" started-at="2018-03-28T20:03:50Z" finished-at="2018-03-28T20:03:50Z">
          <reporter-output>
          </reporter-output>
        </test-method> <!-- tearDown -->
        <test-method status="SKIP" signature="CRe4_353_354()[pri:0, instance:executions.Cmpltdmtng_inCP_TS_103@2fc14f68]" name="CRe4_353_354" duration-ms="0" started-at="2018-03-28T20:03:50Z" finished-at="2018-03-28T20:03:50Z">
          <reporter-output>
          </reporter-output>
        </test-method> <!-- CRe4_353_354 -->
      </class> <!-- executions.Cmpltdmtng_inCP_TS_103 -->
      <class name="executions.Reschedule_mtng_mail_TS_143">
        <test-method status="FAIL" signature="beforeMethod()[pri:0, instance:executions.Reschedule_mtng_mail_TS_143@445b84c0]" name="beforeMethod" is-config="true" duration-ms="0" started-at="2018-03-28T20:06:08Z" finished-at="2018-03-28T20:06:08Z">
          <exception class="org.openqa.selenium.WebDriverException">
            <message>
              <![CDATA[Failed to connect to binary FirefoxBinary(C:\Program Files (x86)\Mozilla Firefox\firefox.exe) on port 7055; process output follows: 
ocal\Temp\anonymous7724058068294233041webdriver-profile\extensions\webdriver-staging
1522247772559	addons.xpi	DEBUG	Existing add-on fxdriver@googlecode.com in app-profile
1522247772560	addons.xpi	INFO	Mapping activity-stream@mozilla.org to C:\Program Files (x86)\Mozilla Firefox\browser\features\activity-stream@mozilla.org.xpi
1522247772560	addons.xpi	INFO	Mapping aushelper@mozilla.org to C:\Program Files (x86)\Mozilla Firefox\browser\features\aushelper@mozilla.org.xpi
1522247772560	addons.xpi	INFO	Mapping clicktoplay-rollout@mozilla.org to C:\Program Files (x86)\Mozilla Firefox\browser\features\clicktoplay-rollout@mozilla.org.xpi
1522247772560	addons.xpi	INFO	Mapping e10srollout@mozilla.org to C:\Program Files (x86)\Mozilla Firefox\browser\features\e10srollout@mozilla.org.xpi
1522247772560	addons.xpi	INFO	Mapping firefox@getpocket.com to C:\Program Files (x86)\Mozilla Firefox\browser\features\firefox@getpocket.com.xpi
1522247772560	addons.xpi	INFO	Mapping followonsearch@mozilla.com to C:\Program Files (x86)\Mozilla Firefox\browser\features\followonsearch@mozilla.com.xpi
1522247772560	addons.xpi	INFO	Mapping formautofill@mozilla.org to C:\Program Files (x86)\Mozilla Firefox\browser\features\formautofill@mozilla.org.xpi
1522247772561	addons.xpi	INFO	Mapping onboarding@mozilla.org to C:\Program Files (x86)\Mozilla Firefox\browser\features\onboarding@mozilla.org.xpi
1522247772561	addons.xpi	INFO	Mapping screenshots@mozilla.org to C:\Program Files (x86)\Mozilla Firefox\browser\features\screenshots@mozilla.org.xpi
1522247772561	addons.xpi	INFO	Mapping shield-recipe-client@mozilla.org to C:\Program Files (x86)\Mozilla Firefox\browser\features\shield-recipe-client@mozilla.org.xpi
1522247772561	addons.xpi	INFO	Mapping webcompat@mozilla.org to C:\Program Files (x86)\Mozilla Firefox\browser\features\webcompat@mozilla.org.xpi
1522247772562	addons.xpi	DEBUG	Existing add-on activity-stream@mozilla.org in app-system-defaults
1522247772562	addons.xpi	DEBUG	Existing add-on aushelper@mozilla.org in app-system-defaults
1522247772562	addons.xpi	DEBUG	Existing add-on clicktoplay-rollout@mozilla.org in app-system-defaults
1522247772563	addons.xpi	DEBUG	Existing add-on e10srollout@mozilla.org in app-system-defaults
1522247772563	addons.xpi	DEBUG	Existing add-on firefox@getpocket.com in app-system-defaults
1522247772563	addons.xpi	DEBUG	Existing add-on followonsearch@mozilla.com in app-system-defaults
1522247772563	addons.xpi	DEBUG	Existing add-on formautofill@mozilla.org in app-system-defaults
1522247772564	addons.xpi	DEBUG	Existing add-on onboarding@mozilla.org in app-system-defaults
1522247772564	addons.xpi	DEBUG	Existing add-on screenshots@mozilla.org in app-system-defaults
1522247772564	addons.xpi	DEBUG	Existing add-on shield-recipe-client@mozilla.org in app-system-defaults
1522247772564	addons.xpi	DEBUG	Existing add-on webcompat@mozilla.org in app-system-defaults
1522247772565	addons.xpi	INFO	Mapping {972ce4c6-7e08-4474-a285-3208198ce6fd} to C:\Program Files (x86)\Mozilla Firefox\browser\extensions\{972ce4c6-7e08-4474-a285-3208198ce6fd}.xpi
1522247772565	addons.xpi	DEBUG	Existing add-on {972ce4c6-7e08-4474-a285-3208198ce6fd} in app-global
1522247772565	addons.xpi	DEBUG	getInstallState changed: false, state: {}
1522247772757	addons.productaddons	INFO	sending request to: https://aus5.mozilla.org/update/3/GMP/56.0/20170926190823/WINNT_x86-msvc-x64/en-US/release/Windows_NT%206.1.1.0%20(x64)/default/default/update.xml
1522247774433	addons.productaddons	INFO	Completed downloading document
1522247775389	DeferredSave.webext.sc.lz4	DEBUG	Starting write
1522247775397	DeferredSave.webext.sc.lz4	DEBUG	Write succeeded
1522247776227	addons.productaddons	INFO	downloadXHR File download. status=200
1522247776231	addons.productaddons	INFO	Downloaded file will be saved to C:\Users\bablu.p\AppData\Local\Temp\tmpaddon-b85183
1522247781512	addons.productaddons	INFO	downloadXHR File download. status=200
1522247781517	addons.productaddons	INFO	Downloaded file will be saved to C:\Users\bablu.p\AppData\Local\Temp\tmpaddon-6c8002

Build info: version: '2.53.1', revision: 'a36b8b1', time: '2016-06-30 17:37:03'
System info: host: 'Bablu-PC', ip: '192.168.56.1', os.name: 'Windows 7', os.arch: 'amd64', os.version: '6.1', java.version: '1.8.0_161'
Driver info: driver.version: FirefoxDriver]]>
            </message>
            <full-stacktrace>
              <![CDATA[org.openqa.selenium.WebDriverException: Failed to connect to binary FirefoxBinary(C:\Program Files (x86)\Mozilla Firefox\firefox.exe) on port 7055; process output follows: 
ocal\Temp\anonymous7724058068294233041webdriver-profile\extensions\webdriver-staging
1522247772559	addons.xpi	DEBUG	Existing add-on fxdriver@googlecode.com in app-profile
1522247772560	addons.xpi	INFO	Mapping activity-stream@mozilla.org to C:\Program Files (x86)\Mozilla Firefox\browser\features\activity-stream@mozilla.org.xpi
1522247772560	addons.xpi	INFO	Mapping aushelper@mozilla.org to C:\Program Files (x86)\Mozilla Firefox\browser\features\aushelper@mozilla.org.xpi
1522247772560	addons.xpi	INFO	Mapping clicktoplay-rollout@mozilla.org to C:\Program Files (x86)\Mozilla Firefox\browser\features\clicktoplay-rollout@mozilla.org.xpi
1522247772560	addons.xpi	INFO	Mapping e10srollout@mozilla.org to C:\Program Files (x86)\Mozilla Firefox\browser\features\e10srollout@mozilla.org.xpi
1522247772560	addons.xpi	INFO	Mapping firefox@getpocket.com to C:\Program Files (x86)\Mozilla Firefox\browser\features\firefox@getpocket.com.xpi
1522247772560	addons.xpi	INFO	Mapping followonsearch@mozilla.com to C:\Program Files (x86)\Mozilla Firefox\browser\features\followonsearch@mozilla.com.xpi
1522247772560	addons.xpi	INFO	Mapping formautofill@mozilla.org to C:\Program Files (x86)\Mozilla Firefox\browser\features\formautofill@mozilla.org.xpi
1522247772561	addons.xpi	INFO	Mapping onboarding@mozilla.org to C:\Program Files (x86)\Mozilla Firefox\browser\features\onboarding@mozilla.org.xpi
1522247772561	addons.xpi	INFO	Mapping screenshots@mozilla.org to C:\Program Files (x86)\Mozilla Firefox\browser\features\screenshots@mozilla.org.xpi
1522247772561	addons.xpi	INFO	Mapping shield-recipe-client@mozilla.org to C:\Program Files (x86)\Mozilla Firefox\browser\features\shield-recipe-client@mozilla.org.xpi
1522247772561	addons.xpi	INFO	Mapping webcompat@mozilla.org to C:\Program Files (x86)\Mozilla Firefox\browser\features\webcompat@mozilla.org.xpi
1522247772562	addons.xpi	DEBUG	Existing add-on activity-stream@mozilla.org in app-system-defaults
1522247772562	addons.xpi	DEBUG	Existing add-on aushelper@mozilla.org in app-system-defaults
1522247772562	addons.xpi	DEBUG	Existing add-on clicktoplay-rollout@mozilla.org in app-system-defaults
1522247772563	addons.xpi	DEBUG	Existing add-on e10srollout@mozilla.org in app-system-defaults
1522247772563	addons.xpi	DEBUG	Existing add-on firefox@getpocket.com in app-system-defaults
1522247772563	addons.xpi	DEBUG	Existing add-on followonsearch@mozilla.com in app-system-defaults
1522247772563	addons.xpi	DEBUG	Existing add-on formautofill@mozilla.org in app-system-defaults
1522247772564	addons.xpi	DEBUG	Existing add-on onboarding@mozilla.org in app-system-defaults
1522247772564	addons.xpi	DEBUG	Existing add-on screenshots@mozilla.org in app-system-defaults
1522247772564	addons.xpi	DEBUG	Existing add-on shield-recipe-client@mozilla.org in app-system-defaults
1522247772564	addons.xpi	DEBUG	Existing add-on webcompat@mozilla.org in app-system-defaults
1522247772565	addons.xpi	INFO	Mapping {972ce4c6-7e08-4474-a285-3208198ce6fd} to C:\Program Files (x86)\Mozilla Firefox\browser\extensions\{972ce4c6-7e08-4474-a285-3208198ce6fd}.xpi
1522247772565	addons.xpi	DEBUG	Existing add-on {972ce4c6-7e08-4474-a285-3208198ce6fd} in app-global
1522247772565	addons.xpi	DEBUG	getInstallState changed: false, state: {}
1522247772757	addons.productaddons	INFO	sending request to: https://aus5.mozilla.org/update/3/GMP/56.0/20170926190823/WINNT_x86-msvc-x64/en-US/release/Windows_NT%206.1.1.0%20(x64)/default/default/update.xml
1522247774433	addons.productaddons	INFO	Completed downloading document
1522247775389	DeferredSave.webext.sc.lz4	DEBUG	Starting write
1522247775397	DeferredSave.webext.sc.lz4	DEBUG	Write succeeded
1522247776227	addons.productaddons	INFO	downloadXHR File download. status=200
1522247776231	addons.productaddons	INFO	Downloaded file will be saved to C:\Users\bablu.p\AppData\Local\Temp\tmpaddon-b85183
1522247781512	addons.productaddons	INFO	downloadXHR File download. status=200
1522247781517	addons.productaddons	INFO	Downloaded file will be saved to C:\Users\bablu.p\AppData\Local\Temp\tmpaddon-6c8002

Build info: version: '2.53.1', revision: 'a36b8b1', time: '2016-06-30 17:37:03'
System info: host: 'Bablu-PC', ip: '192.168.56.1', os.name: 'Windows 7', os.arch: 'amd64', os.version: '6.1', java.version: '1.8.0_161'
Driver info: driver.version: FirefoxDriver
	at org.openqa.selenium.firefox.internal.NewProfileExtensionConnection.start(NewProfileExtensionConnection.java:124)
	at org.openqa.selenium.firefox.FirefoxDriver.startClient(FirefoxDriver.java:271)
	at org.openqa.selenium.remote.RemoteWebDriver.<init>(RemoteWebDriver.java:119)
	at org.openqa.selenium.firefox.FirefoxDriver.<init>(FirefoxDriver.java:218)
	at org.openqa.selenium.firefox.FirefoxDriver.<init>(FirefoxDriver.java:211)
	at org.openqa.selenium.firefox.FirefoxDriver.<init>(FirefoxDriver.java:207)
	at org.openqa.selenium.firefox.FirefoxDriver.<init>(FirefoxDriver.java:120)
	at GlobalMethod.GlobalMethods.LaunchBrowser(GlobalMethods.java:102)
	at executions.Reschedule_mtng_mail_TS_143.beforeMethod(Reschedule_mtng_mail_TS_143.java:24)
	at sun.reflect.NativeMethodAccessorImpl.invoke0(Native Method)
	at sun.reflect.NativeMethodAccessorImpl.invoke(Unknown Source)
	at sun.reflect.DelegatingMethodAccessorImpl.invoke(Unknown Source)
	at java.lang.reflect.Method.invoke(Unknown Source)
	at org.testng.internal.MethodInvocationHelper.invokeMethod(MethodInvocationHelper.java:85)
	at org.testng.internal.Invoker.invokeConfigurationMethod(Invoker.java:510)
	at org.testng.internal.Invoker.invokeConfigurations(Invoker.java:211)
	at org.testng.internal.Invoker.invokeMethod(Invoker.java:585)
	at org.testng.internal.Invoker.invokeTestMethod(Invoker.java:816)
	at org.testng.internal.Invoker.invokeTestMethods(Invoker.java:1124)
	at org.testng.internal.TestMethodWorker.invokeTestMethods(TestMethodWorker.java:125)
	at org.testng.internal.TestMethodWorker.run(TestMethodWorker.java:108)
	at org.testng.TestRunner.privateRun(TestRunner.java:774)
	at org.testng.TestRunner.run(TestRunner.java:624)
	at org.testng.SuiteRunner.runTest(SuiteRunner.java:359)
	at org.testng.SuiteRunner.runSequentially(SuiteRunner.java:354)
	at org.testng.SuiteRunner.privateRun(SuiteRunner.java:312)
	at org.testng.SuiteRunner.run(SuiteRunner.java:261)
	at org.testng.SuiteRunnerWorker.runSuite(SuiteRunnerWorker.java:52)
	at org.testng.SuiteRunnerWorker.run(SuiteRunnerWorker.java:86)
	at org.testng.TestNG.runSuitesSequentially(TestNG.java:1215)
	at org.testng.TestNG.runSuitesLocally(TestNG.java:1140)
	at org.testng.TestNG.run(TestNG.java:1048)
	at org.testng.TestNG.privateMain(TestNG.java:1355)
	at org.testng.TestNG.main(TestNG.java:1324)
Caused by: org.openqa.selenium.firefox.NotConnectedException: Unable to connect to host 127.0.0.1 on port 7055 after 45000 ms. Firefox console output:
ocal\Temp\anonymous7724058068294233041webdriver-profile\extensions\webdriver-staging
1522247772559	addons.xpi	DEBUG	Existing add-on fxdriver@googlecode.com in app-profile
1522247772560	addons.xpi	INFO	Mapping activity-stream@mozilla.org to C:\Program Files (x86)\Mozilla Firefox\browser\features\activity-stream@mozilla.org.xpi
1522247772560	addons.xpi	INFO	Mapping aushelper@mozilla.org to C:\Program Files (x86)\Mozilla Firefox\browser\features\aushelper@mozilla.org.xpi
1522247772560	addons.xpi	INFO	Mapping clicktoplay-rollout@mozilla.org to C:\Program Files (x86)\Mozilla Firefox\browser\features\clicktoplay-rollout@mozilla.org.xpi
1522247772560	addons.xpi	INFO	Mapping e10srollout@mozilla.org to C:\Program Files (x86)\Mozilla Firefox\browser\features\e10srollout@mozilla.org.xpi
1522247772560	addons.xpi	INFO	Mapping firefox@getpocket.com to C:\Program Files (x86)\Mozilla Firefox\browser\features\firefox@getpocket.com.xpi
1522247772560	addons.xpi	INFO	Mapping followonsearch@mozilla.com to C:\Program Files (x86)\Mozilla Firefox\browser\features\followonsearch@mozilla.com.xpi
1522247772560	addons.xpi	INFO	Mapping formautofill@mozilla.org to C:\Program Files (x86)\Mozilla Firefox\browser\features\formautofill@mozilla.org.xpi
1522247772561	addons.xpi	INFO	Mapping onboarding@mozilla.org to C:\Program Files (x86)\Mozilla Firefox\browser\features\onboarding@mozilla.org.xpi
1522247772561	addons.xpi	INFO	Mapping screenshots@mozilla.org to C:\Program Files (x86)\Mozilla Firefox\browser\features\screenshots@mozilla.org.xpi
1522247772561	addons.xpi	INFO	Mapping shield-recipe-client@mozilla.org to C:\Program Files (x86)\Mozilla Firefox\browser\features\shield-recipe-client@mozilla.org.xpi
1522247772561	addons.xpi	INFO	Mapping webcompat@mozilla.org to C:\Program Files (x86)\Mozilla Firefox\browser\features\webcompat@mozilla.org.xpi
1522247772562	addons.xpi	DEBUG	Existing add-on activity-stream@mozilla.org in app-system-defaults
1522247772562	addons.xpi	DEBUG	Existing add-on aushelper@mozilla.org in app-system-defaults
1522247772562	addons.xpi	DEBUG	Existing add-on clicktoplay-rollout@mozilla.org in app-system-defaults
1522247772563	addons.xpi	DEBUG	Existing add-on e10srollout@mozilla.org in app-system-defaults
1522247772563	addons.xpi	DEBUG	Existing add-on firefox@getpocket.com in app-system-defaults
1522247772563	addons.xpi	DEBUG	Existing add-on followonsearch@mozilla.com in app-system-defaults
1522247772563	addons.xpi	DEBUG	Existing add-on formautofill@mozilla.org in app-system-defaults
1522247772564	addons.xpi	DEBUG	Existing add-on onboarding@mozilla.org in app-system-defaults
1522247772564	addons.xpi	DEBUG	Existing add-on screenshots@mozilla.org in app-system-defaults
1522247772564	addons.xpi	DEBUG	Existing add-on shield-recipe-client@mozilla.org in app-system-defaults
1522247772564	addons.xpi	DEBUG	Existing add-on webcompat@mozilla.org in app-system-defaults
1522247772565	addons.xpi	INFO	Mapping {972ce4c6-7e08-4474-a285-3208198ce6fd} to C:\Program Files (x86)\Mozilla Firefox\browser\extensions\{972ce4c6-7e08-4474-a285-3208198ce6fd}.xpi
1522247772565	addons.xpi	DEBUG	Existing add-on {972ce4c6-7e08-4474-a285-3208198ce6fd} in app-global
1522247772565	addons.xpi	DEBUG	getInstallState changed: false, state: {}
1522247772757	addons.productaddons	INFO	sending request to: https://aus5.mozilla.org/update/3/GMP/56.0/20170926190823/WINNT_x86-msvc-x64/en-US/release/Windows_NT%206.1.1.0%20(x64)/default/default/update.xml
1522247774433	addons.productaddons	INFO	Completed downloading document
1522247775389	DeferredSave.webext.sc.lz4	DEBUG	Starting write
1522247775397	DeferredSave.webext.sc.lz4	DEBUG	Write succeeded
1522247776227	addons.productaddons	INFO	downloadXHR File download. status=200
1522247776231	addons.productaddons	INFO	Downloaded file will be saved to C:\Users\bablu.p\AppData\Local\Temp\tmpaddon-b85183
1522247781512	addons.productaddons	INFO	downloadXHR File download. status=200
1522247781517	addons.productaddons	INFO	Downloaded file will be saved to C:\Users\bablu.p\AppData\Local\Temp\tmpaddon-6c8002

	at org.openqa.selenium.firefox.internal.NewProfileExtensionConnection.start(NewProfileExtensionConnection.java:112)
	... 33 more
]]>
            </full-stacktrace>
          </exception> <!-- org.openqa.selenium.WebDriverException -->
          <reporter-output>
          </reporter-output>
        </test-method> <!-- beforeMethod -->
        <test-method status="SKIP" signature="tearDown()[pri:0, instance:executions.Reschedule_mtng_mail_TS_143@445b84c0]" name="tearDown" is-config="true" duration-ms="0" started-at="2018-03-28T20:06:54Z" finished-at="2018-03-28T20:06:54Z">
          <reporter-output>
          </reporter-output>
        </test-method> <!-- tearDown -->
        <test-method status="SKIP" signature="CRe4_152_153()[pri:0, instance:executions.Reschedule_mtng_mail_TS_143@445b84c0]" name="CRe4_152_153" duration-ms="0" started-at="2018-03-28T20:06:54Z" finished-at="2018-03-28T20:06:54Z">
          <reporter-output>
          </reporter-output>
        </test-method> <!-- CRe4_152_153 -->
      </class> <!-- executions.Reschedule_mtng_mail_TS_143 -->
    </test> <!-- testng3 -->
  </suite> <!-- Suite -->
</testng-results>
